[2021-02-23 15:15:22,437] {taskinstance.py:851} INFO - Dependencies all met for <TaskInstance: example_branch_dop_operator_v3.condition 2021-02-21T02:33:00+00:00 [queued]>
[2021-02-23 15:15:22,653] {taskinstance.py:851} INFO - Dependencies all met for <TaskInstance: example_branch_dop_operator_v3.condition 2021-02-21T02:33:00+00:00 [queued]>
[2021-02-23 15:15:22,655] {taskinstance.py:1042} INFO - 
--------------------------------------------------------------------------------
[2021-02-23 15:15:22,657] {taskinstance.py:1043} INFO - Starting attempt 1 of 1
[2021-02-23 15:15:22,663] {taskinstance.py:1044} INFO - 
--------------------------------------------------------------------------------
[2021-02-23 15:15:22,755] {taskinstance.py:1063} INFO - Executing <Task(BranchPythonOperator): condition> on 2021-02-21T02:33:00+00:00
[2021-02-23 15:15:22,786] {standard_task_runner.py:52} INFO - Started process 2114 to run task
[2021-02-23 15:15:22,892] {standard_task_runner.py:76} INFO - Running: ['airflow', 'tasks', 'run', 'example_branch_dop_operator_v3', 'condition', '2021-02-21T02:33:00+00:00', '--job-id', '1024', '--pool', 'default_pool', '--raw', '--subdir', '/home/airflow/.local/lib/python3.6/site-packages/airflow/example_dags/example_branch_python_dop_operator_3.py', '--cfg-path', '/tmp/tmpcyzrb91g', '--error-file', '/tmp/tmpfh2t44_6']
[2021-02-23 15:15:22,913] {standard_task_runner.py:77} INFO - Job 1024: Subtask condition
[2021-02-23 15:15:23,399] {logging_mixin.py:104} INFO - Running <TaskInstance: example_branch_dop_operator_v3.condition 2021-02-21T02:33:00+00:00 [running]> on host 0513e3a4eab6
[2021-02-23 15:15:23,861] {taskinstance.py:1257} INFO - Exporting the following env vars:
AIRFLOW_CTX_DAG_OWNER=airflow
AIRFLOW_CTX_DAG_ID=example_branch_dop_operator_v3
AIRFLOW_CTX_TASK_ID=condition
AIRFLOW_CTX_EXECUTION_DATE=2021-02-21T02:33:00+00:00
AIRFLOW_CTX_DAG_RUN_ID=scheduled__2021-02-21T02:33:00+00:00
[2021-02-23 15:15:23,878] {logging_mixin.py:104} INFO - ------------- exec dttm = 2021-02-21T02:33:00+00:00 and minute = 33
[2021-02-23 15:15:23,881] {python.py:118} INFO - Done. Returned value was: dummy_task_2
[2021-02-23 15:15:23,883] {skipmixin.py:124} INFO - Following branch dummy_task_2
[2021-02-23 15:15:23,944] {skipmixin.py:155} INFO - Skipping tasks ['dummy_task_1']
[2021-02-23 15:15:24,086] {taskinstance.py:1166} INFO - Marking task as SUCCESS. dag_id=example_branch_dop_operator_v3, task_id=condition, execution_date=20210221T023300, start_date=20210223T151522, end_date=20210223T151524
[2021-02-23 15:15:24,433] {taskinstance.py:1220} INFO - 0 downstream tasks scheduled from follow-on schedule check
[2021-02-23 15:15:24,498] {local_task_job.py:146} INFO - Task exited with return code 0
