[2021-02-23 14:57:14,898] {taskinstance.py:851} INFO - Dependencies all met for <TaskInstance: latest_only_with_trigger.latest_only 2021-02-21T04:00:00+00:00 [queued]>
[2021-02-23 14:57:16,091] {taskinstance.py:851} INFO - Dependencies all met for <TaskInstance: latest_only_with_trigger.latest_only 2021-02-21T04:00:00+00:00 [queued]>
[2021-02-23 14:57:16,095] {taskinstance.py:1042} INFO - 
--------------------------------------------------------------------------------
[2021-02-23 14:57:16,106] {taskinstance.py:1043} INFO - Starting attempt 1 of 1
[2021-02-23 14:57:16,116] {taskinstance.py:1044} INFO - 
--------------------------------------------------------------------------------
[2021-02-23 14:57:16,366] {taskinstance.py:1063} INFO - Executing <Task(LatestOnlyOperator): latest_only> on 2021-02-21T04:00:00+00:00
[2021-02-23 14:57:16,593] {standard_task_runner.py:52} INFO - Started process 111 to run task
[2021-02-23 14:57:17,289] {standard_task_runner.py:76} INFO - Running: ['airflow', 'tasks', 'run', 'latest_only_with_trigger', 'latest_only', '2021-02-21T04:00:00+00:00', '--job-id', '33', '--pool', 'default_pool', '--raw', '--subdir', '/home/airflow/.local/lib/python3.6/site-packages/airflow/example_dags/example_latest_only_with_trigger.py', '--cfg-path', '/tmp/tmpotv5yle1', '--error-file', '/tmp/tmpu9w7etfi']
[2021-02-23 14:57:17,299] {standard_task_runner.py:77} INFO - Job 33: Subtask latest_only
[2021-02-23 14:57:19,421] {logging_mixin.py:104} INFO - Running <TaskInstance: latest_only_with_trigger.latest_only 2021-02-21T04:00:00+00:00 [running]> on host 0513e3a4eab6
[2021-02-23 14:57:20,048] {taskinstance.py:1257} INFO - Exporting the following env vars:
AIRFLOW_CTX_DAG_OWNER=airflow
AIRFLOW_CTX_DAG_ID=latest_only_with_trigger
AIRFLOW_CTX_TASK_ID=latest_only
AIRFLOW_CTX_EXECUTION_DATE=2021-02-21T04:00:00+00:00
AIRFLOW_CTX_DAG_RUN_ID=scheduled__2021-02-21T04:00:00+00:00
[2021-02-23 14:57:20,061] {latest_only.py:57} INFO - Checking latest only with left_window: 2021-02-21T08:00:00+00:00 right_window: 2021-02-21T12:00:00+00:00 now: 2021-02-23T14:57:20.059789+00:00
[2021-02-23 14:57:20,078] {latest_only.py:61} INFO - Not latest execution, skipping downstream.
[2021-02-23 14:57:20,081] {skipmixin.py:124} INFO - Following branch []
[2021-02-23 14:57:20,228] {skipmixin.py:155} INFO - Skipping tasks ['task1']
[2021-02-23 14:57:20,888] {taskinstance.py:1166} INFO - Marking task as SUCCESS. dag_id=latest_only_with_trigger, task_id=latest_only, execution_date=20210221T040000, start_date=20210223T145715, end_date=20210223T145720
[2021-02-23 14:57:22,196] {taskinstance.py:1220} INFO - 0 downstream tasks scheduled from follow-on schedule check
[2021-02-23 14:57:22,500] {local_task_job.py:188} WARNING - State of this instance has been externally set to success. Terminating instance.
[2021-02-23 14:57:22,625] {process_utils.py:100} INFO - Sending Signals.SIGTERM to GPID 111
[2021-02-23 14:57:22,630] {process_utils.py:66} INFO - Process psutil.Process(pid=111, status='terminated', exitcode=0, started='14:57:15') (111) terminated with exit code 0
