[2021-02-23 15:19:41,587] {taskinstance.py:851} INFO - Dependencies all met for <TaskInstance: example_branch_dop_operator_v3.condition 2021-02-21T03:21:00+00:00 [queued]>
[2021-02-23 15:19:41,890] {taskinstance.py:851} INFO - Dependencies all met for <TaskInstance: example_branch_dop_operator_v3.condition 2021-02-21T03:21:00+00:00 [queued]>
[2021-02-23 15:19:41,896] {taskinstance.py:1042} INFO - 
--------------------------------------------------------------------------------
[2021-02-23 15:19:41,897] {taskinstance.py:1043} INFO - Starting attempt 1 of 1
[2021-02-23 15:19:41,899] {taskinstance.py:1044} INFO - 
--------------------------------------------------------------------------------
[2021-02-23 15:19:41,949] {taskinstance.py:1063} INFO - Executing <Task(BranchPythonOperator): condition> on 2021-02-21T03:21:00+00:00
[2021-02-23 15:19:41,961] {standard_task_runner.py:52} INFO - Started process 2676 to run task
[2021-02-23 15:19:41,989] {standard_task_runner.py:76} INFO - Running: ['airflow', 'tasks', 'run', 'example_branch_dop_operator_v3', 'condition', '2021-02-21T03:21:00+00:00', '--job-id', '1306', '--pool', 'default_pool', '--raw', '--subdir', '/home/airflow/.local/lib/python3.6/site-packages/airflow/example_dags/example_branch_python_dop_operator_3.py', '--cfg-path', '/tmp/tmpnl6bh54j', '--error-file', '/tmp/tmp5twbpwm2']
[2021-02-23 15:19:41,993] {standard_task_runner.py:77} INFO - Job 1306: Subtask condition
[2021-02-23 15:19:42,509] {logging_mixin.py:104} INFO - Running <TaskInstance: example_branch_dop_operator_v3.condition 2021-02-21T03:21:00+00:00 [running]> on host 0513e3a4eab6
[2021-02-23 15:19:43,054] {taskinstance.py:1257} INFO - Exporting the following env vars:
AIRFLOW_CTX_DAG_OWNER=airflow
AIRFLOW_CTX_DAG_ID=example_branch_dop_operator_v3
AIRFLOW_CTX_TASK_ID=condition
AIRFLOW_CTX_EXECUTION_DATE=2021-02-21T03:21:00+00:00
AIRFLOW_CTX_DAG_RUN_ID=scheduled__2021-02-21T03:21:00+00:00
[2021-02-23 15:19:43,077] {logging_mixin.py:104} INFO - ------------- exec dttm = 2021-02-21T03:21:00+00:00 and minute = 21
[2021-02-23 15:19:43,079] {python.py:118} INFO - Done. Returned value was: dummy_task_2
[2021-02-23 15:19:43,082] {skipmixin.py:124} INFO - Following branch dummy_task_2
[2021-02-23 15:19:43,116] {skipmixin.py:155} INFO - Skipping tasks ['dummy_task_1']
[2021-02-23 15:19:43,371] {taskinstance.py:1166} INFO - Marking task as SUCCESS. dag_id=example_branch_dop_operator_v3, task_id=condition, execution_date=20210221T032100, start_date=20210223T151941, end_date=20210223T151943
[2021-02-23 15:19:43,578] {taskinstance.py:1220} INFO - 1 downstream tasks scheduled from follow-on schedule check
[2021-02-23 15:19:43,661] {local_task_job.py:146} INFO - Task exited with return code 0
