[2021-02-23 15:39:46,162] {taskinstance.py:851} INFO - Dependencies all met for <TaskInstance: example_branch_dop_operator_v3.condition 2021-02-21T06:49:00+00:00 [queued]>
[2021-02-23 15:39:46,313] {taskinstance.py:851} INFO - Dependencies all met for <TaskInstance: example_branch_dop_operator_v3.condition 2021-02-21T06:49:00+00:00 [queued]>
[2021-02-23 15:39:46,315] {taskinstance.py:1042} INFO - 
--------------------------------------------------------------------------------
[2021-02-23 15:39:46,316] {taskinstance.py:1043} INFO - Starting attempt 1 of 1
[2021-02-23 15:39:46,318] {taskinstance.py:1044} INFO - 
--------------------------------------------------------------------------------
[2021-02-23 15:39:46,353] {taskinstance.py:1063} INFO - Executing <Task(BranchPythonOperator): condition> on 2021-02-21T06:49:00+00:00
[2021-02-23 15:39:46,419] {standard_task_runner.py:76} INFO - Running: ['airflow', 'tasks', 'run', 'example_branch_dop_operator_v3', 'condition', '2021-02-21T06:49:00+00:00', '--job-id', '2513', '--pool', 'default_pool', '--raw', '--subdir', '/home/airflow/.local/lib/python3.6/site-packages/airflow/example_dags/example_branch_python_dop_operator_3.py', '--cfg-path', '/tmp/tmp02aw4cn3', '--error-file', '/tmp/tmpvn0xr255']
[2021-02-23 15:39:46,362] {standard_task_runner.py:52} INFO - Started process 5093 to run task
[2021-02-23 15:39:46,425] {standard_task_runner.py:77} INFO - Job 2513: Subtask condition
[2021-02-23 15:39:46,756] {logging_mixin.py:104} INFO - Running <TaskInstance: example_branch_dop_operator_v3.condition 2021-02-21T06:49:00+00:00 [running]> on host 0513e3a4eab6
[2021-02-23 15:39:47,343] {taskinstance.py:1257} INFO - Exporting the following env vars:
AIRFLOW_CTX_DAG_OWNER=airflow
AIRFLOW_CTX_DAG_ID=example_branch_dop_operator_v3
AIRFLOW_CTX_TASK_ID=condition
AIRFLOW_CTX_EXECUTION_DATE=2021-02-21T06:49:00+00:00
AIRFLOW_CTX_DAG_RUN_ID=scheduled__2021-02-21T06:49:00+00:00
[2021-02-23 15:39:47,346] {logging_mixin.py:104} INFO - ------------- exec dttm = 2021-02-21T06:49:00+00:00 and minute = 49
[2021-02-23 15:39:47,351] {python.py:118} INFO - Done. Returned value was: dummy_task_2
[2021-02-23 15:39:47,357] {skipmixin.py:124} INFO - Following branch dummy_task_2
[2021-02-23 15:39:47,407] {skipmixin.py:155} INFO - Skipping tasks ['dummy_task_1']
[2021-02-23 15:39:47,926] {taskinstance.py:1166} INFO - Marking task as SUCCESS. dag_id=example_branch_dop_operator_v3, task_id=condition, execution_date=20210221T064900, start_date=20210223T153946, end_date=20210223T153947
[2021-02-23 15:39:48,142] {taskinstance.py:1220} INFO - 1 downstream tasks scheduled from follow-on schedule check
[2021-02-23 15:39:48,214] {local_task_job.py:146} INFO - Task exited with return code 0
