[2021-02-23 15:29:28,799] {taskinstance.py:851} INFO - Dependencies all met for <TaskInstance: example_branch_dop_operator_v3.condition 2021-02-21T05:07:00+00:00 [queued]>
[2021-02-23 15:29:28,952] {taskinstance.py:851} INFO - Dependencies all met for <TaskInstance: example_branch_dop_operator_v3.condition 2021-02-21T05:07:00+00:00 [queued]>
[2021-02-23 15:29:28,958] {taskinstance.py:1042} INFO - 
--------------------------------------------------------------------------------
[2021-02-23 15:29:28,967] {taskinstance.py:1043} INFO - Starting attempt 1 of 1
[2021-02-23 15:29:28,972] {taskinstance.py:1044} INFO - 
--------------------------------------------------------------------------------
[2021-02-23 15:29:28,999] {taskinstance.py:1063} INFO - Executing <Task(BranchPythonOperator): condition> on 2021-02-21T05:07:00+00:00
[2021-02-23 15:29:29,065] {standard_task_runner.py:76} INFO - Running: ['airflow', 'tasks', 'run', 'example_branch_dop_operator_v3', 'condition', '2021-02-21T05:07:00+00:00', '--job-id', '1918', '--pool', 'default_pool', '--raw', '--subdir', '/home/airflow/.local/lib/python3.6/site-packages/airflow/example_dags/example_branch_python_dop_operator_3.py', '--cfg-path', '/tmp/tmppy4qfqms', '--error-file', '/tmp/tmphqe4_8hc']
[2021-02-23 15:29:29,015] {standard_task_runner.py:52} INFO - Started process 3902 to run task
[2021-02-23 15:29:29,077] {standard_task_runner.py:77} INFO - Job 1918: Subtask condition
[2021-02-23 15:29:29,666] {logging_mixin.py:104} INFO - Running <TaskInstance: example_branch_dop_operator_v3.condition 2021-02-21T05:07:00+00:00 [running]> on host 0513e3a4eab6
[2021-02-23 15:29:30,259] {taskinstance.py:1257} INFO - Exporting the following env vars:
AIRFLOW_CTX_DAG_OWNER=airflow
AIRFLOW_CTX_DAG_ID=example_branch_dop_operator_v3
AIRFLOW_CTX_TASK_ID=condition
AIRFLOW_CTX_EXECUTION_DATE=2021-02-21T05:07:00+00:00
AIRFLOW_CTX_DAG_RUN_ID=scheduled__2021-02-21T05:07:00+00:00
[2021-02-23 15:29:30,265] {logging_mixin.py:104} INFO - ------------- exec dttm = 2021-02-21T05:07:00+00:00 and minute = 7
[2021-02-23 15:29:30,278] {python.py:118} INFO - Done. Returned value was: dummy_task_2
[2021-02-23 15:29:30,286] {skipmixin.py:124} INFO - Following branch dummy_task_2
[2021-02-23 15:29:30,414] {skipmixin.py:155} INFO - Skipping tasks ['dummy_task_1']
[2021-02-23 15:29:30,922] {taskinstance.py:1166} INFO - Marking task as SUCCESS. dag_id=example_branch_dop_operator_v3, task_id=condition, execution_date=20210221T050700, start_date=20210223T152928, end_date=20210223T152930
[2021-02-23 15:29:33,246] {taskinstance.py:1220} INFO - 0 downstream tasks scheduled from follow-on schedule check
[2021-02-23 15:29:33,544] {local_task_job.py:146} INFO - Task exited with return code 0
