[2021-02-23 15:44:26,032] {taskinstance.py:851} INFO - Dependencies all met for <TaskInstance: example_branch_dop_operator_v3.condition 2021-02-21T07:37:00+00:00 [queued]>
[2021-02-23 15:44:26,179] {taskinstance.py:851} INFO - Dependencies all met for <TaskInstance: example_branch_dop_operator_v3.condition 2021-02-21T07:37:00+00:00 [queued]>
[2021-02-23 15:44:26,185] {taskinstance.py:1042} INFO - 
--------------------------------------------------------------------------------
[2021-02-23 15:44:26,190] {taskinstance.py:1043} INFO - Starting attempt 1 of 1
[2021-02-23 15:44:26,192] {taskinstance.py:1044} INFO - 
--------------------------------------------------------------------------------
[2021-02-23 15:44:26,223] {taskinstance.py:1063} INFO - Executing <Task(BranchPythonOperator): condition> on 2021-02-21T07:37:00+00:00
[2021-02-23 15:44:26,241] {standard_task_runner.py:52} INFO - Started process 5662 to run task
[2021-02-23 15:44:26,274] {standard_task_runner.py:76} INFO - Running: ['airflow', 'tasks', 'run', 'example_branch_dop_operator_v3', 'condition', '2021-02-21T07:37:00+00:00', '--job-id', '2797', '--pool', 'default_pool', '--raw', '--subdir', '/home/airflow/.local/lib/python3.6/site-packages/airflow/example_dags/example_branch_python_dop_operator_3.py', '--cfg-path', '/tmp/tmpb8p4emkk', '--error-file', '/tmp/tmp4bl7yj_q']
[2021-02-23 15:44:26,276] {standard_task_runner.py:77} INFO - Job 2797: Subtask condition
[2021-02-23 15:44:26,441] {logging_mixin.py:104} INFO - Running <TaskInstance: example_branch_dop_operator_v3.condition 2021-02-21T07:37:00+00:00 [running]> on host 0513e3a4eab6
[2021-02-23 15:44:26,565] {taskinstance.py:1257} INFO - Exporting the following env vars:
AIRFLOW_CTX_DAG_OWNER=airflow
AIRFLOW_CTX_DAG_ID=example_branch_dop_operator_v3
AIRFLOW_CTX_TASK_ID=condition
AIRFLOW_CTX_EXECUTION_DATE=2021-02-21T07:37:00+00:00
AIRFLOW_CTX_DAG_RUN_ID=scheduled__2021-02-21T07:37:00+00:00
[2021-02-23 15:44:26,579] {logging_mixin.py:104} INFO - ------------- exec dttm = 2021-02-21T07:37:00+00:00 and minute = 37
[2021-02-23 15:44:26,585] {python.py:118} INFO - Done. Returned value was: dummy_task_2
[2021-02-23 15:44:26,587] {skipmixin.py:124} INFO - Following branch dummy_task_2
[2021-02-23 15:44:26,616] {skipmixin.py:155} INFO - Skipping tasks ['dummy_task_1']
[2021-02-23 15:44:26,775] {taskinstance.py:1166} INFO - Marking task as SUCCESS. dag_id=example_branch_dop_operator_v3, task_id=condition, execution_date=20210221T073700, start_date=20210223T154426, end_date=20210223T154426
[2021-02-23 15:44:27,097] {taskinstance.py:1220} INFO - 0 downstream tasks scheduled from follow-on schedule check
[2021-02-23 15:44:27,134] {local_task_job.py:146} INFO - Task exited with return code 0
