[2021-02-23 14:58:24,763] {taskinstance.py:851} INFO - Dependencies all met for <TaskInstance: example_bash_operator.run_after_loop 2021-02-22T00:00:00+00:00 [queued]>
[2021-02-23 14:58:25,407] {taskinstance.py:851} INFO - Dependencies all met for <TaskInstance: example_bash_operator.run_after_loop 2021-02-22T00:00:00+00:00 [queued]>
[2021-02-23 14:58:25,419] {taskinstance.py:1042} INFO - 
--------------------------------------------------------------------------------
[2021-02-23 14:58:25,424] {taskinstance.py:1043} INFO - Starting attempt 1 of 1
[2021-02-23 14:58:25,431] {taskinstance.py:1044} INFO - 
--------------------------------------------------------------------------------
[2021-02-23 14:58:25,901] {taskinstance.py:1063} INFO - Executing <Task(BashOperator): run_after_loop> on 2021-02-22T00:00:00+00:00
[2021-02-23 14:58:26,015] {standard_task_runner.py:52} INFO - Started process 204 to run task
[2021-02-23 14:58:26,183] {standard_task_runner.py:76} INFO - Running: ['airflow', 'tasks', 'run', 'example_bash_operator', 'run_after_loop', '2021-02-22T00:00:00+00:00', '--job-id', '67', '--pool', 'default_pool', '--raw', '--subdir', '/home/airflow/.local/lib/python3.6/site-packages/airflow/example_dags/example_bash_operator.py', '--cfg-path', '/tmp/tmpbodhzo_9', '--error-file', '/tmp/tmpmay1nmuu']
[2021-02-23 14:58:26,193] {standard_task_runner.py:77} INFO - Job 67: Subtask run_after_loop
[2021-02-23 14:58:27,419] {logging_mixin.py:104} INFO - Running <TaskInstance: example_bash_operator.run_after_loop 2021-02-22T00:00:00+00:00 [running]> on host 0513e3a4eab6
[2021-02-23 14:58:29,628] {taskinstance.py:1257} INFO - Exporting the following env vars:
AIRFLOW_CTX_DAG_OWNER=airflow
AIRFLOW_CTX_DAG_ID=example_bash_operator
AIRFLOW_CTX_TASK_ID=run_after_loop
AIRFLOW_CTX_EXECUTION_DATE=2021-02-22T00:00:00+00:00
AIRFLOW_CTX_DAG_RUN_ID=scheduled__2021-02-22T00:00:00+00:00
[2021-02-23 14:58:29,637] {bash.py:135} INFO - Tmp dir root location: 
 /tmp
[2021-02-23 14:58:29,725] {bash.py:158} INFO - Running command: echo 1
[2021-02-23 14:58:30,079] {bash.py:169} INFO - Output:
[2021-02-23 14:58:30,156] {bash.py:173} INFO - 1
[2021-02-23 14:58:30,159] {bash.py:177} INFO - Command exited with return code 0
[2021-02-23 14:58:30,491] {taskinstance.py:1166} INFO - Marking task as SUCCESS. dag_id=example_bash_operator, task_id=run_after_loop, execution_date=20210222T000000, start_date=20210223T145824, end_date=20210223T145830
[2021-02-23 14:58:30,996] {taskinstance.py:1220} INFO - 1 downstream tasks scheduled from follow-on schedule check
[2021-02-23 14:58:31,684] {local_task_job.py:146} INFO - Task exited with return code 0
