[2021-02-23 15:13:15,756] {taskinstance.py:851} INFO - Dependencies all met for <TaskInstance: example_branch_dop_operator_v3.condition 2021-02-21T02:07:00+00:00 [queued]>
[2021-02-23 15:13:15,976] {taskinstance.py:851} INFO - Dependencies all met for <TaskInstance: example_branch_dop_operator_v3.condition 2021-02-21T02:07:00+00:00 [queued]>
[2021-02-23 15:13:15,979] {taskinstance.py:1042} INFO - 
--------------------------------------------------------------------------------
[2021-02-23 15:13:15,985] {taskinstance.py:1043} INFO - Starting attempt 1 of 1
[2021-02-23 15:13:15,987] {taskinstance.py:1044} INFO - 
--------------------------------------------------------------------------------
[2021-02-23 15:13:16,064] {taskinstance.py:1063} INFO - Executing <Task(BranchPythonOperator): condition> on 2021-02-21T02:07:00+00:00
[2021-02-23 15:13:16,095] {standard_task_runner.py:52} INFO - Started process 1846 to run task
[2021-02-23 15:13:16,144] {standard_task_runner.py:76} INFO - Running: ['airflow', 'tasks', 'run', 'example_branch_dop_operator_v3', 'condition', '2021-02-21T02:07:00+00:00', '--job-id', '891', '--pool', 'default_pool', '--raw', '--subdir', '/home/airflow/.local/lib/python3.6/site-packages/airflow/example_dags/example_branch_python_dop_operator_3.py', '--cfg-path', '/tmp/tmp03twt904', '--error-file', '/tmp/tmpmiyolh2i']
[2021-02-23 15:13:16,147] {standard_task_runner.py:77} INFO - Job 891: Subtask condition
[2021-02-23 15:13:16,365] {logging_mixin.py:104} INFO - Running <TaskInstance: example_branch_dop_operator_v3.condition 2021-02-21T02:07:00+00:00 [running]> on host 0513e3a4eab6
[2021-02-23 15:13:16,556] {taskinstance.py:1257} INFO - Exporting the following env vars:
AIRFLOW_CTX_DAG_OWNER=airflow
AIRFLOW_CTX_DAG_ID=example_branch_dop_operator_v3
AIRFLOW_CTX_TASK_ID=condition
AIRFLOW_CTX_EXECUTION_DATE=2021-02-21T02:07:00+00:00
AIRFLOW_CTX_DAG_RUN_ID=scheduled__2021-02-21T02:07:00+00:00
[2021-02-23 15:13:16,563] {logging_mixin.py:104} INFO - ------------- exec dttm = 2021-02-21T02:07:00+00:00 and minute = 7
[2021-02-23 15:13:16,564] {python.py:118} INFO - Done. Returned value was: dummy_task_2
[2021-02-23 15:13:16,565] {skipmixin.py:124} INFO - Following branch dummy_task_2
[2021-02-23 15:13:16,580] {skipmixin.py:155} INFO - Skipping tasks ['dummy_task_1']
[2021-02-23 15:13:16,727] {taskinstance.py:1166} INFO - Marking task as SUCCESS. dag_id=example_branch_dop_operator_v3, task_id=condition, execution_date=20210221T020700, start_date=20210223T151315, end_date=20210223T151316
[2021-02-23 15:13:16,827] {taskinstance.py:1220} INFO - 1 downstream tasks scheduled from follow-on schedule check
[2021-02-23 15:13:16,857] {local_task_job.py:146} INFO - Task exited with return code 0
