[2021-02-23 15:56:49,483] {taskinstance.py:851} INFO - Dependencies all met for <TaskInstance: example_branch_dop_operator_v3.condition 2021-02-21T09:48:00+00:00 [queued]>
[2021-02-23 15:56:49,709] {taskinstance.py:851} INFO - Dependencies all met for <TaskInstance: example_branch_dop_operator_v3.condition 2021-02-21T09:48:00+00:00 [queued]>
[2021-02-23 15:56:49,716] {taskinstance.py:1042} INFO - 
--------------------------------------------------------------------------------
[2021-02-23 15:56:49,719] {taskinstance.py:1043} INFO - Starting attempt 1 of 1
[2021-02-23 15:56:49,723] {taskinstance.py:1044} INFO - 
--------------------------------------------------------------------------------
[2021-02-23 15:56:49,837] {taskinstance.py:1063} INFO - Executing <Task(BranchPythonOperator): condition> on 2021-02-21T09:48:00+00:00
[2021-02-23 15:56:49,852] {standard_task_runner.py:52} INFO - Started process 7160 to run task
[2021-02-23 15:56:49,874] {standard_task_runner.py:76} INFO - Running: ['airflow', 'tasks', 'run', 'example_branch_dop_operator_v3', 'condition', '2021-02-21T09:48:00+00:00', '--job-id', '3547', '--pool', 'default_pool', '--raw', '--subdir', '/home/airflow/.local/lib/python3.6/site-packages/airflow/example_dags/example_branch_python_dop_operator_3.py', '--cfg-path', '/tmp/tmpyyu87adi', '--error-file', '/tmp/tmp3s69hfbx']
[2021-02-23 15:56:49,887] {standard_task_runner.py:77} INFO - Job 3547: Subtask condition
[2021-02-23 15:56:50,440] {logging_mixin.py:104} INFO - Running <TaskInstance: example_branch_dop_operator_v3.condition 2021-02-21T09:48:00+00:00 [running]> on host 0513e3a4eab6
[2021-02-23 15:56:51,290] {taskinstance.py:1257} INFO - Exporting the following env vars:
AIRFLOW_CTX_DAG_OWNER=airflow
AIRFLOW_CTX_DAG_ID=example_branch_dop_operator_v3
AIRFLOW_CTX_TASK_ID=condition
AIRFLOW_CTX_EXECUTION_DATE=2021-02-21T09:48:00+00:00
AIRFLOW_CTX_DAG_RUN_ID=scheduled__2021-02-21T09:48:00+00:00
[2021-02-23 15:56:51,309] {logging_mixin.py:104} INFO - ------------- exec dttm = 2021-02-21T09:48:00+00:00 and minute = 48
[2021-02-23 15:56:51,321] {python.py:118} INFO - Done. Returned value was: dummy_task_1
[2021-02-23 15:56:51,325] {skipmixin.py:124} INFO - Following branch dummy_task_1
[2021-02-23 15:56:51,411] {skipmixin.py:155} INFO - Skipping tasks ['dummy_task_2']
[2021-02-23 15:56:51,776] {taskinstance.py:1166} INFO - Marking task as SUCCESS. dag_id=example_branch_dop_operator_v3, task_id=condition, execution_date=20210221T094800, start_date=20210223T155649, end_date=20210223T155651
[2021-02-23 15:56:53,435] {taskinstance.py:1220} INFO - 1 downstream tasks scheduled from follow-on schedule check
[2021-02-23 15:56:53,728] {local_task_job.py:146} INFO - Task exited with return code 0
