[2021-02-23 15:36:55,390] {taskinstance.py:851} INFO - Dependencies all met for <TaskInstance: example_branch_dop_operator_v3.condition 2021-02-21T06:19:00+00:00 [queued]>
[2021-02-23 15:36:55,616] {taskinstance.py:851} INFO - Dependencies all met for <TaskInstance: example_branch_dop_operator_v3.condition 2021-02-21T06:19:00+00:00 [queued]>
[2021-02-23 15:36:55,627] {taskinstance.py:1042} INFO - 
--------------------------------------------------------------------------------
[2021-02-23 15:36:55,638] {taskinstance.py:1043} INFO - Starting attempt 1 of 1
[2021-02-23 15:36:55,653] {taskinstance.py:1044} INFO - 
--------------------------------------------------------------------------------
[2021-02-23 15:36:55,693] {taskinstance.py:1063} INFO - Executing <Task(BranchPythonOperator): condition> on 2021-02-21T06:19:00+00:00
[2021-02-23 15:36:55,710] {standard_task_runner.py:52} INFO - Started process 4750 to run task
[2021-02-23 15:36:55,739] {standard_task_runner.py:76} INFO - Running: ['airflow', 'tasks', 'run', 'example_branch_dop_operator_v3', 'condition', '2021-02-21T06:19:00+00:00', '--job-id', '2343', '--pool', 'default_pool', '--raw', '--subdir', '/home/airflow/.local/lib/python3.6/site-packages/airflow/example_dags/example_branch_python_dop_operator_3.py', '--cfg-path', '/tmp/tmpd_9ekz2s', '--error-file', '/tmp/tmpt0oewson']
[2021-02-23 15:36:55,745] {standard_task_runner.py:77} INFO - Job 2343: Subtask condition
[2021-02-23 15:36:56,053] {logging_mixin.py:104} INFO - Running <TaskInstance: example_branch_dop_operator_v3.condition 2021-02-21T06:19:00+00:00 [running]> on host 0513e3a4eab6
[2021-02-23 15:36:56,383] {taskinstance.py:1257} INFO - Exporting the following env vars:
AIRFLOW_CTX_DAG_OWNER=airflow
AIRFLOW_CTX_DAG_ID=example_branch_dop_operator_v3
AIRFLOW_CTX_TASK_ID=condition
AIRFLOW_CTX_EXECUTION_DATE=2021-02-21T06:19:00+00:00
AIRFLOW_CTX_DAG_RUN_ID=scheduled__2021-02-21T06:19:00+00:00
[2021-02-23 15:36:56,389] {logging_mixin.py:104} INFO - ------------- exec dttm = 2021-02-21T06:19:00+00:00 and minute = 19
[2021-02-23 15:36:56,392] {python.py:118} INFO - Done. Returned value was: dummy_task_2
[2021-02-23 15:36:56,394] {skipmixin.py:124} INFO - Following branch dummy_task_2
[2021-02-23 15:36:56,426] {skipmixin.py:155} INFO - Skipping tasks ['dummy_task_1']
[2021-02-23 15:36:56,545] {taskinstance.py:1166} INFO - Marking task as SUCCESS. dag_id=example_branch_dop_operator_v3, task_id=condition, execution_date=20210221T061900, start_date=20210223T153655, end_date=20210223T153656
[2021-02-23 15:36:56,779] {taskinstance.py:1220} INFO - 0 downstream tasks scheduled from follow-on schedule check
[2021-02-23 15:36:56,799] {local_task_job.py:146} INFO - Task exited with return code 0
