[2021-02-23 14:56:32,798] {taskinstance.py:851} INFO - Dependencies all met for <TaskInstance: example_short_circuit_operator.condition_is_False 2021-02-21T00:00:00+00:00 [queued]>
[2021-02-23 14:56:34,011] {taskinstance.py:851} INFO - Dependencies all met for <TaskInstance: example_short_circuit_operator.condition_is_False 2021-02-21T00:00:00+00:00 [queued]>
[2021-02-23 14:56:34,119] {taskinstance.py:1042} INFO - 
--------------------------------------------------------------------------------
[2021-02-23 14:56:34,136] {taskinstance.py:1043} INFO - Starting attempt 1 of 1
[2021-02-23 14:56:34,154] {taskinstance.py:1044} INFO - 
--------------------------------------------------------------------------------
[2021-02-23 14:56:34,878] {taskinstance.py:1063} INFO - Executing <Task(ShortCircuitOperator): condition_is_False> on 2021-02-21T00:00:00+00:00
[2021-02-23 14:56:35,605] {standard_task_runner.py:76} INFO - Running: ['airflow', 'tasks', 'run', 'example_short_circuit_operator', 'condition_is_False', '2021-02-21T00:00:00+00:00', '--job-id', '10', '--pool', 'default_pool', '--raw', '--subdir', '/home/airflow/.local/lib/python3.6/site-packages/airflow/example_dags/example_short_circuit_operator.py', '--cfg-path', '/tmp/tmpb83s8dcu', '--error-file', '/tmp/tmpb976t016']
[2021-02-23 14:56:35,640] {standard_task_runner.py:77} INFO - Job 10: Subtask condition_is_False
[2021-02-23 14:56:35,370] {standard_task_runner.py:52} INFO - Started process 65 to run task
[2021-02-23 14:56:41,116] {logging_mixin.py:104} INFO - Running <TaskInstance: example_short_circuit_operator.condition_is_False 2021-02-21T00:00:00+00:00 [running]> on host 0513e3a4eab6
[2021-02-23 14:56:45,711] {taskinstance.py:1257} INFO - Exporting the following env vars:
AIRFLOW_CTX_DAG_OWNER=airflow
AIRFLOW_CTX_DAG_ID=example_short_circuit_operator
AIRFLOW_CTX_TASK_ID=condition_is_False
AIRFLOW_CTX_EXECUTION_DATE=2021-02-21T00:00:00+00:00
AIRFLOW_CTX_DAG_RUN_ID=scheduled__2021-02-21T00:00:00+00:00
[2021-02-23 14:56:45,737] {python.py:118} INFO - Done. Returned value was: False
[2021-02-23 14:56:45,795] {python.py:344} INFO - Condition result is False
[2021-02-23 14:56:45,802] {python.py:350} INFO - Skipping downstream tasks...
[2021-02-23 14:56:45,975] {python.py:358} INFO - Done.
[2021-02-23 14:56:46,192] {taskinstance.py:1166} INFO - Marking task as SUCCESS. dag_id=example_short_circuit_operator, task_id=condition_is_False, execution_date=20210221T000000, start_date=20210223T145633, end_date=20210223T145646
[2021-02-23 14:56:46,768] {taskinstance.py:1220} INFO - 0 downstream tasks scheduled from follow-on schedule check
[2021-02-23 14:56:47,084] {local_task_job.py:146} INFO - Task exited with return code 0
