[2021-02-23 14:59:15,892] {taskinstance.py:851} INFO - Dependencies all met for <TaskInstance: example_trigger_target_dag.bash_task 2021-02-23T14:57:17.450328+00:00 [queued]>
[2021-02-23 14:59:16,523] {taskinstance.py:851} INFO - Dependencies all met for <TaskInstance: example_trigger_target_dag.bash_task 2021-02-23T14:57:17.450328+00:00 [queued]>
[2021-02-23 14:59:16,545] {taskinstance.py:1042} INFO - 
--------------------------------------------------------------------------------
[2021-02-23 14:59:16,548] {taskinstance.py:1043} INFO - Starting attempt 1 of 1
[2021-02-23 14:59:16,551] {taskinstance.py:1044} INFO - 
--------------------------------------------------------------------------------
[2021-02-23 14:59:16,807] {taskinstance.py:1063} INFO - Executing <Task(BashOperator): bash_task> on 2021-02-23T14:57:17.450328+00:00
[2021-02-23 14:59:17,063] {standard_task_runner.py:52} INFO - Started process 301 to run task
[2021-02-23 14:59:17,449] {standard_task_runner.py:76} INFO - Running: ['airflow', 'tasks', 'run', 'example_trigger_target_dag', 'bash_task', '2021-02-23T14:57:17.450328+00:00', '--job-id', '115', '--pool', 'default_pool', '--raw', '--subdir', '/home/airflow/.local/lib/python3.6/site-packages/airflow/example_dags/example_trigger_target_dag.py', '--cfg-path', '/tmp/tmpbzgtb0mq', '--error-file', '/tmp/tmpejm9y_q3']
[2021-02-23 14:59:17,482] {standard_task_runner.py:77} INFO - Job 115: Subtask bash_task
[2021-02-23 14:59:18,472] {logging_mixin.py:104} INFO - Running <TaskInstance: example_trigger_target_dag.bash_task 2021-02-23T14:57:17.450328+00:00 [running]> on host 0513e3a4eab6
[2021-02-23 14:59:19,722] {taskinstance.py:1257} INFO - Exporting the following env vars:
AIRFLOW_CTX_DAG_OWNER=airflow
AIRFLOW_CTX_DAG_ID=example_trigger_target_dag
AIRFLOW_CTX_TASK_ID=bash_task
AIRFLOW_CTX_EXECUTION_DATE=2021-02-23T14:57:17.450328+00:00
AIRFLOW_CTX_DAG_RUN_ID=manual__2021-02-23T14:57:16.555874+00:00
[2021-02-23 14:59:19,725] {bash.py:135} INFO - Tmp dir root location: 
 /tmp
[2021-02-23 14:59:19,736] {bash.py:158} INFO - Running command: echo "Here is the message: $message"
[2021-02-23 14:59:19,870] {bash.py:169} INFO - Output:
[2021-02-23 14:59:19,935] {bash.py:173} INFO - Here is the message: Hello World
[2021-02-23 14:59:19,940] {bash.py:177} INFO - Command exited with return code 0
[2021-02-23 14:59:20,536] {taskinstance.py:1166} INFO - Marking task as SUCCESS. dag_id=example_trigger_target_dag, task_id=bash_task, execution_date=20210223T145717, start_date=20210223T145915, end_date=20210223T145920
[2021-02-23 14:59:21,321] {taskinstance.py:1220} INFO - 0 downstream tasks scheduled from follow-on schedule check
[2021-02-23 14:59:21,883] {local_task_job.py:146} INFO - Task exited with return code 0
