[2021-02-23 15:04:06,438] {taskinstance.py:851} INFO - Dependencies all met for <TaskInstance: example_branch_dop_operator_v3.condition 2021-02-21T00:38:00+00:00 [queued]>
[2021-02-23 15:04:06,954] {taskinstance.py:851} INFO - Dependencies all met for <TaskInstance: example_branch_dop_operator_v3.condition 2021-02-21T00:38:00+00:00 [queued]>
[2021-02-23 15:04:06,959] {taskinstance.py:1042} INFO - 
--------------------------------------------------------------------------------
[2021-02-23 15:04:06,966] {taskinstance.py:1043} INFO - Starting attempt 1 of 1
[2021-02-23 15:04:06,971] {taskinstance.py:1044} INFO - 
--------------------------------------------------------------------------------
[2021-02-23 15:04:07,065] {taskinstance.py:1063} INFO - Executing <Task(BranchPythonOperator): condition> on 2021-02-21T00:38:00+00:00
[2021-02-23 15:04:07,085] {standard_task_runner.py:52} INFO - Started process 768 to run task
[2021-02-23 15:04:07,164] {standard_task_runner.py:76} INFO - Running: ['airflow', 'tasks', 'run', 'example_branch_dop_operator_v3', 'condition', '2021-02-21T00:38:00+00:00', '--job-id', '351', '--pool', 'default_pool', '--raw', '--subdir', '/home/airflow/.local/lib/python3.6/site-packages/airflow/example_dags/example_branch_python_dop_operator_3.py', '--cfg-path', '/tmp/tmpq8itzznx', '--error-file', '/tmp/tmp__6u57u7']
[2021-02-23 15:04:07,171] {standard_task_runner.py:77} INFO - Job 351: Subtask condition
[2021-02-23 15:04:07,535] {logging_mixin.py:104} INFO - Running <TaskInstance: example_branch_dop_operator_v3.condition 2021-02-21T00:38:00+00:00 [running]> on host 0513e3a4eab6
[2021-02-23 15:04:07,930] {taskinstance.py:1257} INFO - Exporting the following env vars:
AIRFLOW_CTX_DAG_OWNER=airflow
AIRFLOW_CTX_DAG_ID=example_branch_dop_operator_v3
AIRFLOW_CTX_TASK_ID=condition
AIRFLOW_CTX_EXECUTION_DATE=2021-02-21T00:38:00+00:00
AIRFLOW_CTX_DAG_RUN_ID=scheduled__2021-02-21T00:38:00+00:00
[2021-02-23 15:04:07,936] {logging_mixin.py:104} INFO - ------------- exec dttm = 2021-02-21T00:38:00+00:00 and minute = 38
[2021-02-23 15:04:07,939] {python.py:118} INFO - Done. Returned value was: dummy_task_1
[2021-02-23 15:04:07,942] {skipmixin.py:124} INFO - Following branch dummy_task_1
[2021-02-23 15:04:07,982] {skipmixin.py:155} INFO - Skipping tasks ['dummy_task_2']
[2021-02-23 15:04:08,246] {taskinstance.py:1166} INFO - Marking task as SUCCESS. dag_id=example_branch_dop_operator_v3, task_id=condition, execution_date=20210221T003800, start_date=20210223T150406, end_date=20210223T150408
[2021-02-23 15:04:08,429] {taskinstance.py:1220} INFO - 0 downstream tasks scheduled from follow-on schedule check
[2021-02-23 15:04:08,472] {local_task_job.py:146} INFO - Task exited with return code 0
