[2021-02-23 14:58:04,691] {taskinstance.py:851} INFO - Dependencies all met for <TaskInstance: tutorial.sleep 2021-02-22T00:00:00+00:00 [queued]>
[2021-02-23 14:58:05,240] {taskinstance.py:851} INFO - Dependencies all met for <TaskInstance: tutorial.sleep 2021-02-22T00:00:00+00:00 [queued]>
[2021-02-23 14:58:05,263] {taskinstance.py:1042} INFO - 
--------------------------------------------------------------------------------
[2021-02-23 14:58:05,265] {taskinstance.py:1043} INFO - Starting attempt 1 of 4
[2021-02-23 14:58:05,271] {taskinstance.py:1044} INFO - 
--------------------------------------------------------------------------------
[2021-02-23 14:58:05,486] {taskinstance.py:1063} INFO - Executing <Task(BashOperator): sleep> on 2021-02-22T00:00:00+00:00
[2021-02-23 14:58:05,642] {standard_task_runner.py:76} INFO - Running: ['airflow', 'tasks', 'run', 'tutorial', 'sleep', '2021-02-22T00:00:00+00:00', '--job-id', '58', '--pool', 'default_pool', '--raw', '--subdir', '/home/airflow/.local/lib/python3.6/site-packages/airflow/example_dags/tutorial.py', '--cfg-path', '/tmp/tmpch90d3rf', '--error-file', '/tmp/tmpo268qs17']
[2021-02-23 14:58:05,655] {standard_task_runner.py:77} INFO - Job 58: Subtask sleep
[2021-02-23 14:58:05,563] {standard_task_runner.py:52} INFO - Started process 180 to run task
[2021-02-23 14:58:10,655] {logging_mixin.py:104} INFO - Running <TaskInstance: tutorial.sleep 2021-02-22T00:00:00+00:00 [running]> on host 0513e3a4eab6
[2021-02-23 14:58:12,926] {taskinstance.py:1257} INFO - Exporting the following env vars:
AIRFLOW_CTX_DAG_EMAIL=airflow@example.com
AIRFLOW_CTX_DAG_OWNER=airflow
AIRFLOW_CTX_DAG_ID=tutorial
AIRFLOW_CTX_TASK_ID=sleep
AIRFLOW_CTX_EXECUTION_DATE=2021-02-22T00:00:00+00:00
AIRFLOW_CTX_DAG_RUN_ID=scheduled__2021-02-22T00:00:00+00:00
[2021-02-23 14:58:12,957] {bash.py:135} INFO - Tmp dir root location: 
 /tmp
[2021-02-23 14:58:12,965] {bash.py:158} INFO - Running command: sleep 5
[2021-02-23 14:58:13,500] {bash.py:169} INFO - Output:
[2021-02-23 14:58:18,700] {bash.py:177} INFO - Command exited with return code 0
[2021-02-23 14:58:19,403] {taskinstance.py:1166} INFO - Marking task as SUCCESS. dag_id=tutorial, task_id=sleep, execution_date=20210222T000000, start_date=20210223T145804, end_date=20210223T145819
[2021-02-23 14:58:19,814] {taskinstance.py:1220} INFO - 0 downstream tasks scheduled from follow-on schedule check
[2021-02-23 14:58:20,006] {local_task_job.py:146} INFO - Task exited with return code 0
