[2021-02-23 14:58:04,582] {taskinstance.py:851} INFO - Dependencies all met for <TaskInstance: latest_only_with_trigger.latest_only 2021-02-21T16:00:00+00:00 [queued]>
[2021-02-23 14:58:05,158] {taskinstance.py:851} INFO - Dependencies all met for <TaskInstance: latest_only_with_trigger.latest_only 2021-02-21T16:00:00+00:00 [queued]>
[2021-02-23 14:58:05,175] {taskinstance.py:1042} INFO - 
--------------------------------------------------------------------------------
[2021-02-23 14:58:05,208] {taskinstance.py:1043} INFO - Starting attempt 1 of 1
[2021-02-23 14:58:05,210] {taskinstance.py:1044} INFO - 
--------------------------------------------------------------------------------
[2021-02-23 14:58:05,469] {taskinstance.py:1063} INFO - Executing <Task(LatestOnlyOperator): latest_only> on 2021-02-21T16:00:00+00:00
[2021-02-23 14:58:05,894] {standard_task_runner.py:76} INFO - Running: ['airflow', 'tasks', 'run', 'latest_only_with_trigger', 'latest_only', '2021-02-21T16:00:00+00:00', '--job-id', '59', '--pool', 'default_pool', '--raw', '--subdir', '/home/airflow/.local/lib/python3.6/site-packages/airflow/example_dags/example_latest_only_with_trigger.py', '--cfg-path', '/tmp/tmp501gph7g', '--error-file', '/tmp/tmpbcqfchxb']
[2021-02-23 14:58:05,530] {standard_task_runner.py:52} INFO - Started process 179 to run task
[2021-02-23 14:58:05,945] {standard_task_runner.py:77} INFO - Job 59: Subtask latest_only
[2021-02-23 14:58:11,444] {logging_mixin.py:104} INFO - Running <TaskInstance: latest_only_with_trigger.latest_only 2021-02-21T16:00:00+00:00 [running]> on host 0513e3a4eab6
[2021-02-23 14:58:14,216] {taskinstance.py:1257} INFO - Exporting the following env vars:
AIRFLOW_CTX_DAG_OWNER=airflow
AIRFLOW_CTX_DAG_ID=latest_only_with_trigger
AIRFLOW_CTX_TASK_ID=latest_only
AIRFLOW_CTX_EXECUTION_DATE=2021-02-21T16:00:00+00:00
AIRFLOW_CTX_DAG_RUN_ID=scheduled__2021-02-21T16:00:00+00:00
[2021-02-23 14:58:14,222] {latest_only.py:57} INFO - Checking latest only with left_window: 2021-02-21T20:00:00+00:00 right_window: 2021-02-22T00:00:00+00:00 now: 2021-02-23T14:58:14.222030+00:00
[2021-02-23 14:58:14,235] {latest_only.py:61} INFO - Not latest execution, skipping downstream.
[2021-02-23 14:58:14,244] {skipmixin.py:124} INFO - Following branch []
[2021-02-23 14:58:14,541] {skipmixin.py:155} INFO - Skipping tasks ['task1']
[2021-02-23 14:58:15,687] {taskinstance.py:1166} INFO - Marking task as SUCCESS. dag_id=latest_only_with_trigger, task_id=latest_only, execution_date=20210221T160000, start_date=20210223T145804, end_date=20210223T145815
[2021-02-23 14:58:17,302] {taskinstance.py:1220} INFO - 0 downstream tasks scheduled from follow-on schedule check
[2021-02-23 14:58:17,531] {local_task_job.py:146} INFO - Task exited with return code 0
