[2021-02-23 15:19:35,070] {taskinstance.py:851} INFO - Dependencies all met for <TaskInstance: example_branch_dop_operator_v3.condition 2021-02-21T03:20:00+00:00 [queued]>
[2021-02-23 15:19:35,278] {taskinstance.py:851} INFO - Dependencies all met for <TaskInstance: example_branch_dop_operator_v3.condition 2021-02-21T03:20:00+00:00 [queued]>
[2021-02-23 15:19:35,282] {taskinstance.py:1042} INFO - 
--------------------------------------------------------------------------------
[2021-02-23 15:19:35,283] {taskinstance.py:1043} INFO - Starting attempt 1 of 1
[2021-02-23 15:19:35,290] {taskinstance.py:1044} INFO - 
--------------------------------------------------------------------------------
[2021-02-23 15:19:35,325] {taskinstance.py:1063} INFO - Executing <Task(BranchPythonOperator): condition> on 2021-02-21T03:20:00+00:00
[2021-02-23 15:19:35,340] {standard_task_runner.py:52} INFO - Started process 2664 to run task
[2021-02-23 15:19:35,371] {standard_task_runner.py:76} INFO - Running: ['airflow', 'tasks', 'run', 'example_branch_dop_operator_v3', 'condition', '2021-02-21T03:20:00+00:00', '--job-id', '1301', '--pool', 'default_pool', '--raw', '--subdir', '/home/airflow/.local/lib/python3.6/site-packages/airflow/example_dags/example_branch_python_dop_operator_3.py', '--cfg-path', '/tmp/tmp9_clxzrw', '--error-file', '/tmp/tmpporx7460']
[2021-02-23 15:19:35,378] {standard_task_runner.py:77} INFO - Job 1301: Subtask condition
[2021-02-23 15:19:35,629] {logging_mixin.py:104} INFO - Running <TaskInstance: example_branch_dop_operator_v3.condition 2021-02-21T03:20:00+00:00 [running]> on host 0513e3a4eab6
[2021-02-23 15:19:35,755] {taskinstance.py:1257} INFO - Exporting the following env vars:
AIRFLOW_CTX_DAG_OWNER=airflow
AIRFLOW_CTX_DAG_ID=example_branch_dop_operator_v3
AIRFLOW_CTX_TASK_ID=condition
AIRFLOW_CTX_EXECUTION_DATE=2021-02-21T03:20:00+00:00
AIRFLOW_CTX_DAG_RUN_ID=scheduled__2021-02-21T03:20:00+00:00
[2021-02-23 15:19:35,758] {logging_mixin.py:104} INFO - ------------- exec dttm = 2021-02-21T03:20:00+00:00 and minute = 20
[2021-02-23 15:19:35,760] {python.py:118} INFO - Done. Returned value was: dummy_task_1
[2021-02-23 15:19:35,761] {skipmixin.py:124} INFO - Following branch dummy_task_1
[2021-02-23 15:19:35,790] {skipmixin.py:155} INFO - Skipping tasks ['dummy_task_2']
[2021-02-23 15:19:36,113] {taskinstance.py:1166} INFO - Marking task as SUCCESS. dag_id=example_branch_dop_operator_v3, task_id=condition, execution_date=20210221T032000, start_date=20210223T151935, end_date=20210223T151936
[2021-02-23 15:19:36,530] {taskinstance.py:1220} INFO - 1 downstream tasks scheduled from follow-on schedule check
[2021-02-23 15:19:36,604] {local_task_job.py:146} INFO - Task exited with return code 0
