[2021-02-23 14:57:06,520] {taskinstance.py:851} INFO - Dependencies all met for <TaskInstance: tutorial.print_date 2021-02-22T00:00:00+00:00 [queued]>
[2021-02-23 14:57:07,102] {taskinstance.py:851} INFO - Dependencies all met for <TaskInstance: tutorial.print_date 2021-02-22T00:00:00+00:00 [queued]>
[2021-02-23 14:57:07,127] {taskinstance.py:1042} INFO - 
--------------------------------------------------------------------------------
[2021-02-23 14:57:07,136] {taskinstance.py:1043} INFO - Starting attempt 1 of 2
[2021-02-23 14:57:07,165] {taskinstance.py:1044} INFO - 
--------------------------------------------------------------------------------
[2021-02-23 14:57:07,454] {taskinstance.py:1063} INFO - Executing <Task(BashOperator): print_date> on 2021-02-22T00:00:00+00:00
[2021-02-23 14:57:07,671] {standard_task_runner.py:52} INFO - Started process 97 to run task
[2021-02-23 14:57:08,085] {standard_task_runner.py:76} INFO - Running: ['airflow', 'tasks', 'run', 'tutorial', 'print_date', '2021-02-22T00:00:00+00:00', '--job-id', '20', '--pool', 'default_pool', '--raw', '--subdir', '/home/airflow/.local/lib/python3.6/site-packages/airflow/example_dags/tutorial.py', '--cfg-path', '/tmp/tmphszvg6i4', '--error-file', '/tmp/tmpuju9cnqt']
[2021-02-23 14:57:08,219] {standard_task_runner.py:77} INFO - Job 20: Subtask print_date
[2021-02-23 14:57:11,941] {logging_mixin.py:104} INFO - Running <TaskInstance: tutorial.print_date 2021-02-22T00:00:00+00:00 [running]> on host 0513e3a4eab6
[2021-02-23 14:57:14,607] {taskinstance.py:1257} INFO - Exporting the following env vars:
AIRFLOW_CTX_DAG_EMAIL=airflow@example.com
AIRFLOW_CTX_DAG_OWNER=airflow
AIRFLOW_CTX_DAG_ID=tutorial
AIRFLOW_CTX_TASK_ID=print_date
AIRFLOW_CTX_EXECUTION_DATE=2021-02-22T00:00:00+00:00
AIRFLOW_CTX_DAG_RUN_ID=scheduled__2021-02-22T00:00:00+00:00
[2021-02-23 14:57:14,725] {bash.py:135} INFO - Tmp dir root location: 
 /tmp
[2021-02-23 14:57:14,891] {bash.py:158} INFO - Running command: date
[2021-02-23 14:57:15,989] {bash.py:169} INFO - Output:
[2021-02-23 14:57:16,068] {bash.py:173} INFO - Tue Feb 23 14:57:16 UTC 2021
[2021-02-23 14:57:16,086] {bash.py:177} INFO - Command exited with return code 0
[2021-02-23 14:57:16,910] {taskinstance.py:1166} INFO - Marking task as SUCCESS. dag_id=tutorial, task_id=print_date, execution_date=20210222T000000, start_date=20210223T145706, end_date=20210223T145716
[2021-02-23 14:57:17,614] {taskinstance.py:1220} INFO - 2 downstream tasks scheduled from follow-on schedule check
[2021-02-23 14:57:18,608] {local_task_job.py:146} INFO - Task exited with return code 0
