[2021-02-23 14:59:04,370] {taskinstance.py:851} INFO - Dependencies all met for <TaskInstance: example_task_group.section_2.inner_section_2.task_2 2021-02-21T00:00:00+00:00 [queued]>
[2021-02-23 14:59:04,793] {taskinstance.py:851} INFO - Dependencies all met for <TaskInstance: example_task_group.section_2.inner_section_2.task_2 2021-02-21T00:00:00+00:00 [queued]>
[2021-02-23 14:59:04,803] {taskinstance.py:1042} INFO - 
--------------------------------------------------------------------------------
[2021-02-23 14:59:04,824] {taskinstance.py:1043} INFO - Starting attempt 1 of 1
[2021-02-23 14:59:04,849] {taskinstance.py:1044} INFO - 
--------------------------------------------------------------------------------
[2021-02-23 14:59:05,613] {taskinstance.py:1063} INFO - Executing <Task(BashOperator): section_2.inner_section_2.task_2> on 2021-02-21T00:00:00+00:00
[2021-02-23 14:59:06,004] {standard_task_runner.py:52} INFO - Started process 279 to run task
[2021-02-23 14:59:06,240] {standard_task_runner.py:76} INFO - Running: ['airflow', 'tasks', 'run', 'example_task_group', 'section_2.inner_section_2.task_2', '2021-02-21T00:00:00+00:00', '--job-id', '105', '--pool', 'default_pool', '--raw', '--subdir', '/home/airflow/.local/lib/python3.6/site-packages/airflow/example_dags/example_task_group.py', '--cfg-path', '/tmp/tmppj28kkwq', '--error-file', '/tmp/tmpmrlbfske']
[2021-02-23 14:59:06,301] {standard_task_runner.py:77} INFO - Job 105: Subtask section_2.inner_section_2.task_2
[2021-02-23 14:59:06,961] {logging_mixin.py:104} INFO - Running <TaskInstance: example_task_group.section_2.inner_section_2.task_2 2021-02-21T00:00:00+00:00 [running]> on host 0513e3a4eab6
[2021-02-23 14:59:07,458] {taskinstance.py:1257} INFO - Exporting the following env vars:
AIRFLOW_CTX_DAG_OWNER=airflow
AIRFLOW_CTX_DAG_ID=example_task_group
AIRFLOW_CTX_TASK_ID=section_2.inner_section_2.task_2
AIRFLOW_CTX_EXECUTION_DATE=2021-02-21T00:00:00+00:00
AIRFLOW_CTX_DAG_RUN_ID=scheduled__2021-02-21T00:00:00+00:00
[2021-02-23 14:59:07,519] {bash.py:135} INFO - Tmp dir root location: 
 /tmp
[2021-02-23 14:59:07,704] {bash.py:158} INFO - Running command: echo 1
[2021-02-23 14:59:08,093] {bash.py:169} INFO - Output:
[2021-02-23 14:59:08,119] {bash.py:173} INFO - 1
[2021-02-23 14:59:08,150] {bash.py:177} INFO - Command exited with return code 0
[2021-02-23 14:59:08,839] {taskinstance.py:1166} INFO - Marking task as SUCCESS. dag_id=example_task_group, task_id=section_2.inner_section_2.task_2, execution_date=20210221T000000, start_date=20210223T145904, end_date=20210223T145908
[2021-02-23 14:59:10,231] {taskinstance.py:1220} INFO - 1 downstream tasks scheduled from follow-on schedule check
[2021-02-23 14:59:10,477] {local_task_job.py:146} INFO - Task exited with return code 0
