[2021-02-23 15:47:11,565] {taskinstance.py:851} INFO - Dependencies all met for <TaskInstance: example_branch_dop_operator_v3.condition 2021-02-21T08:12:00+00:00 [queued]>
[2021-02-23 15:47:11,915] {taskinstance.py:851} INFO - Dependencies all met for <TaskInstance: example_branch_dop_operator_v3.condition 2021-02-21T08:12:00+00:00 [queued]>
[2021-02-23 15:47:11,917] {taskinstance.py:1042} INFO - 
--------------------------------------------------------------------------------
[2021-02-23 15:47:11,921] {taskinstance.py:1043} INFO - Starting attempt 1 of 1
[2021-02-23 15:47:11,923] {taskinstance.py:1044} INFO - 
--------------------------------------------------------------------------------
[2021-02-23 15:47:12,014] {taskinstance.py:1063} INFO - Executing <Task(BranchPythonOperator): condition> on 2021-02-21T08:12:00+00:00
[2021-02-23 15:47:12,071] {standard_task_runner.py:52} INFO - Started process 6024 to run task
[2021-02-23 15:47:12,144] {standard_task_runner.py:76} INFO - Running: ['airflow', 'tasks', 'run', 'example_branch_dop_operator_v3', 'condition', '2021-02-21T08:12:00+00:00', '--job-id', '2980', '--pool', 'default_pool', '--raw', '--subdir', '/home/airflow/.local/lib/python3.6/site-packages/airflow/example_dags/example_branch_python_dop_operator_3.py', '--cfg-path', '/tmp/tmp15cuq2y_', '--error-file', '/tmp/tmpma0zv1mx']
[2021-02-23 15:47:12,154] {standard_task_runner.py:77} INFO - Job 2980: Subtask condition
[2021-02-23 15:47:12,713] {logging_mixin.py:104} INFO - Running <TaskInstance: example_branch_dop_operator_v3.condition 2021-02-21T08:12:00+00:00 [running]> on host 0513e3a4eab6
[2021-02-23 15:47:13,051] {taskinstance.py:1257} INFO - Exporting the following env vars:
AIRFLOW_CTX_DAG_OWNER=airflow
AIRFLOW_CTX_DAG_ID=example_branch_dop_operator_v3
AIRFLOW_CTX_TASK_ID=condition
AIRFLOW_CTX_EXECUTION_DATE=2021-02-21T08:12:00+00:00
AIRFLOW_CTX_DAG_RUN_ID=scheduled__2021-02-21T08:12:00+00:00
[2021-02-23 15:47:13,054] {logging_mixin.py:104} INFO - ------------- exec dttm = 2021-02-21T08:12:00+00:00 and minute = 12
[2021-02-23 15:47:13,056] {python.py:118} INFO - Done. Returned value was: dummy_task_1
[2021-02-23 15:47:13,059] {skipmixin.py:124} INFO - Following branch dummy_task_1
[2021-02-23 15:47:13,102] {skipmixin.py:155} INFO - Skipping tasks ['dummy_task_2']
[2021-02-23 15:47:13,416] {taskinstance.py:1166} INFO - Marking task as SUCCESS. dag_id=example_branch_dop_operator_v3, task_id=condition, execution_date=20210221T081200, start_date=20210223T154711, end_date=20210223T154713
[2021-02-23 15:47:13,791] {taskinstance.py:1220} INFO - 0 downstream tasks scheduled from follow-on schedule check
[2021-02-23 15:47:13,843] {local_task_job.py:146} INFO - Task exited with return code 0
