[2021-02-23 14:59:00,644] {taskinstance.py:851} INFO - Dependencies all met for <TaskInstance: example_subdag_operator.section-2 2021-02-21T00:00:00+00:00 [queued]>
[2021-02-23 14:59:00,995] {taskinstance.py:851} INFO - Dependencies all met for <TaskInstance: example_subdag_operator.section-2 2021-02-21T00:00:00+00:00 [queued]>
[2021-02-23 14:59:00,999] {taskinstance.py:1042} INFO - 
--------------------------------------------------------------------------------
[2021-02-23 14:59:01,002] {taskinstance.py:1043} INFO - Starting attempt 1 of 1
[2021-02-23 14:59:01,004] {taskinstance.py:1044} INFO - 
--------------------------------------------------------------------------------
[2021-02-23 14:59:01,180] {taskinstance.py:1063} INFO - Executing <Task(SubDagOperator): section-2> on 2021-02-21T00:00:00+00:00
[2021-02-23 14:59:01,242] {standard_task_runner.py:52} INFO - Started process 269 to run task
[2021-02-23 14:59:01,329] {standard_task_runner.py:76} INFO - Running: ['airflow', 'tasks', 'run', 'example_subdag_operator', 'section-2', '2021-02-21T00:00:00+00:00', '--job-id', '99', '--pool', 'default_pool', '--raw', '--subdir', '/home/airflow/.local/lib/python3.6/site-packages/airflow/example_dags/example_subdag_operator.py', '--cfg-path', '/tmp/tmpnbkray3n', '--error-file', '/tmp/tmps05jy2mf']
[2021-02-23 14:59:01,338] {standard_task_runner.py:77} INFO - Job 99: Subtask section-2
[2021-02-23 14:59:01,936] {logging_mixin.py:104} INFO - Running <TaskInstance: example_subdag_operator.section-2 2021-02-21T00:00:00+00:00 [running]> on host 0513e3a4eab6
[2021-02-23 14:59:02,261] {taskinstance.py:1257} INFO - Exporting the following env vars:
AIRFLOW_CTX_DAG_OWNER=airflow
AIRFLOW_CTX_DAG_ID=example_subdag_operator
AIRFLOW_CTX_TASK_ID=section-2
AIRFLOW_CTX_EXECUTION_DATE=2021-02-21T00:00:00+00:00
AIRFLOW_CTX_DAG_RUN_ID=scheduled__2021-02-21T00:00:00+00:00
[2021-02-23 14:59:02,736] {subdag.py:157} INFO - Created DagRun: scheduled__2021-02-21T00:00:00+00:00
[2021-02-23 15:00:03,235] {base.py:245} INFO - Success criteria met. Exiting.
[2021-02-23 15:00:03,376] {subdag.py:171} INFO - Execution finished. State is success
[2021-02-23 15:00:03,479] {taskinstance.py:1166} INFO - Marking task as SUCCESS. dag_id=example_subdag_operator, task_id=section-2, execution_date=20210221T000000, start_date=20210223T145900, end_date=20210223T150003
[2021-02-23 15:00:04,242] {taskinstance.py:1220} INFO - 1 downstream tasks scheduled from follow-on schedule check
[2021-02-23 15:00:04,848] {local_task_job.py:146} INFO - Task exited with return code 0
