[2021-02-23 14:58:25,925] {taskinstance.py:851} INFO - Dependencies all met for <TaskInstance: latest_only_with_trigger.latest_only 2021-02-21T20:00:00+00:00 [queued]>
[2021-02-23 14:58:26,296] {taskinstance.py:851} INFO - Dependencies all met for <TaskInstance: latest_only_with_trigger.latest_only 2021-02-21T20:00:00+00:00 [queued]>
[2021-02-23 14:58:26,299] {taskinstance.py:1042} INFO - 
--------------------------------------------------------------------------------
[2021-02-23 14:58:26,302] {taskinstance.py:1043} INFO - Starting attempt 1 of 1
[2021-02-23 14:58:26,308] {taskinstance.py:1044} INFO - 
--------------------------------------------------------------------------------
[2021-02-23 14:58:26,387] {taskinstance.py:1063} INFO - Executing <Task(LatestOnlyOperator): latest_only> on 2021-02-21T20:00:00+00:00
[2021-02-23 14:58:26,451] {standard_task_runner.py:52} INFO - Started process 205 to run task
[2021-02-23 14:58:26,615] {standard_task_runner.py:76} INFO - Running: ['airflow', 'tasks', 'run', 'latest_only_with_trigger', 'latest_only', '2021-02-21T20:00:00+00:00', '--job-id', '68', '--pool', 'default_pool', '--raw', '--subdir', '/home/airflow/.local/lib/python3.6/site-packages/airflow/example_dags/example_latest_only_with_trigger.py', '--cfg-path', '/tmp/tmpx6p18ins', '--error-file', '/tmp/tmpgma34y6t']
[2021-02-23 14:58:26,630] {standard_task_runner.py:77} INFO - Job 68: Subtask latest_only
[2021-02-23 14:58:27,828] {logging_mixin.py:104} INFO - Running <TaskInstance: latest_only_with_trigger.latest_only 2021-02-21T20:00:00+00:00 [running]> on host 0513e3a4eab6
[2021-02-23 14:58:28,531] {taskinstance.py:1257} INFO - Exporting the following env vars:
AIRFLOW_CTX_DAG_OWNER=airflow
AIRFLOW_CTX_DAG_ID=latest_only_with_trigger
AIRFLOW_CTX_TASK_ID=latest_only
AIRFLOW_CTX_EXECUTION_DATE=2021-02-21T20:00:00+00:00
AIRFLOW_CTX_DAG_RUN_ID=scheduled__2021-02-21T20:00:00+00:00
[2021-02-23 14:58:28,537] {latest_only.py:57} INFO - Checking latest only with left_window: 2021-02-22T00:00:00+00:00 right_window: 2021-02-22T04:00:00+00:00 now: 2021-02-23T14:58:28.537467+00:00
[2021-02-23 14:58:28,546] {latest_only.py:61} INFO - Not latest execution, skipping downstream.
[2021-02-23 14:58:28,560] {skipmixin.py:124} INFO - Following branch []
[2021-02-23 14:58:28,647] {skipmixin.py:155} INFO - Skipping tasks ['task1']
[2021-02-23 14:58:29,835] {taskinstance.py:1166} INFO - Marking task as SUCCESS. dag_id=latest_only_with_trigger, task_id=latest_only, execution_date=20210221T200000, start_date=20210223T145825, end_date=20210223T145829
[2021-02-23 14:58:30,175] {taskinstance.py:1220} INFO - 0 downstream tasks scheduled from follow-on schedule check
[2021-02-23 14:58:30,404] {local_task_job.py:146} INFO - Task exited with return code 0
