[2021-02-23 15:44:50,808] {taskinstance.py:851} INFO - Dependencies all met for <TaskInstance: example_branch_dop_operator_v3.condition 2021-02-21T07:44:00+00:00 [queued]>
[2021-02-23 15:44:50,945] {taskinstance.py:851} INFO - Dependencies all met for <TaskInstance: example_branch_dop_operator_v3.condition 2021-02-21T07:44:00+00:00 [queued]>
[2021-02-23 15:44:50,947] {taskinstance.py:1042} INFO - 
--------------------------------------------------------------------------------
[2021-02-23 15:44:50,948] {taskinstance.py:1043} INFO - Starting attempt 1 of 1
[2021-02-23 15:44:50,950] {taskinstance.py:1044} INFO - 
--------------------------------------------------------------------------------
[2021-02-23 15:44:50,971] {taskinstance.py:1063} INFO - Executing <Task(BranchPythonOperator): condition> on 2021-02-21T07:44:00+00:00
[2021-02-23 15:44:50,989] {standard_task_runner.py:76} INFO - Running: ['airflow', 'tasks', 'run', 'example_branch_dop_operator_v3', 'condition', '2021-02-21T07:44:00+00:00', '--job-id', '2828', '--pool', 'default_pool', '--raw', '--subdir', '/home/airflow/.local/lib/python3.6/site-packages/airflow/example_dags/example_branch_python_dop_operator_3.py', '--cfg-path', '/tmp/tmph7iea_3u', '--error-file', '/tmp/tmpx9_57e42']
[2021-02-23 15:44:50,991] {standard_task_runner.py:77} INFO - Job 2828: Subtask condition
[2021-02-23 15:44:50,979] {standard_task_runner.py:52} INFO - Started process 5721 to run task
[2021-02-23 15:44:51,135] {logging_mixin.py:104} INFO - Running <TaskInstance: example_branch_dop_operator_v3.condition 2021-02-21T07:44:00+00:00 [running]> on host 0513e3a4eab6
[2021-02-23 15:44:51,430] {taskinstance.py:1257} INFO - Exporting the following env vars:
AIRFLOW_CTX_DAG_OWNER=airflow
AIRFLOW_CTX_DAG_ID=example_branch_dop_operator_v3
AIRFLOW_CTX_TASK_ID=condition
AIRFLOW_CTX_EXECUTION_DATE=2021-02-21T07:44:00+00:00
AIRFLOW_CTX_DAG_RUN_ID=scheduled__2021-02-21T07:44:00+00:00
[2021-02-23 15:44:51,435] {logging_mixin.py:104} INFO - ------------- exec dttm = 2021-02-21T07:44:00+00:00 and minute = 44
[2021-02-23 15:44:51,441] {python.py:118} INFO - Done. Returned value was: dummy_task_1
[2021-02-23 15:44:51,448] {skipmixin.py:124} INFO - Following branch dummy_task_1
[2021-02-23 15:44:51,523] {skipmixin.py:155} INFO - Skipping tasks ['dummy_task_2']
[2021-02-23 15:44:51,862] {taskinstance.py:1166} INFO - Marking task as SUCCESS. dag_id=example_branch_dop_operator_v3, task_id=condition, execution_date=20210221T074400, start_date=20210223T154450, end_date=20210223T154451
[2021-02-23 15:44:52,426] {taskinstance.py:1220} INFO - 0 downstream tasks scheduled from follow-on schedule check
[2021-02-23 15:44:52,492] {local_task_job.py:146} INFO - Task exited with return code 0
