[2021-02-23 15:18:57,503] {taskinstance.py:851} INFO - Dependencies all met for <TaskInstance: example_branch_dop_operator_v3.condition 2021-02-21T03:13:00+00:00 [queued]>
[2021-02-23 15:18:57,815] {taskinstance.py:851} INFO - Dependencies all met for <TaskInstance: example_branch_dop_operator_v3.condition 2021-02-21T03:13:00+00:00 [queued]>
[2021-02-23 15:18:57,840] {taskinstance.py:1042} INFO - 
--------------------------------------------------------------------------------
[2021-02-23 15:18:57,876] {taskinstance.py:1043} INFO - Starting attempt 1 of 1
[2021-02-23 15:18:57,883] {taskinstance.py:1044} INFO - 
--------------------------------------------------------------------------------
[2021-02-23 15:18:57,983] {taskinstance.py:1063} INFO - Executing <Task(BranchPythonOperator): condition> on 2021-02-21T03:13:00+00:00
[2021-02-23 15:18:58,018] {standard_task_runner.py:52} INFO - Started process 2580 to run task
[2021-02-23 15:18:58,059] {standard_task_runner.py:76} INFO - Running: ['airflow', 'tasks', 'run', 'example_branch_dop_operator_v3', 'condition', '2021-02-21T03:13:00+00:00', '--job-id', '1256', '--pool', 'default_pool', '--raw', '--subdir', '/home/airflow/.local/lib/python3.6/site-packages/airflow/example_dags/example_branch_python_dop_operator_3.py', '--cfg-path', '/tmp/tmpvyuvyhzt', '--error-file', '/tmp/tmp25gqjuwj']
[2021-02-23 15:18:58,101] {standard_task_runner.py:77} INFO - Job 1256: Subtask condition
[2021-02-23 15:18:58,673] {logging_mixin.py:104} INFO - Running <TaskInstance: example_branch_dop_operator_v3.condition 2021-02-21T03:13:00+00:00 [running]> on host 0513e3a4eab6
[2021-02-23 15:18:58,921] {taskinstance.py:1257} INFO - Exporting the following env vars:
AIRFLOW_CTX_DAG_OWNER=airflow
AIRFLOW_CTX_DAG_ID=example_branch_dop_operator_v3
AIRFLOW_CTX_TASK_ID=condition
AIRFLOW_CTX_EXECUTION_DATE=2021-02-21T03:13:00+00:00
AIRFLOW_CTX_DAG_RUN_ID=scheduled__2021-02-21T03:13:00+00:00
[2021-02-23 15:18:58,924] {logging_mixin.py:104} INFO - ------------- exec dttm = 2021-02-21T03:13:00+00:00 and minute = 13
[2021-02-23 15:18:58,926] {python.py:118} INFO - Done. Returned value was: dummy_task_2
[2021-02-23 15:18:58,930] {skipmixin.py:124} INFO - Following branch dummy_task_2
[2021-02-23 15:18:58,964] {skipmixin.py:155} INFO - Skipping tasks ['dummy_task_1']
[2021-02-23 15:18:59,123] {taskinstance.py:1166} INFO - Marking task as SUCCESS. dag_id=example_branch_dop_operator_v3, task_id=condition, execution_date=20210221T031300, start_date=20210223T151857, end_date=20210223T151859
[2021-02-23 15:18:59,256] {taskinstance.py:1220} INFO - 1 downstream tasks scheduled from follow-on schedule check
[2021-02-23 15:18:59,296] {local_task_job.py:146} INFO - Task exited with return code 0
