[2021-02-23 15:38:17,554] {taskinstance.py:851} INFO - Dependencies all met for <TaskInstance: example_branch_dop_operator_v3.condition 2021-02-21T06:33:00+00:00 [queued]>
[2021-02-23 15:38:17,896] {taskinstance.py:851} INFO - Dependencies all met for <TaskInstance: example_branch_dop_operator_v3.condition 2021-02-21T06:33:00+00:00 [queued]>
[2021-02-23 15:38:17,902] {taskinstance.py:1042} INFO - 
--------------------------------------------------------------------------------
[2021-02-23 15:38:17,905] {taskinstance.py:1043} INFO - Starting attempt 1 of 1
[2021-02-23 15:38:17,914] {taskinstance.py:1044} INFO - 
--------------------------------------------------------------------------------
[2021-02-23 15:38:18,132] {taskinstance.py:1063} INFO - Executing <Task(BranchPythonOperator): condition> on 2021-02-21T06:33:00+00:00
[2021-02-23 15:38:18,320] {standard_task_runner.py:52} INFO - Started process 4910 to run task
[2021-02-23 15:38:18,383] {standard_task_runner.py:76} INFO - Running: ['airflow', 'tasks', 'run', 'example_branch_dop_operator_v3', 'condition', '2021-02-21T06:33:00+00:00', '--job-id', '2424', '--pool', 'default_pool', '--raw', '--subdir', '/home/airflow/.local/lib/python3.6/site-packages/airflow/example_dags/example_branch_python_dop_operator_3.py', '--cfg-path', '/tmp/tmp2lwzuu7i', '--error-file', '/tmp/tmpn_mb_i2q']
[2021-02-23 15:38:18,388] {standard_task_runner.py:77} INFO - Job 2424: Subtask condition
[2021-02-23 15:38:18,846] {logging_mixin.py:104} INFO - Running <TaskInstance: example_branch_dop_operator_v3.condition 2021-02-21T06:33:00+00:00 [running]> on host 0513e3a4eab6
[2021-02-23 15:38:19,195] {taskinstance.py:1257} INFO - Exporting the following env vars:
AIRFLOW_CTX_DAG_OWNER=airflow
AIRFLOW_CTX_DAG_ID=example_branch_dop_operator_v3
AIRFLOW_CTX_TASK_ID=condition
AIRFLOW_CTX_EXECUTION_DATE=2021-02-21T06:33:00+00:00
AIRFLOW_CTX_DAG_RUN_ID=scheduled__2021-02-21T06:33:00+00:00
[2021-02-23 15:38:19,200] {logging_mixin.py:104} INFO - ------------- exec dttm = 2021-02-21T06:33:00+00:00 and minute = 33
[2021-02-23 15:38:19,201] {python.py:118} INFO - Done. Returned value was: dummy_task_2
[2021-02-23 15:38:19,203] {skipmixin.py:124} INFO - Following branch dummy_task_2
[2021-02-23 15:38:19,276] {skipmixin.py:155} INFO - Skipping tasks ['dummy_task_1']
[2021-02-23 15:38:19,414] {taskinstance.py:1166} INFO - Marking task as SUCCESS. dag_id=example_branch_dop_operator_v3, task_id=condition, execution_date=20210221T063300, start_date=20210223T153817, end_date=20210223T153819
[2021-02-23 15:38:20,606] {taskinstance.py:1220} INFO - 0 downstream tasks scheduled from follow-on schedule check
[2021-02-23 15:38:20,667] {local_task_job.py:146} INFO - Task exited with return code 0
