[2021-02-23 15:22:19,006] {taskinstance.py:851} INFO - Dependencies all met for <TaskInstance: example_branch_dop_operator_v3.condition 2021-02-21T03:48:00+00:00 [queued]>
[2021-02-23 15:22:19,197] {taskinstance.py:851} INFO - Dependencies all met for <TaskInstance: example_branch_dop_operator_v3.condition 2021-02-21T03:48:00+00:00 [queued]>
[2021-02-23 15:22:19,199] {taskinstance.py:1042} INFO - 
--------------------------------------------------------------------------------
[2021-02-23 15:22:19,202] {taskinstance.py:1043} INFO - Starting attempt 1 of 1
[2021-02-23 15:22:19,203] {taskinstance.py:1044} INFO - 
--------------------------------------------------------------------------------
[2021-02-23 15:22:19,267] {taskinstance.py:1063} INFO - Executing <Task(BranchPythonOperator): condition> on 2021-02-21T03:48:00+00:00
[2021-02-23 15:22:19,307] {standard_task_runner.py:76} INFO - Running: ['airflow', 'tasks', 'run', 'example_branch_dop_operator_v3', 'condition', '2021-02-21T03:48:00+00:00', '--job-id', '1466', '--pool', 'default_pool', '--raw', '--subdir', '/home/airflow/.local/lib/python3.6/site-packages/airflow/example_dags/example_branch_python_dop_operator_3.py', '--cfg-path', '/tmp/tmpjf137x8o', '--error-file', '/tmp/tmpevtbtqot']
[2021-02-23 15:22:19,315] {standard_task_runner.py:77} INFO - Job 1466: Subtask condition
[2021-02-23 15:22:19,287] {standard_task_runner.py:52} INFO - Started process 2995 to run task
[2021-02-23 15:22:19,566] {logging_mixin.py:104} INFO - Running <TaskInstance: example_branch_dop_operator_v3.condition 2021-02-21T03:48:00+00:00 [running]> on host 0513e3a4eab6
[2021-02-23 15:22:19,839] {taskinstance.py:1257} INFO - Exporting the following env vars:
AIRFLOW_CTX_DAG_OWNER=airflow
AIRFLOW_CTX_DAG_ID=example_branch_dop_operator_v3
AIRFLOW_CTX_TASK_ID=condition
AIRFLOW_CTX_EXECUTION_DATE=2021-02-21T03:48:00+00:00
AIRFLOW_CTX_DAG_RUN_ID=scheduled__2021-02-21T03:48:00+00:00
[2021-02-23 15:22:19,849] {logging_mixin.py:104} INFO - ------------- exec dttm = 2021-02-21T03:48:00+00:00 and minute = 48
[2021-02-23 15:22:19,853] {python.py:118} INFO - Done. Returned value was: dummy_task_1
[2021-02-23 15:22:19,857] {skipmixin.py:124} INFO - Following branch dummy_task_1
[2021-02-23 15:22:19,901] {skipmixin.py:155} INFO - Skipping tasks ['dummy_task_2']
[2021-02-23 15:22:20,088] {taskinstance.py:1166} INFO - Marking task as SUCCESS. dag_id=example_branch_dop_operator_v3, task_id=condition, execution_date=20210221T034800, start_date=20210223T152219, end_date=20210223T152220
[2021-02-23 15:22:20,396] {taskinstance.py:1220} INFO - 0 downstream tasks scheduled from follow-on schedule check
[2021-02-23 15:22:20,470] {local_task_job.py:146} INFO - Task exited with return code 0
