[2021-02-23 14:57:58,789] {taskinstance.py:851} INFO - Dependencies all met for <TaskInstance: tutorial.templated 2015-06-01T00:00:00+00:00 [queued]>
[2021-02-23 14:57:59,065] {taskinstance.py:851} INFO - Dependencies all met for <TaskInstance: tutorial.templated 2015-06-01T00:00:00+00:00 [queued]>
[2021-02-23 14:57:59,077] {taskinstance.py:1042} INFO - 
--------------------------------------------------------------------------------
[2021-02-23 14:57:59,096] {taskinstance.py:1043} INFO - Starting attempt 1 of 2
[2021-02-23 14:57:59,102] {taskinstance.py:1044} INFO - 
--------------------------------------------------------------------------------
[2021-02-23 14:57:59,657] {taskinstance.py:1063} INFO - Executing <Task(BashOperator): templated> on 2015-06-01T00:00:00+00:00
[2021-02-23 14:57:59,686] {standard_task_runner.py:52} INFO - Started process 166 to run task
[2021-02-23 14:57:59,716] {standard_task_runner.py:76} INFO - Running: ['airflow', 'tasks', 'run', 'tutorial', 'templated', '2015-06-01T00:00:00+00:00', '--job-id', '50', '--pool', 'default_pool', '--raw', '--subdir', '/home/airflow/.local/lib/python3.6/site-packages/airflow/example_dags/tutorial.py', '--cfg-path', '/tmp/tmpjmm1z953', '--error-file', '/tmp/tmp44o8qwp9']
[2021-02-23 14:57:59,749] {standard_task_runner.py:77} INFO - Job 50: Subtask templated
[2021-02-23 14:58:00,588] {logging_mixin.py:104} INFO - Running <TaskInstance: tutorial.templated 2015-06-01T00:00:00+00:00 [running]> on host 0513e3a4eab6
[2021-02-23 14:58:02,445] {taskinstance.py:1257} INFO - Exporting the following env vars:
AIRFLOW_CTX_DAG_EMAIL=airflow@example.com
AIRFLOW_CTX_DAG_OWNER=airflow
AIRFLOW_CTX_DAG_ID=tutorial
AIRFLOW_CTX_TASK_ID=templated
AIRFLOW_CTX_EXECUTION_DATE=2015-06-01T00:00:00+00:00
AIRFLOW_CTX_DAG_RUN_ID=scheduled__2015-06-01T00:00:00+00:00
[2021-02-23 14:58:02,460] {bash.py:135} INFO - Tmp dir root location: 
 /tmp
[2021-02-23 14:58:02,498] {bash.py:158} INFO - Running command: 

    echo "2015-06-01"
    echo "2015-06-08"
    echo "Parameter I passed in"

    echo "2015-06-01"
    echo "2015-06-08"
    echo "Parameter I passed in"

    echo "2015-06-01"
    echo "2015-06-08"
    echo "Parameter I passed in"

    echo "2015-06-01"
    echo "2015-06-08"
    echo "Parameter I passed in"

    echo "2015-06-01"
    echo "2015-06-08"
    echo "Parameter I passed in"

[2021-02-23 14:58:02,852] {bash.py:169} INFO - Output:
[2021-02-23 14:58:02,910] {bash.py:173} INFO - 2015-06-01
[2021-02-23 14:58:02,920] {bash.py:173} INFO - 2015-06-08
[2021-02-23 14:58:02,931] {bash.py:173} INFO - Parameter I passed in
[2021-02-23 14:58:02,935] {bash.py:173} INFO - 2015-06-01
[2021-02-23 14:58:02,937] {bash.py:173} INFO - 2015-06-08
[2021-02-23 14:58:02,939] {bash.py:173} INFO - Parameter I passed in
[2021-02-23 14:58:02,940] {bash.py:173} INFO - 2015-06-01
[2021-02-23 14:58:02,942] {bash.py:173} INFO - 2015-06-08
[2021-02-23 14:58:02,947] {bash.py:173} INFO - Parameter I passed in
[2021-02-23 14:58:02,948] {bash.py:173} INFO - 2015-06-01
[2021-02-23 14:58:02,950] {bash.py:173} INFO - 2015-06-08
[2021-02-23 14:58:02,951] {bash.py:173} INFO - Parameter I passed in
[2021-02-23 14:58:02,952] {bash.py:173} INFO - 2015-06-01
[2021-02-23 14:58:02,955] {bash.py:173} INFO - 2015-06-08
[2021-02-23 14:58:02,956] {bash.py:173} INFO - Parameter I passed in
[2021-02-23 14:58:02,958] {bash.py:177} INFO - Command exited with return code 0
[2021-02-23 14:58:03,693] {taskinstance.py:1166} INFO - Marking task as SUCCESS. dag_id=tutorial, task_id=templated, execution_date=20150601T000000, start_date=20210223T145758, end_date=20210223T145803
[2021-02-23 14:58:03,993] {taskinstance.py:1220} INFO - 0 downstream tasks scheduled from follow-on schedule check
[2021-02-23 14:58:04,344] {local_task_job.py:146} INFO - Task exited with return code 0
