[2021-02-23 14:57:03,258] {taskinstance.py:851} INFO - Dependencies all met for <TaskInstance: latest_only.latest_only 2021-02-21T04:00:00+00:00 [queued]>
[2021-02-23 14:57:03,546] {taskinstance.py:851} INFO - Dependencies all met for <TaskInstance: latest_only.latest_only 2021-02-21T04:00:00+00:00 [queued]>
[2021-02-23 14:57:03,569] {taskinstance.py:1042} INFO - 
--------------------------------------------------------------------------------
[2021-02-23 14:57:03,580] {taskinstance.py:1043} INFO - Starting attempt 1 of 1
[2021-02-23 14:57:03,584] {taskinstance.py:1044} INFO - 
--------------------------------------------------------------------------------
[2021-02-23 14:57:03,895] {taskinstance.py:1063} INFO - Executing <Task(LatestOnlyOperator): latest_only> on 2021-02-21T04:00:00+00:00
[2021-02-23 14:57:04,147] {standard_task_runner.py:52} INFO - Started process 94 to run task
[2021-02-23 14:57:04,700] {standard_task_runner.py:76} INFO - Running: ['airflow', 'tasks', 'run', 'latest_only', 'latest_only', '2021-02-21T04:00:00+00:00', '--job-id', '18', '--pool', 'default_pool', '--raw', '--subdir', '/home/airflow/.local/lib/python3.6/site-packages/airflow/example_dags/example_latest_only.py', '--cfg-path', '/tmp/tmpbfthfv59', '--error-file', '/tmp/tmp8q98bppj']
[2021-02-23 14:57:04,717] {standard_task_runner.py:77} INFO - Job 18: Subtask latest_only
[2021-02-23 14:57:07,010] {logging_mixin.py:104} INFO - Running <TaskInstance: latest_only.latest_only 2021-02-21T04:00:00+00:00 [running]> on host 0513e3a4eab6
[2021-02-23 14:57:08,985] {taskinstance.py:1257} INFO - Exporting the following env vars:
AIRFLOW_CTX_DAG_OWNER=airflow
AIRFLOW_CTX_DAG_ID=latest_only
AIRFLOW_CTX_TASK_ID=latest_only
AIRFLOW_CTX_EXECUTION_DATE=2021-02-21T04:00:00+00:00
AIRFLOW_CTX_DAG_RUN_ID=scheduled__2021-02-21T04:00:00+00:00
[2021-02-23 14:57:09,010] {latest_only.py:57} INFO - Checking latest only with left_window: 2021-02-21T08:00:00+00:00 right_window: 2021-02-21T12:00:00+00:00 now: 2021-02-23T14:57:09.004976+00:00
[2021-02-23 14:57:09,023] {latest_only.py:61} INFO - Not latest execution, skipping downstream.
[2021-02-23 14:57:09,029] {skipmixin.py:124} INFO - Following branch []
[2021-02-23 14:57:09,109] {skipmixin.py:155} INFO - Skipping tasks ['task1']
[2021-02-23 14:57:10,427] {taskinstance.py:1166} INFO - Marking task as SUCCESS. dag_id=latest_only, task_id=latest_only, execution_date=20210221T040000, start_date=20210223T145703, end_date=20210223T145710
[2021-02-23 14:57:11,393] {local_task_job.py:188} WARNING - State of this instance has been externally set to success. Terminating instance.
[2021-02-23 14:57:11,764] {process_utils.py:100} INFO - Sending Signals.SIGTERM to GPID 94
[2021-02-23 14:57:11,816] {taskinstance.py:1239} ERROR - Received SIGTERM. Terminating subprocesses.
[2021-02-23 14:57:12,919] {process_utils.py:66} INFO - Process psutil.Process(pid=94, status='terminated', exitcode=1, started='14:57:03') (94) terminated with exit code 1
