[2021-02-23 14:57:43,550] {taskinstance.py:851} INFO - Dependencies all met for <TaskInstance: latest_only.latest_only 2021-02-22T12:00:00+00:00 [queued]>
[2021-02-23 14:57:44,246] {taskinstance.py:851} INFO - Dependencies all met for <TaskInstance: latest_only.latest_only 2021-02-22T12:00:00+00:00 [queued]>
[2021-02-23 14:57:44,256] {taskinstance.py:1042} INFO - 
--------------------------------------------------------------------------------
[2021-02-23 14:57:44,264] {taskinstance.py:1043} INFO - Starting attempt 1 of 1
[2021-02-23 14:57:44,279] {taskinstance.py:1044} INFO - 
--------------------------------------------------------------------------------
[2021-02-23 14:57:45,085] {taskinstance.py:1063} INFO - Executing <Task(LatestOnlyOperator): latest_only> on 2021-02-22T12:00:00+00:00
[2021-02-23 14:57:45,138] {standard_task_runner.py:52} INFO - Started process 137 to run task
[2021-02-23 14:57:45,465] {standard_task_runner.py:76} INFO - Running: ['airflow', 'tasks', 'run', 'latest_only', 'latest_only', '2021-02-22T12:00:00+00:00', '--job-id', '42', '--pool', 'default_pool', '--raw', '--subdir', '/home/airflow/.local/lib/python3.6/site-packages/airflow/example_dags/example_latest_only.py', '--cfg-path', '/tmp/tmprafl_vej', '--error-file', '/tmp/tmpe46hlpt1']
[2021-02-23 14:57:45,515] {standard_task_runner.py:77} INFO - Job 42: Subtask latest_only
[2021-02-23 14:57:47,412] {logging_mixin.py:104} INFO - Running <TaskInstance: latest_only.latest_only 2021-02-22T12:00:00+00:00 [running]> on host 0513e3a4eab6
[2021-02-23 14:57:48,269] {taskinstance.py:1257} INFO - Exporting the following env vars:
AIRFLOW_CTX_DAG_OWNER=airflow
AIRFLOW_CTX_DAG_ID=latest_only
AIRFLOW_CTX_TASK_ID=latest_only
AIRFLOW_CTX_EXECUTION_DATE=2021-02-22T12:00:00+00:00
AIRFLOW_CTX_DAG_RUN_ID=scheduled__2021-02-22T12:00:00+00:00
[2021-02-23 14:57:48,278] {latest_only.py:57} INFO - Checking latest only with left_window: 2021-02-22T16:00:00+00:00 right_window: 2021-02-22T20:00:00+00:00 now: 2021-02-23T14:57:48.277211+00:00
[2021-02-23 14:57:48,281] {latest_only.py:61} INFO - Not latest execution, skipping downstream.
[2021-02-23 14:57:48,285] {skipmixin.py:124} INFO - Following branch []
[2021-02-23 14:57:48,405] {skipmixin.py:155} INFO - Skipping tasks ['task1']
[2021-02-23 14:57:49,559] {taskinstance.py:1166} INFO - Marking task as SUCCESS. dag_id=latest_only, task_id=latest_only, execution_date=20210222T120000, start_date=20210223T145743, end_date=20210223T145749
[2021-02-23 14:57:50,314] {taskinstance.py:1220} INFO - 0 downstream tasks scheduled from follow-on schedule check
[2021-02-23 14:57:51,169] {local_task_job.py:146} INFO - Task exited with return code 0
