[2021-02-23 14:57:47,814] {taskinstance.py:851} INFO - Dependencies all met for <TaskInstance: tutorial.templated 2021-02-21T00:00:00+00:00 [queued]>
[2021-02-23 14:57:48,131] {taskinstance.py:851} INFO - Dependencies all met for <TaskInstance: tutorial.templated 2021-02-21T00:00:00+00:00 [queued]>
[2021-02-23 14:57:48,145] {taskinstance.py:1042} INFO - 
--------------------------------------------------------------------------------
[2021-02-23 14:57:48,148] {taskinstance.py:1043} INFO - Starting attempt 1 of 2
[2021-02-23 14:57:48,150] {taskinstance.py:1044} INFO - 
--------------------------------------------------------------------------------
[2021-02-23 14:57:48,239] {taskinstance.py:1063} INFO - Executing <Task(BashOperator): templated> on 2021-02-21T00:00:00+00:00
[2021-02-23 14:57:48,313] {standard_task_runner.py:52} INFO - Started process 144 to run task
[2021-02-23 14:57:48,607] {standard_task_runner.py:76} INFO - Running: ['airflow', 'tasks', 'run', 'tutorial', 'templated', '2021-02-21T00:00:00+00:00', '--job-id', '47', '--pool', 'default_pool', '--raw', '--subdir', '/home/airflow/.local/lib/python3.6/site-packages/airflow/example_dags/tutorial.py', '--cfg-path', '/tmp/tmp7wcw16jb', '--error-file', '/tmp/tmpf5f84gcc']
[2021-02-23 14:57:48,616] {standard_task_runner.py:77} INFO - Job 47: Subtask templated
[2021-02-23 14:57:50,334] {logging_mixin.py:104} INFO - Running <TaskInstance: tutorial.templated 2021-02-21T00:00:00+00:00 [running]> on host 0513e3a4eab6
[2021-02-23 14:57:52,228] {taskinstance.py:1257} INFO - Exporting the following env vars:
AIRFLOW_CTX_DAG_EMAIL=airflow@example.com
AIRFLOW_CTX_DAG_OWNER=airflow
AIRFLOW_CTX_DAG_ID=tutorial
AIRFLOW_CTX_TASK_ID=templated
AIRFLOW_CTX_EXECUTION_DATE=2021-02-21T00:00:00+00:00
AIRFLOW_CTX_DAG_RUN_ID=scheduled__2021-02-21T00:00:00+00:00
[2021-02-23 14:57:52,238] {bash.py:135} INFO - Tmp dir root location: 
 /tmp
[2021-02-23 14:57:52,258] {bash.py:158} INFO - Running command: 

    echo "2021-02-21"
    echo "2021-02-28"
    echo "Parameter I passed in"

    echo "2021-02-21"
    echo "2021-02-28"
    echo "Parameter I passed in"

    echo "2021-02-21"
    echo "2021-02-28"
    echo "Parameter I passed in"

    echo "2021-02-21"
    echo "2021-02-28"
    echo "Parameter I passed in"

    echo "2021-02-21"
    echo "2021-02-28"
    echo "Parameter I passed in"

[2021-02-23 14:57:52,811] {bash.py:169} INFO - Output:
[2021-02-23 14:57:52,929] {bash.py:173} INFO - 2021-02-21
[2021-02-23 14:57:52,936] {bash.py:173} INFO - 2021-02-28
[2021-02-23 14:57:52,938] {bash.py:173} INFO - Parameter I passed in
[2021-02-23 14:57:52,941] {bash.py:173} INFO - 2021-02-21
[2021-02-23 14:57:52,946] {bash.py:173} INFO - 2021-02-28
[2021-02-23 14:57:52,970] {bash.py:173} INFO - Parameter I passed in
[2021-02-23 14:57:52,974] {bash.py:173} INFO - 2021-02-21
[2021-02-23 14:57:52,979] {bash.py:173} INFO - 2021-02-28
[2021-02-23 14:57:52,982] {bash.py:173} INFO - Parameter I passed in
[2021-02-23 14:57:52,996] {bash.py:173} INFO - 2021-02-21
[2021-02-23 14:57:52,999] {bash.py:173} INFO - 2021-02-28
[2021-02-23 14:57:53,001] {bash.py:173} INFO - Parameter I passed in
[2021-02-23 14:57:53,012] {bash.py:173} INFO - 2021-02-21
[2021-02-23 14:57:53,014] {bash.py:173} INFO - 2021-02-28
[2021-02-23 14:57:53,020] {bash.py:173} INFO - Parameter I passed in
[2021-02-23 14:57:53,023] {bash.py:177} INFO - Command exited with return code 0
[2021-02-23 14:57:53,259] {taskinstance.py:1166} INFO - Marking task as SUCCESS. dag_id=tutorial, task_id=templated, execution_date=20210221T000000, start_date=20210223T145747, end_date=20210223T145753
[2021-02-23 14:57:53,642] {taskinstance.py:1220} INFO - 0 downstream tasks scheduled from follow-on schedule check
[2021-02-23 14:57:53,924] {local_task_job.py:146} INFO - Task exited with return code 0
