[2021-02-23 14:57:31,457] {taskinstance.py:851} INFO - Dependencies all met for <TaskInstance: example_bash_operator.runme_1 2021-02-22T00:00:00+00:00 [queued]>
[2021-02-23 14:57:31,819] {taskinstance.py:851} INFO - Dependencies all met for <TaskInstance: example_bash_operator.runme_1 2021-02-22T00:00:00+00:00 [queued]>
[2021-02-23 14:57:31,821] {taskinstance.py:1042} INFO - 
--------------------------------------------------------------------------------
[2021-02-23 14:57:31,830] {taskinstance.py:1043} INFO - Starting attempt 1 of 1
[2021-02-23 14:57:31,834] {taskinstance.py:1044} INFO - 
--------------------------------------------------------------------------------
[2021-02-23 14:57:42,972] {taskinstance.py:1063} INFO - Executing <Task(BashOperator): runme_1> on 2021-02-22T00:00:00+00:00
[2021-02-23 14:57:43,386] {standard_task_runner.py:52} INFO - Started process 135 to run task
[2021-02-23 14:57:43,538] {standard_task_runner.py:76} INFO - Running: ['airflow', 'tasks', 'run', 'example_bash_operator', 'runme_1', '2021-02-22T00:00:00+00:00', '--job-id', '39', '--pool', 'default_pool', '--raw', '--subdir', '/home/airflow/.local/lib/python3.6/site-packages/airflow/example_dags/example_bash_operator.py', '--cfg-path', '/tmp/tmpypwk677a', '--error-file', '/tmp/tmp0uofzw14']
[2021-02-23 14:57:43,546] {standard_task_runner.py:77} INFO - Job 39: Subtask runme_1
[2021-02-23 14:57:46,198] {logging_mixin.py:104} INFO - Running <TaskInstance: example_bash_operator.runme_1 2021-02-22T00:00:00+00:00 [running]> on host 0513e3a4eab6
[2021-02-23 14:57:47,866] {taskinstance.py:1257} INFO - Exporting the following env vars:
AIRFLOW_CTX_DAG_OWNER=airflow
AIRFLOW_CTX_DAG_ID=example_bash_operator
AIRFLOW_CTX_TASK_ID=runme_1
AIRFLOW_CTX_EXECUTION_DATE=2021-02-22T00:00:00+00:00
AIRFLOW_CTX_DAG_RUN_ID=scheduled__2021-02-22T00:00:00+00:00
[2021-02-23 14:57:47,871] {bash.py:135} INFO - Tmp dir root location: 
 /tmp
[2021-02-23 14:57:47,900] {bash.py:158} INFO - Running command: echo "example_bash_operator__runme_1__20210222" && sleep 1
[2021-02-23 14:57:48,215] {bash.py:169} INFO - Output:
[2021-02-23 14:57:48,263] {bash.py:173} INFO - example_bash_operator__runme_1__20210222
[2021-02-23 14:57:49,283] {bash.py:177} INFO - Command exited with return code 0
[2021-02-23 14:57:49,983] {taskinstance.py:1166} INFO - Marking task as SUCCESS. dag_id=example_bash_operator, task_id=runme_1, execution_date=20210222T000000, start_date=20210223T145731, end_date=20210223T145749
[2021-02-23 14:57:50,574] {taskinstance.py:1220} INFO - 0 downstream tasks scheduled from follow-on schedule check
[2021-02-23 14:57:51,046] {local_task_job.py:146} INFO - Task exited with return code 0
