[2021-02-23 15:51:09,249] {taskinstance.py:851} INFO - Dependencies all met for <TaskInstance: example_branch_dop_operator_v3.condition 2021-02-21T08:55:00+00:00 [queued]>
[2021-02-23 15:51:09,434] {taskinstance.py:851} INFO - Dependencies all met for <TaskInstance: example_branch_dop_operator_v3.condition 2021-02-21T08:55:00+00:00 [queued]>
[2021-02-23 15:51:09,436] {taskinstance.py:1042} INFO - 
--------------------------------------------------------------------------------
[2021-02-23 15:51:09,438] {taskinstance.py:1043} INFO - Starting attempt 1 of 1
[2021-02-23 15:51:09,440] {taskinstance.py:1044} INFO - 
--------------------------------------------------------------------------------
[2021-02-23 15:51:09,500] {taskinstance.py:1063} INFO - Executing <Task(BranchPythonOperator): condition> on 2021-02-21T08:55:00+00:00
[2021-02-23 15:51:09,520] {standard_task_runner.py:52} INFO - Started process 6538 to run task
[2021-02-23 15:51:09,584] {standard_task_runner.py:76} INFO - Running: ['airflow', 'tasks', 'run', 'example_branch_dop_operator_v3', 'condition', '2021-02-21T08:55:00+00:00', '--job-id', '3236', '--pool', 'default_pool', '--raw', '--subdir', '/home/airflow/.local/lib/python3.6/site-packages/airflow/example_dags/example_branch_python_dop_operator_3.py', '--cfg-path', '/tmp/tmp3_4j5ayu', '--error-file', '/tmp/tmpirftu7pf']
[2021-02-23 15:51:09,596] {standard_task_runner.py:77} INFO - Job 3236: Subtask condition
[2021-02-23 15:51:09,734] {logging_mixin.py:104} INFO - Running <TaskInstance: example_branch_dop_operator_v3.condition 2021-02-21T08:55:00+00:00 [running]> on host 0513e3a4eab6
[2021-02-23 15:51:09,907] {taskinstance.py:1257} INFO - Exporting the following env vars:
AIRFLOW_CTX_DAG_OWNER=airflow
AIRFLOW_CTX_DAG_ID=example_branch_dop_operator_v3
AIRFLOW_CTX_TASK_ID=condition
AIRFLOW_CTX_EXECUTION_DATE=2021-02-21T08:55:00+00:00
AIRFLOW_CTX_DAG_RUN_ID=scheduled__2021-02-21T08:55:00+00:00
[2021-02-23 15:51:09,912] {logging_mixin.py:104} INFO - ------------- exec dttm = 2021-02-21T08:55:00+00:00 and minute = 55
[2021-02-23 15:51:09,914] {python.py:118} INFO - Done. Returned value was: dummy_task_2
[2021-02-23 15:51:09,916] {skipmixin.py:124} INFO - Following branch dummy_task_2
[2021-02-23 15:51:09,971] {skipmixin.py:155} INFO - Skipping tasks ['dummy_task_1']
[2021-02-23 15:51:10,096] {taskinstance.py:1166} INFO - Marking task as SUCCESS. dag_id=example_branch_dop_operator_v3, task_id=condition, execution_date=20210221T085500, start_date=20210223T155109, end_date=20210223T155110
[2021-02-23 15:51:10,311] {taskinstance.py:1220} INFO - 1 downstream tasks scheduled from follow-on schedule check
[2021-02-23 15:51:10,367] {local_task_job.py:146} INFO - Task exited with return code 0
