[2021-02-23 14:56:36,261] {taskinstance.py:851} INFO - Dependencies all met for <TaskInstance: example_short_circuit_operator.condition_is_True 2021-02-22T00:00:00+00:00 [queued]>
[2021-02-23 14:56:37,412] {taskinstance.py:851} INFO - Dependencies all met for <TaskInstance: example_short_circuit_operator.condition_is_True 2021-02-22T00:00:00+00:00 [queued]>
[2021-02-23 14:56:37,503] {taskinstance.py:1042} INFO - 
--------------------------------------------------------------------------------
[2021-02-23 14:56:37,529] {taskinstance.py:1043} INFO - Starting attempt 1 of 1
[2021-02-23 14:56:37,545] {taskinstance.py:1044} INFO - 
--------------------------------------------------------------------------------
[2021-02-23 14:56:40,359] {taskinstance.py:1063} INFO - Executing <Task(ShortCircuitOperator): condition_is_True> on 2021-02-22T00:00:00+00:00
[2021-02-23 14:56:40,991] {standard_task_runner.py:52} INFO - Started process 70 to run task
[2021-02-23 14:56:41,463] {standard_task_runner.py:76} INFO - Running: ['airflow', 'tasks', 'run', 'example_short_circuit_operator', 'condition_is_True', '2021-02-22T00:00:00+00:00', '--job-id', '14', '--pool', 'default_pool', '--raw', '--subdir', '/home/airflow/.local/lib/python3.6/site-packages/airflow/example_dags/example_short_circuit_operator.py', '--cfg-path', '/tmp/tmp4ekphwfk', '--error-file', '/tmp/tmpc8oeh2ip']
[2021-02-23 14:56:41,531] {standard_task_runner.py:77} INFO - Job 14: Subtask condition_is_True
[2021-02-23 14:56:46,161] {logging_mixin.py:104} INFO - Running <TaskInstance: example_short_circuit_operator.condition_is_True 2021-02-22T00:00:00+00:00 [running]> on host 0513e3a4eab6
[2021-02-23 14:56:47,026] {taskinstance.py:1257} INFO - Exporting the following env vars:
AIRFLOW_CTX_DAG_OWNER=airflow
AIRFLOW_CTX_DAG_ID=example_short_circuit_operator
AIRFLOW_CTX_TASK_ID=condition_is_True
AIRFLOW_CTX_EXECUTION_DATE=2021-02-22T00:00:00+00:00
AIRFLOW_CTX_DAG_RUN_ID=scheduled__2021-02-22T00:00:00+00:00
[2021-02-23 14:56:47,066] {python.py:118} INFO - Done. Returned value was: True
[2021-02-23 14:56:47,110] {python.py:344} INFO - Condition result is True
[2021-02-23 14:56:47,127] {python.py:347} INFO - Proceeding with downstream tasks...
[2021-02-23 14:56:47,373] {taskinstance.py:1166} INFO - Marking task as SUCCESS. dag_id=example_short_circuit_operator, task_id=condition_is_True, execution_date=20210222T000000, start_date=20210223T145636, end_date=20210223T145647
[2021-02-23 14:56:48,154] {taskinstance.py:1220} INFO - 1 downstream tasks scheduled from follow-on schedule check
[2021-02-23 14:56:48,407] {local_task_job.py:146} INFO - Task exited with return code 0
