[2021-02-23 15:27:25,023] {taskinstance.py:851} INFO - Dependencies all met for <TaskInstance: example_branch_dop_operator_v3.condition 2021-02-21T04:44:00+00:00 [queued]>
[2021-02-23 15:27:25,166] {taskinstance.py:851} INFO - Dependencies all met for <TaskInstance: example_branch_dop_operator_v3.condition 2021-02-21T04:44:00+00:00 [queued]>
[2021-02-23 15:27:25,168] {taskinstance.py:1042} INFO - 
--------------------------------------------------------------------------------
[2021-02-23 15:27:25,175] {taskinstance.py:1043} INFO - Starting attempt 1 of 1
[2021-02-23 15:27:25,177] {taskinstance.py:1044} INFO - 
--------------------------------------------------------------------------------
[2021-02-23 15:27:25,210] {taskinstance.py:1063} INFO - Executing <Task(BranchPythonOperator): condition> on 2021-02-21T04:44:00+00:00
[2021-02-23 15:27:25,227] {standard_task_runner.py:52} INFO - Started process 3642 to run task
[2021-02-23 15:27:25,289] {standard_task_runner.py:76} INFO - Running: ['airflow', 'tasks', 'run', 'example_branch_dop_operator_v3', 'condition', '2021-02-21T04:44:00+00:00', '--job-id', '1790', '--pool', 'default_pool', '--raw', '--subdir', '/home/airflow/.local/lib/python3.6/site-packages/airflow/example_dags/example_branch_python_dop_operator_3.py', '--cfg-path', '/tmp/tmpnh_niws8', '--error-file', '/tmp/tmphnudnvi0']
[2021-02-23 15:27:25,291] {standard_task_runner.py:77} INFO - Job 1790: Subtask condition
[2021-02-23 15:27:25,483] {logging_mixin.py:104} INFO - Running <TaskInstance: example_branch_dop_operator_v3.condition 2021-02-21T04:44:00+00:00 [running]> on host 0513e3a4eab6
[2021-02-23 15:27:25,671] {taskinstance.py:1257} INFO - Exporting the following env vars:
AIRFLOW_CTX_DAG_OWNER=airflow
AIRFLOW_CTX_DAG_ID=example_branch_dop_operator_v3
AIRFLOW_CTX_TASK_ID=condition
AIRFLOW_CTX_EXECUTION_DATE=2021-02-21T04:44:00+00:00
AIRFLOW_CTX_DAG_RUN_ID=scheduled__2021-02-21T04:44:00+00:00
[2021-02-23 15:27:25,673] {logging_mixin.py:104} INFO - ------------- exec dttm = 2021-02-21T04:44:00+00:00 and minute = 44
[2021-02-23 15:27:25,675] {python.py:118} INFO - Done. Returned value was: dummy_task_1
[2021-02-23 15:27:25,676] {skipmixin.py:124} INFO - Following branch dummy_task_1
[2021-02-23 15:27:25,696] {skipmixin.py:155} INFO - Skipping tasks ['dummy_task_2']
[2021-02-23 15:27:25,869] {taskinstance.py:1166} INFO - Marking task as SUCCESS. dag_id=example_branch_dop_operator_v3, task_id=condition, execution_date=20210221T044400, start_date=20210223T152725, end_date=20210223T152725
[2021-02-23 15:27:26,148] {taskinstance.py:1220} INFO - 1 downstream tasks scheduled from follow-on schedule check
[2021-02-23 15:27:26,193] {local_task_job.py:146} INFO - Task exited with return code 0
