[2021-02-23 14:57:06,140] {taskinstance.py:851} INFO - Dependencies all met for <TaskInstance: latest_only.latest_only 2021-02-21T12:00:00+00:00 [queued]>
[2021-02-23 14:57:06,965] {taskinstance.py:851} INFO - Dependencies all met for <TaskInstance: latest_only.latest_only 2021-02-21T12:00:00+00:00 [queued]>
[2021-02-23 14:57:06,985] {taskinstance.py:1042} INFO - 
--------------------------------------------------------------------------------
[2021-02-23 14:57:06,990] {taskinstance.py:1043} INFO - Starting attempt 1 of 1
[2021-02-23 14:57:07,003] {taskinstance.py:1044} INFO - 
--------------------------------------------------------------------------------
[2021-02-23 14:57:07,380] {taskinstance.py:1063} INFO - Executing <Task(LatestOnlyOperator): latest_only> on 2021-02-21T12:00:00+00:00
[2021-02-23 14:57:08,047] {standard_task_runner.py:76} INFO - Running: ['airflow', 'tasks', 'run', 'latest_only', 'latest_only', '2021-02-21T12:00:00+00:00', '--job-id', '21', '--pool', 'default_pool', '--raw', '--subdir', '/home/airflow/.local/lib/python3.6/site-packages/airflow/example_dags/example_latest_only.py', '--cfg-path', '/tmp/tmpe2vara7o', '--error-file', '/tmp/tmp79ak_t2n']
[2021-02-23 14:57:07,607] {standard_task_runner.py:52} INFO - Started process 96 to run task
[2021-02-23 14:57:08,094] {standard_task_runner.py:77} INFO - Job 21: Subtask latest_only
[2021-02-23 14:57:09,397] {logging_mixin.py:104} INFO - Running <TaskInstance: latest_only.latest_only 2021-02-21T12:00:00+00:00 [running]> on host 0513e3a4eab6
[2021-02-23 14:57:11,974] {taskinstance.py:1257} INFO - Exporting the following env vars:
AIRFLOW_CTX_DAG_OWNER=airflow
AIRFLOW_CTX_DAG_ID=latest_only
AIRFLOW_CTX_TASK_ID=latest_only
AIRFLOW_CTX_EXECUTION_DATE=2021-02-21T12:00:00+00:00
AIRFLOW_CTX_DAG_RUN_ID=scheduled__2021-02-21T12:00:00+00:00
[2021-02-23 14:57:12,042] {latest_only.py:57} INFO - Checking latest only with left_window: 2021-02-21T16:00:00+00:00 right_window: 2021-02-21T20:00:00+00:00 now: 2021-02-23T14:57:12.022967+00:00
[2021-02-23 14:57:12,053] {latest_only.py:61} INFO - Not latest execution, skipping downstream.
[2021-02-23 14:57:12,129] {skipmixin.py:124} INFO - Following branch []
[2021-02-23 14:57:12,891] {skipmixin.py:155} INFO - Skipping tasks ['task1']
[2021-02-23 14:57:15,465] {taskinstance.py:1166} INFO - Marking task as SUCCESS. dag_id=latest_only, task_id=latest_only, execution_date=20210221T120000, start_date=20210223T145706, end_date=20210223T145715
[2021-02-23 14:57:16,288] {taskinstance.py:1220} INFO - 0 downstream tasks scheduled from follow-on schedule check
[2021-02-23 14:57:16,864] {local_task_job.py:146} INFO - Task exited with return code 0
