[2021-02-23 14:57:46,325] {taskinstance.py:851} INFO - Dependencies all met for <TaskInstance: latest_only.latest_only 2021-02-22T16:00:00+00:00 [queued]>
[2021-02-23 14:57:46,885] {taskinstance.py:851} INFO - Dependencies all met for <TaskInstance: latest_only.latest_only 2021-02-22T16:00:00+00:00 [queued]>
[2021-02-23 14:57:46,889] {taskinstance.py:1042} INFO - 
--------------------------------------------------------------------------------
[2021-02-23 14:57:46,891] {taskinstance.py:1043} INFO - Starting attempt 1 of 1
[2021-02-23 14:57:46,894] {taskinstance.py:1044} INFO - 
--------------------------------------------------------------------------------
[2021-02-23 14:57:47,303] {taskinstance.py:1063} INFO - Executing <Task(LatestOnlyOperator): latest_only> on 2021-02-22T16:00:00+00:00
[2021-02-23 14:57:47,597] {standard_task_runner.py:76} INFO - Running: ['airflow', 'tasks', 'run', 'latest_only', 'latest_only', '2021-02-22T16:00:00+00:00', '--job-id', '46', '--pool', 'default_pool', '--raw', '--subdir', '/home/airflow/.local/lib/python3.6/site-packages/airflow/example_dags/example_latest_only.py', '--cfg-path', '/tmp/tmp269tid09', '--error-file', '/tmp/tmpz0ra5lcw']
[2021-02-23 14:57:47,601] {standard_task_runner.py:77} INFO - Job 46: Subtask latest_only
[2021-02-23 14:57:47,429] {standard_task_runner.py:52} INFO - Started process 142 to run task
[2021-02-23 14:57:48,788] {logging_mixin.py:104} INFO - Running <TaskInstance: latest_only.latest_only 2021-02-22T16:00:00+00:00 [running]> on host 0513e3a4eab6
[2021-02-23 14:57:49,999] {taskinstance.py:1257} INFO - Exporting the following env vars:
AIRFLOW_CTX_DAG_OWNER=airflow
AIRFLOW_CTX_DAG_ID=latest_only
AIRFLOW_CTX_TASK_ID=latest_only
AIRFLOW_CTX_EXECUTION_DATE=2021-02-22T16:00:00+00:00
AIRFLOW_CTX_DAG_RUN_ID=scheduled__2021-02-22T16:00:00+00:00
[2021-02-23 14:57:50,059] {latest_only.py:57} INFO - Checking latest only with left_window: 2021-02-22T20:00:00+00:00 right_window: 2021-02-23T00:00:00+00:00 now: 2021-02-23T14:57:50.025356+00:00
[2021-02-23 14:57:50,090] {latest_only.py:61} INFO - Not latest execution, skipping downstream.
[2021-02-23 14:57:50,161] {skipmixin.py:124} INFO - Following branch []
[2021-02-23 14:57:50,360] {skipmixin.py:155} INFO - Skipping tasks ['task1']
[2021-02-23 14:57:51,175] {taskinstance.py:1166} INFO - Marking task as SUCCESS. dag_id=latest_only, task_id=latest_only, execution_date=20210222T160000, start_date=20210223T145746, end_date=20210223T145751
[2021-02-23 14:57:52,033] {taskinstance.py:1220} INFO - 0 downstream tasks scheduled from follow-on schedule check
[2021-02-23 14:57:52,496] {local_task_job.py:146} INFO - Task exited with return code 0
