[2021-02-23 14:56:29,017] {taskinstance.py:851} INFO - Dependencies all met for <TaskInstance: example_branch_operator.branching 2021-02-21T00:00:00+00:00 [queued]>
[2021-02-23 14:56:31,299] {taskinstance.py:851} INFO - Dependencies all met for <TaskInstance: example_branch_operator.branching 2021-02-21T00:00:00+00:00 [queued]>
[2021-02-23 14:56:31,307] {taskinstance.py:1042} INFO - 
--------------------------------------------------------------------------------
[2021-02-23 14:56:31,322] {taskinstance.py:1043} INFO - Starting attempt 1 of 1
[2021-02-23 14:56:31,337] {taskinstance.py:1044} INFO - 
--------------------------------------------------------------------------------
[2021-02-23 14:56:31,917] {taskinstance.py:1063} INFO - Executing <Task(BranchPythonOperator): branching> on 2021-02-21T00:00:00+00:00
[2021-02-23 14:56:32,205] {standard_task_runner.py:76} INFO - Running: ['airflow', 'tasks', 'run', 'example_branch_operator', 'branching', '2021-02-21T00:00:00+00:00', '--job-id', '5', '--pool', 'default_pool', '--raw', '--subdir', '/home/airflow/.local/lib/python3.6/site-packages/airflow/example_dags/example_branch_operator.py', '--cfg-path', '/tmp/tmprnkglz2e', '--error-file', '/tmp/tmprzqhj9sf']
[2021-02-23 14:56:32,223] {standard_task_runner.py:77} INFO - Job 5: Subtask branching
[2021-02-23 14:56:32,124] {standard_task_runner.py:52} INFO - Started process 58 to run task
[2021-02-23 14:56:34,506] {logging_mixin.py:104} INFO - Running <TaskInstance: example_branch_operator.branching 2021-02-21T00:00:00+00:00 [running]> on host 0513e3a4eab6
[2021-02-23 14:56:36,366] {taskinstance.py:1257} INFO - Exporting the following env vars:
AIRFLOW_CTX_DAG_OWNER=airflow
AIRFLOW_CTX_DAG_ID=example_branch_operator
AIRFLOW_CTX_TASK_ID=branching
AIRFLOW_CTX_EXECUTION_DATE=2021-02-21T00:00:00+00:00
AIRFLOW_CTX_DAG_RUN_ID=scheduled__2021-02-21T00:00:00+00:00
[2021-02-23 14:56:36,438] {python.py:118} INFO - Done. Returned value was: branch_a
[2021-02-23 14:56:36,449] {skipmixin.py:124} INFO - Following branch branch_a
[2021-02-23 14:56:36,863] {skipmixin.py:155} INFO - Skipping tasks ['branch_c', 'branch_b', 'branch_d']
[2021-02-23 14:56:43,419] {taskinstance.py:1166} INFO - Marking task as SUCCESS. dag_id=example_branch_operator, task_id=branching, execution_date=20210221T000000, start_date=20210223T145629, end_date=20210223T145643
[2021-02-23 14:56:46,176] {taskinstance.py:1220} INFO - 1 downstream tasks scheduled from follow-on schedule check
[2021-02-23 14:56:46,759] {local_task_job.py:146} INFO - Task exited with return code 0
