[2021-02-23 15:58:06,648] {taskinstance.py:851} INFO - Dependencies all met for <TaskInstance: example_branch_dop_operator_v3.condition 2021-02-21T10:02:00+00:00 [queued]>
[2021-02-23 15:58:06,948] {taskinstance.py:851} INFO - Dependencies all met for <TaskInstance: example_branch_dop_operator_v3.condition 2021-02-21T10:02:00+00:00 [queued]>
[2021-02-23 15:58:06,953] {taskinstance.py:1042} INFO - 
--------------------------------------------------------------------------------
[2021-02-23 15:58:06,955] {taskinstance.py:1043} INFO - Starting attempt 1 of 1
[2021-02-23 15:58:06,957] {taskinstance.py:1044} INFO - 
--------------------------------------------------------------------------------
[2021-02-23 15:58:06,986] {taskinstance.py:1063} INFO - Executing <Task(BranchPythonOperator): condition> on 2021-02-21T10:02:00+00:00
[2021-02-23 15:58:06,994] {standard_task_runner.py:52} INFO - Started process 7326 to run task
[2021-02-23 15:58:07,032] {standard_task_runner.py:76} INFO - Running: ['airflow', 'tasks', 'run', 'example_branch_dop_operator_v3', 'condition', '2021-02-21T10:02:00+00:00', '--job-id', '3632', '--pool', 'default_pool', '--raw', '--subdir', '/home/airflow/.local/lib/python3.6/site-packages/airflow/example_dags/example_branch_python_dop_operator_3.py', '--cfg-path', '/tmp/tmp7njunr1_', '--error-file', '/tmp/tmpvcwrllib']
[2021-02-23 15:58:07,049] {standard_task_runner.py:77} INFO - Job 3632: Subtask condition
[2021-02-23 15:58:07,185] {logging_mixin.py:104} INFO - Running <TaskInstance: example_branch_dop_operator_v3.condition 2021-02-21T10:02:00+00:00 [running]> on host 0513e3a4eab6
[2021-02-23 15:58:07,399] {taskinstance.py:1257} INFO - Exporting the following env vars:
AIRFLOW_CTX_DAG_OWNER=airflow
AIRFLOW_CTX_DAG_ID=example_branch_dop_operator_v3
AIRFLOW_CTX_TASK_ID=condition
AIRFLOW_CTX_EXECUTION_DATE=2021-02-21T10:02:00+00:00
AIRFLOW_CTX_DAG_RUN_ID=scheduled__2021-02-21T10:02:00+00:00
[2021-02-23 15:58:07,406] {logging_mixin.py:104} INFO - ------------- exec dttm = 2021-02-21T10:02:00+00:00 and minute = 2
[2021-02-23 15:58:07,408] {python.py:118} INFO - Done. Returned value was: dummy_task_1
[2021-02-23 15:58:07,414] {skipmixin.py:124} INFO - Following branch dummy_task_1
[2021-02-23 15:58:07,536] {skipmixin.py:155} INFO - Skipping tasks ['dummy_task_2']
[2021-02-23 15:58:07,851] {taskinstance.py:1166} INFO - Marking task as SUCCESS. dag_id=example_branch_dop_operator_v3, task_id=condition, execution_date=20210221T100200, start_date=20210223T155806, end_date=20210223T155807
[2021-02-23 15:58:08,237] {taskinstance.py:1220} INFO - 1 downstream tasks scheduled from follow-on schedule check
[2021-02-23 15:58:08,310] {local_task_job.py:146} INFO - Task exited with return code 0
