[2021-02-23 14:57:29,577] {taskinstance.py:851} INFO - Dependencies all met for <TaskInstance: latest_only_with_trigger.latest_only 2021-02-22T08:00:00+00:00 [queued]>
[2021-02-23 14:57:29,936] {taskinstance.py:851} INFO - Dependencies all met for <TaskInstance: latest_only_with_trigger.latest_only 2021-02-22T08:00:00+00:00 [queued]>
[2021-02-23 14:57:29,942] {taskinstance.py:1042} INFO - 
--------------------------------------------------------------------------------
[2021-02-23 14:57:29,943] {taskinstance.py:1043} INFO - Starting attempt 1 of 1
[2021-02-23 14:57:29,945] {taskinstance.py:1044} INFO - 
--------------------------------------------------------------------------------
[2021-02-23 14:57:30,102] {taskinstance.py:1063} INFO - Executing <Task(LatestOnlyOperator): latest_only> on 2021-02-22T08:00:00+00:00
[2021-02-23 14:57:30,170] {standard_task_runner.py:52} INFO - Started process 131 to run task
[2021-02-23 14:57:30,360] {standard_task_runner.py:76} INFO - Running: ['airflow', 'tasks', 'run', 'latest_only_with_trigger', 'latest_only', '2021-02-22T08:00:00+00:00', '--job-id', '36', '--pool', 'default_pool', '--raw', '--subdir', '/home/airflow/.local/lib/python3.6/site-packages/airflow/example_dags/example_latest_only_with_trigger.py', '--cfg-path', '/tmp/tmp5ri91w3a', '--error-file', '/tmp/tmpvdpc9goh']
[2021-02-23 14:57:30,380] {standard_task_runner.py:77} INFO - Job 36: Subtask latest_only
[2021-02-23 14:57:42,289] {logging_mixin.py:104} INFO - Running <TaskInstance: latest_only_with_trigger.latest_only 2021-02-22T08:00:00+00:00 [running]> on host 0513e3a4eab6
[2021-02-23 14:57:43,854] {taskinstance.py:1257} INFO - Exporting the following env vars:
AIRFLOW_CTX_DAG_OWNER=airflow
AIRFLOW_CTX_DAG_ID=latest_only_with_trigger
AIRFLOW_CTX_TASK_ID=latest_only
AIRFLOW_CTX_EXECUTION_DATE=2021-02-22T08:00:00+00:00
AIRFLOW_CTX_DAG_RUN_ID=scheduled__2021-02-22T08:00:00+00:00
[2021-02-23 14:57:43,870] {latest_only.py:57} INFO - Checking latest only with left_window: 2021-02-22T12:00:00+00:00 right_window: 2021-02-22T16:00:00+00:00 now: 2021-02-23T14:57:43.860518+00:00
[2021-02-23 14:57:43,875] {latest_only.py:61} INFO - Not latest execution, skipping downstream.
[2021-02-23 14:57:43,878] {skipmixin.py:124} INFO - Following branch []
[2021-02-23 14:57:44,395] {skipmixin.py:155} INFO - Skipping tasks ['task1']
[2021-02-23 14:57:45,841] {taskinstance.py:1166} INFO - Marking task as SUCCESS. dag_id=latest_only_with_trigger, task_id=latest_only, execution_date=20210222T080000, start_date=20210223T145729, end_date=20210223T145745
[2021-02-23 14:57:46,815] {taskinstance.py:1220} INFO - 0 downstream tasks scheduled from follow-on schedule check
[2021-02-23 14:57:47,787] {local_task_job.py:146} INFO - Task exited with return code 0
