[2021-02-23 14:58:29,717] {taskinstance.py:851} INFO - Dependencies all met for <TaskInstance: latest_only_with_trigger.latest_only 2021-02-22T00:00:00+00:00 [queued]>
[2021-02-23 14:58:30,052] {taskinstance.py:851} INFO - Dependencies all met for <TaskInstance: latest_only_with_trigger.latest_only 2021-02-22T00:00:00+00:00 [queued]>
[2021-02-23 14:58:30,055] {taskinstance.py:1042} INFO - 
--------------------------------------------------------------------------------
[2021-02-23 14:58:30,063] {taskinstance.py:1043} INFO - Starting attempt 1 of 1
[2021-02-23 14:58:30,066] {taskinstance.py:1044} INFO - 
--------------------------------------------------------------------------------
[2021-02-23 14:58:30,238] {taskinstance.py:1063} INFO - Executing <Task(LatestOnlyOperator): latest_only> on 2021-02-22T00:00:00+00:00
[2021-02-23 14:58:30,370] {standard_task_runner.py:76} INFO - Running: ['airflow', 'tasks', 'run', 'latest_only_with_trigger', 'latest_only', '2021-02-22T00:00:00+00:00', '--job-id', '71', '--pool', 'default_pool', '--raw', '--subdir', '/home/airflow/.local/lib/python3.6/site-packages/airflow/example_dags/example_latest_only_with_trigger.py', '--cfg-path', '/tmp/tmpho8bdefa', '--error-file', '/tmp/tmpi365nvm6']
[2021-02-23 14:58:30,396] {standard_task_runner.py:77} INFO - Job 71: Subtask latest_only
[2021-02-23 14:58:30,379] {standard_task_runner.py:52} INFO - Started process 210 to run task
[2021-02-23 14:58:31,671] {logging_mixin.py:104} INFO - Running <TaskInstance: latest_only_with_trigger.latest_only 2021-02-22T00:00:00+00:00 [running]> on host 0513e3a4eab6
[2021-02-23 14:58:32,758] {taskinstance.py:1257} INFO - Exporting the following env vars:
AIRFLOW_CTX_DAG_OWNER=airflow
AIRFLOW_CTX_DAG_ID=latest_only_with_trigger
AIRFLOW_CTX_TASK_ID=latest_only
AIRFLOW_CTX_EXECUTION_DATE=2021-02-22T00:00:00+00:00
AIRFLOW_CTX_DAG_RUN_ID=scheduled__2021-02-22T00:00:00+00:00
[2021-02-23 14:58:32,769] {latest_only.py:57} INFO - Checking latest only with left_window: 2021-02-22T04:00:00+00:00 right_window: 2021-02-22T08:00:00+00:00 now: 2021-02-23T14:58:32.768580+00:00
[2021-02-23 14:58:32,772] {latest_only.py:61} INFO - Not latest execution, skipping downstream.
[2021-02-23 14:58:32,789] {skipmixin.py:124} INFO - Following branch []
[2021-02-23 14:58:32,984] {skipmixin.py:155} INFO - Skipping tasks ['task1']
[2021-02-23 14:58:34,568] {taskinstance.py:1166} INFO - Marking task as SUCCESS. dag_id=latest_only_with_trigger, task_id=latest_only, execution_date=20210222T000000, start_date=20210223T145829, end_date=20210223T145834
[2021-02-23 14:58:35,741] {taskinstance.py:1220} INFO - 0 downstream tasks scheduled from follow-on schedule check
[2021-02-23 14:58:36,355] {local_task_job.py:188} WARNING - State of this instance has been externally set to success. Terminating instance.
[2021-02-23 14:58:36,457] {process_utils.py:100} INFO - Sending Signals.SIGTERM to GPID 210
[2021-02-23 14:58:36,641] {process_utils.py:66} INFO - Process psutil.Process(pid=210, status='terminated', exitcode=0, started='14:58:29') (210) terminated with exit code 0
