[2021-02-23 14:58:30,894] {taskinstance.py:851} INFO - Dependencies all met for <TaskInstance: latest_only.latest_only 2021-02-22T00:00:00+00:00 [queued]>
[2021-02-23 14:58:31,317] {taskinstance.py:851} INFO - Dependencies all met for <TaskInstance: latest_only.latest_only 2021-02-22T00:00:00+00:00 [queued]>
[2021-02-23 14:58:31,380] {taskinstance.py:1042} INFO - 
--------------------------------------------------------------------------------
[2021-02-23 14:58:31,411] {taskinstance.py:1043} INFO - Starting attempt 1 of 1
[2021-02-23 14:58:31,425] {taskinstance.py:1044} INFO - 
--------------------------------------------------------------------------------
[2021-02-23 14:58:31,734] {taskinstance.py:1063} INFO - Executing <Task(LatestOnlyOperator): latest_only> on 2021-02-22T00:00:00+00:00
[2021-02-23 14:58:31,920] {standard_task_runner.py:52} INFO - Started process 216 to run task
[2021-02-23 14:58:32,021] {standard_task_runner.py:76} INFO - Running: ['airflow', 'tasks', 'run', 'latest_only', 'latest_only', '2021-02-22T00:00:00+00:00', '--job-id', '74', '--pool', 'default_pool', '--raw', '--subdir', '/home/airflow/.local/lib/python3.6/site-packages/airflow/example_dags/example_latest_only.py', '--cfg-path', '/tmp/tmppdqrabsg', '--error-file', '/tmp/tmpfnod1ouj']
[2021-02-23 14:58:32,046] {standard_task_runner.py:77} INFO - Job 74: Subtask latest_only
[2021-02-23 14:58:32,611] {logging_mixin.py:104} INFO - Running <TaskInstance: latest_only.latest_only 2021-02-22T00:00:00+00:00 [running]> on host 0513e3a4eab6
[2021-02-23 14:58:33,275] {taskinstance.py:1257} INFO - Exporting the following env vars:
AIRFLOW_CTX_DAG_OWNER=airflow
AIRFLOW_CTX_DAG_ID=latest_only
AIRFLOW_CTX_TASK_ID=latest_only
AIRFLOW_CTX_EXECUTION_DATE=2021-02-22T00:00:00+00:00
AIRFLOW_CTX_DAG_RUN_ID=scheduled__2021-02-22T00:00:00+00:00
[2021-02-23 14:58:33,278] {latest_only.py:57} INFO - Checking latest only with left_window: 2021-02-22T04:00:00+00:00 right_window: 2021-02-22T08:00:00+00:00 now: 2021-02-23T14:58:33.277918+00:00
[2021-02-23 14:58:33,279] {latest_only.py:61} INFO - Not latest execution, skipping downstream.
[2021-02-23 14:58:33,281] {skipmixin.py:124} INFO - Following branch []
[2021-02-23 14:58:33,375] {skipmixin.py:155} INFO - Skipping tasks ['task1']
[2021-02-23 14:58:35,002] {taskinstance.py:1166} INFO - Marking task as SUCCESS. dag_id=latest_only, task_id=latest_only, execution_date=20210222T000000, start_date=20210223T145830, end_date=20210223T145835
[2021-02-23 14:58:36,316] {taskinstance.py:1220} INFO - 0 downstream tasks scheduled from follow-on schedule check
[2021-02-23 14:58:36,684] {local_task_job.py:146} INFO - Task exited with return code 0
