[2021-02-23 15:37:53,698] {taskinstance.py:851} INFO - Dependencies all met for <TaskInstance: example_branch_dop_operator_v3.condition 2021-02-21T06:29:00+00:00 [queued]>
[2021-02-23 15:37:53,825] {taskinstance.py:851} INFO - Dependencies all met for <TaskInstance: example_branch_dop_operator_v3.condition 2021-02-21T06:29:00+00:00 [queued]>
[2021-02-23 15:37:53,827] {taskinstance.py:1042} INFO - 
--------------------------------------------------------------------------------
[2021-02-23 15:37:53,829] {taskinstance.py:1043} INFO - Starting attempt 1 of 1
[2021-02-23 15:37:53,832] {taskinstance.py:1044} INFO - 
--------------------------------------------------------------------------------
[2021-02-23 15:37:53,853] {taskinstance.py:1063} INFO - Executing <Task(BranchPythonOperator): condition> on 2021-02-21T06:29:00+00:00
[2021-02-23 15:37:53,866] {standard_task_runner.py:52} INFO - Started process 4866 to run task
[2021-02-23 15:37:53,892] {standard_task_runner.py:76} INFO - Running: ['airflow', 'tasks', 'run', 'example_branch_dop_operator_v3', 'condition', '2021-02-21T06:29:00+00:00', '--job-id', '2400', '--pool', 'default_pool', '--raw', '--subdir', '/home/airflow/.local/lib/python3.6/site-packages/airflow/example_dags/example_branch_python_dop_operator_3.py', '--cfg-path', '/tmp/tmpxmxb_osu', '--error-file', '/tmp/tmp9lprn2xe']
[2021-02-23 15:37:53,896] {standard_task_runner.py:77} INFO - Job 2400: Subtask condition
[2021-02-23 15:37:54,007] {logging_mixin.py:104} INFO - Running <TaskInstance: example_branch_dop_operator_v3.condition 2021-02-21T06:29:00+00:00 [running]> on host 0513e3a4eab6
[2021-02-23 15:37:54,212] {taskinstance.py:1257} INFO - Exporting the following env vars:
AIRFLOW_CTX_DAG_OWNER=airflow
AIRFLOW_CTX_DAG_ID=example_branch_dop_operator_v3
AIRFLOW_CTX_TASK_ID=condition
AIRFLOW_CTX_EXECUTION_DATE=2021-02-21T06:29:00+00:00
AIRFLOW_CTX_DAG_RUN_ID=scheduled__2021-02-21T06:29:00+00:00
[2021-02-23 15:37:54,217] {logging_mixin.py:104} INFO - ------------- exec dttm = 2021-02-21T06:29:00+00:00 and minute = 29
[2021-02-23 15:37:54,221] {python.py:118} INFO - Done. Returned value was: dummy_task_2
[2021-02-23 15:37:54,227] {skipmixin.py:124} INFO - Following branch dummy_task_2
[2021-02-23 15:37:54,240] {skipmixin.py:155} INFO - Skipping tasks ['dummy_task_1']
[2021-02-23 15:37:54,359] {taskinstance.py:1166} INFO - Marking task as SUCCESS. dag_id=example_branch_dop_operator_v3, task_id=condition, execution_date=20210221T062900, start_date=20210223T153753, end_date=20210223T153754
[2021-02-23 15:37:54,990] {taskinstance.py:1220} INFO - 0 downstream tasks scheduled from follow-on schedule check
[2021-02-23 15:37:55,060] {local_task_job.py:146} INFO - Task exited with return code 0
