[2021-02-23 14:58:00,581] {taskinstance.py:851} INFO - Dependencies all met for <TaskInstance: example_task_group.section_2.inner_section_2.task_2 2021-02-22T00:00:00+00:00 [queued]>
[2021-02-23 14:58:01,196] {taskinstance.py:851} INFO - Dependencies all met for <TaskInstance: example_task_group.section_2.inner_section_2.task_2 2021-02-22T00:00:00+00:00 [queued]>
[2021-02-23 14:58:01,211] {taskinstance.py:1042} INFO - 
--------------------------------------------------------------------------------
[2021-02-23 14:58:01,227] {taskinstance.py:1043} INFO - Starting attempt 1 of 1
[2021-02-23 14:58:01,234] {taskinstance.py:1044} INFO - 
--------------------------------------------------------------------------------
[2021-02-23 14:58:01,654] {taskinstance.py:1063} INFO - Executing <Task(BashOperator): section_2.inner_section_2.task_2> on 2021-02-22T00:00:00+00:00
[2021-02-23 14:58:01,774] {standard_task_runner.py:52} INFO - Started process 168 to run task
[2021-02-23 14:58:01,968] {standard_task_runner.py:76} INFO - Running: ['airflow', 'tasks', 'run', 'example_task_group', 'section_2.inner_section_2.task_2', '2021-02-22T00:00:00+00:00', '--job-id', '51', '--pool', 'default_pool', '--raw', '--subdir', '/home/airflow/.local/lib/python3.6/site-packages/airflow/example_dags/example_task_group.py', '--cfg-path', '/tmp/tmpo44rxd3_', '--error-file', '/tmp/tmp0k22ygn7']
[2021-02-23 14:58:02,034] {standard_task_runner.py:77} INFO - Job 51: Subtask section_2.inner_section_2.task_2
[2021-02-23 14:58:03,625] {logging_mixin.py:104} INFO - Running <TaskInstance: example_task_group.section_2.inner_section_2.task_2 2021-02-22T00:00:00+00:00 [running]> on host 0513e3a4eab6
[2021-02-23 14:58:04,234] {taskinstance.py:1257} INFO - Exporting the following env vars:
AIRFLOW_CTX_DAG_OWNER=airflow
AIRFLOW_CTX_DAG_ID=example_task_group
AIRFLOW_CTX_TASK_ID=section_2.inner_section_2.task_2
AIRFLOW_CTX_EXECUTION_DATE=2021-02-22T00:00:00+00:00
AIRFLOW_CTX_DAG_RUN_ID=scheduled__2021-02-22T00:00:00+00:00
[2021-02-23 14:58:04,236] {bash.py:135} INFO - Tmp dir root location: 
 /tmp
[2021-02-23 14:58:04,239] {bash.py:158} INFO - Running command: echo 1
[2021-02-23 14:58:04,517] {bash.py:169} INFO - Output:
[2021-02-23 14:58:04,552] {bash.py:173} INFO - 1
[2021-02-23 14:58:04,554] {bash.py:177} INFO - Command exited with return code 0
[2021-02-23 14:58:05,020] {taskinstance.py:1166} INFO - Marking task as SUCCESS. dag_id=example_task_group, task_id=section_2.inner_section_2.task_2, execution_date=20210222T000000, start_date=20210223T145800, end_date=20210223T145805
[2021-02-23 14:58:05,764] {taskinstance.py:1220} INFO - 1 downstream tasks scheduled from follow-on schedule check
[2021-02-23 14:58:09,237] {local_task_job.py:146} INFO - Task exited with return code 0
