[2021-02-23 14:57:06,913] {taskinstance.py:851} INFO - Dependencies all met for <TaskInstance: example_short_circuit_operator.condition_is_False 2021-02-22T00:00:00+00:00 [queued]>
[2021-02-23 14:57:07,870] {taskinstance.py:851} INFO - Dependencies all met for <TaskInstance: example_short_circuit_operator.condition_is_False 2021-02-22T00:00:00+00:00 [queued]>
[2021-02-23 14:57:07,928] {taskinstance.py:1042} INFO - 
--------------------------------------------------------------------------------
[2021-02-23 14:57:07,943] {taskinstance.py:1043} INFO - Starting attempt 1 of 1
[2021-02-23 14:57:07,947] {taskinstance.py:1044} INFO - 
--------------------------------------------------------------------------------
[2021-02-23 14:57:08,816] {taskinstance.py:1063} INFO - Executing <Task(ShortCircuitOperator): condition_is_False> on 2021-02-22T00:00:00+00:00
[2021-02-23 14:57:09,298] {standard_task_runner.py:52} INFO - Started process 98 to run task
[2021-02-23 14:57:09,634] {standard_task_runner.py:76} INFO - Running: ['airflow', 'tasks', 'run', 'example_short_circuit_operator', 'condition_is_False', '2021-02-22T00:00:00+00:00', '--job-id', '22', '--pool', 'default_pool', '--raw', '--subdir', '/home/airflow/.local/lib/python3.6/site-packages/airflow/example_dags/example_short_circuit_operator.py', '--cfg-path', '/tmp/tmp7q9_udmm', '--error-file', '/tmp/tmprrot3fzp']
[2021-02-23 14:57:09,658] {standard_task_runner.py:77} INFO - Job 22: Subtask condition_is_False
[2021-02-23 14:57:13,546] {logging_mixin.py:104} INFO - Running <TaskInstance: example_short_circuit_operator.condition_is_False 2021-02-22T00:00:00+00:00 [running]> on host 0513e3a4eab6
[2021-02-23 14:57:15,474] {taskinstance.py:1257} INFO - Exporting the following env vars:
AIRFLOW_CTX_DAG_OWNER=airflow
AIRFLOW_CTX_DAG_ID=example_short_circuit_operator
AIRFLOW_CTX_TASK_ID=condition_is_False
AIRFLOW_CTX_EXECUTION_DATE=2021-02-22T00:00:00+00:00
AIRFLOW_CTX_DAG_RUN_ID=scheduled__2021-02-22T00:00:00+00:00
[2021-02-23 14:57:15,528] {python.py:118} INFO - Done. Returned value was: False
[2021-02-23 14:57:15,625] {python.py:344} INFO - Condition result is False
[2021-02-23 14:57:15,636] {python.py:350} INFO - Skipping downstream tasks...
[2021-02-23 14:57:16,505] {python.py:358} INFO - Done.
[2021-02-23 14:57:16,599] {taskinstance.py:1166} INFO - Marking task as SUCCESS. dag_id=example_short_circuit_operator, task_id=condition_is_False, execution_date=20210222T000000, start_date=20210223T145707, end_date=20210223T145716
[2021-02-23 14:57:17,614] {taskinstance.py:1220} INFO - 0 downstream tasks scheduled from follow-on schedule check
[2021-02-23 14:57:18,353] {local_task_job.py:146} INFO - Task exited with return code 0
