[2021-02-23 15:26:42,949] {taskinstance.py:851} INFO - Dependencies all met for <TaskInstance: example_branch_dop_operator_v3.condition 2021-02-21T04:37:00+00:00 [queued]>
[2021-02-23 15:26:43,082] {taskinstance.py:851} INFO - Dependencies all met for <TaskInstance: example_branch_dop_operator_v3.condition 2021-02-21T04:37:00+00:00 [queued]>
[2021-02-23 15:26:43,087] {taskinstance.py:1042} INFO - 
--------------------------------------------------------------------------------
[2021-02-23 15:26:43,091] {taskinstance.py:1043} INFO - Starting attempt 1 of 1
[2021-02-23 15:26:43,094] {taskinstance.py:1044} INFO - 
--------------------------------------------------------------------------------
[2021-02-23 15:26:43,135] {taskinstance.py:1063} INFO - Executing <Task(BranchPythonOperator): condition> on 2021-02-21T04:37:00+00:00
[2021-02-23 15:26:43,161] {standard_task_runner.py:52} INFO - Started process 3556 to run task
[2021-02-23 15:26:43,183] {standard_task_runner.py:76} INFO - Running: ['airflow', 'tasks', 'run', 'example_branch_dop_operator_v3', 'condition', '2021-02-21T04:37:00+00:00', '--job-id', '1747', '--pool', 'default_pool', '--raw', '--subdir', '/home/airflow/.local/lib/python3.6/site-packages/airflow/example_dags/example_branch_python_dop_operator_3.py', '--cfg-path', '/tmp/tmp_y4665ft', '--error-file', '/tmp/tmply4kh_7f']
[2021-02-23 15:26:43,192] {standard_task_runner.py:77} INFO - Job 1747: Subtask condition
[2021-02-23 15:26:43,505] {logging_mixin.py:104} INFO - Running <TaskInstance: example_branch_dop_operator_v3.condition 2021-02-21T04:37:00+00:00 [running]> on host 0513e3a4eab6
[2021-02-23 15:26:43,605] {taskinstance.py:1257} INFO - Exporting the following env vars:
AIRFLOW_CTX_DAG_OWNER=airflow
AIRFLOW_CTX_DAG_ID=example_branch_dop_operator_v3
AIRFLOW_CTX_TASK_ID=condition
AIRFLOW_CTX_EXECUTION_DATE=2021-02-21T04:37:00+00:00
AIRFLOW_CTX_DAG_RUN_ID=scheduled__2021-02-21T04:37:00+00:00
[2021-02-23 15:26:43,609] {logging_mixin.py:104} INFO - ------------- exec dttm = 2021-02-21T04:37:00+00:00 and minute = 37
[2021-02-23 15:26:43,612] {python.py:118} INFO - Done. Returned value was: dummy_task_2
[2021-02-23 15:26:43,614] {skipmixin.py:124} INFO - Following branch dummy_task_2
[2021-02-23 15:26:43,639] {skipmixin.py:155} INFO - Skipping tasks ['dummy_task_1']
[2021-02-23 15:26:43,732] {taskinstance.py:1166} INFO - Marking task as SUCCESS. dag_id=example_branch_dop_operator_v3, task_id=condition, execution_date=20210221T043700, start_date=20210223T152642, end_date=20210223T152643
[2021-02-23 15:26:44,036] {taskinstance.py:1220} INFO - 0 downstream tasks scheduled from follow-on schedule check
[2021-02-23 15:26:44,122] {local_task_job.py:146} INFO - Task exited with return code 0
