[2021-02-23 14:57:09,870] {taskinstance.py:851} INFO - Dependencies all met for <TaskInstance: example_task_group.section_1.task_2 2021-02-22T00:00:00+00:00 [queued]>
[2021-02-23 14:57:10,646] {taskinstance.py:851} INFO - Dependencies all met for <TaskInstance: example_task_group.section_1.task_2 2021-02-22T00:00:00+00:00 [queued]>
[2021-02-23 14:57:10,678] {taskinstance.py:1042} INFO - 
--------------------------------------------------------------------------------
[2021-02-23 14:57:10,695] {taskinstance.py:1043} INFO - Starting attempt 1 of 1
[2021-02-23 14:57:12,627] {taskinstance.py:1044} INFO - 
--------------------------------------------------------------------------------
[2021-02-23 14:57:13,277] {taskinstance.py:1063} INFO - Executing <Task(BashOperator): section_1.task_2> on 2021-02-22T00:00:00+00:00
[2021-02-23 14:57:13,457] {standard_task_runner.py:52} INFO - Started process 103 to run task
[2021-02-23 14:57:13,902] {standard_task_runner.py:76} INFO - Running: ['airflow', 'tasks', 'run', 'example_task_group', 'section_1.task_2', '2021-02-22T00:00:00+00:00', '--job-id', '27', '--pool', 'default_pool', '--raw', '--subdir', '/home/airflow/.local/lib/python3.6/site-packages/airflow/example_dags/example_task_group.py', '--cfg-path', '/tmp/tmpyv7zuvb8', '--error-file', '/tmp/tmpvljixv3u']
[2021-02-23 14:57:13,961] {standard_task_runner.py:77} INFO - Job 27: Subtask section_1.task_2
[2021-02-23 14:57:16,565] {logging_mixin.py:104} INFO - Running <TaskInstance: example_task_group.section_1.task_2 2021-02-22T00:00:00+00:00 [running]> on host 0513e3a4eab6
[2021-02-23 14:57:18,960] {taskinstance.py:1257} INFO - Exporting the following env vars:
AIRFLOW_CTX_DAG_OWNER=airflow
AIRFLOW_CTX_DAG_ID=example_task_group
AIRFLOW_CTX_TASK_ID=section_1.task_2
AIRFLOW_CTX_EXECUTION_DATE=2021-02-22T00:00:00+00:00
AIRFLOW_CTX_DAG_RUN_ID=scheduled__2021-02-22T00:00:00+00:00
[2021-02-23 14:57:18,964] {bash.py:135} INFO - Tmp dir root location: 
 /tmp
[2021-02-23 14:57:18,990] {bash.py:158} INFO - Running command: echo 1
[2021-02-23 14:57:19,452] {bash.py:169} INFO - Output:
[2021-02-23 14:57:19,484] {bash.py:173} INFO - 1
[2021-02-23 14:57:19,488] {bash.py:177} INFO - Command exited with return code 0
[2021-02-23 14:57:19,857] {taskinstance.py:1166} INFO - Marking task as SUCCESS. dag_id=example_task_group, task_id=section_1.task_2, execution_date=20210222T000000, start_date=20210223T145709, end_date=20210223T145719
[2021-02-23 14:57:20,243] {taskinstance.py:1220} INFO - 3 downstream tasks scheduled from follow-on schedule check
[2021-02-23 14:57:20,332] {local_task_job.py:146} INFO - Task exited with return code 0
