[2021-02-23 15:08:20,568] {taskinstance.py:851} INFO - Dependencies all met for <TaskInstance: example_branch_dop_operator_v3.condition 2021-02-21T01:18:00+00:00 [queued]>
[2021-02-23 15:08:20,693] {taskinstance.py:851} INFO - Dependencies all met for <TaskInstance: example_branch_dop_operator_v3.condition 2021-02-21T01:18:00+00:00 [queued]>
[2021-02-23 15:08:20,695] {taskinstance.py:1042} INFO - 
--------------------------------------------------------------------------------
[2021-02-23 15:08:20,695] {taskinstance.py:1043} INFO - Starting attempt 1 of 1
[2021-02-23 15:08:20,696] {taskinstance.py:1044} INFO - 
--------------------------------------------------------------------------------
[2021-02-23 15:08:20,754] {taskinstance.py:1063} INFO - Executing <Task(BranchPythonOperator): condition> on 2021-02-21T01:18:00+00:00
[2021-02-23 15:08:20,770] {standard_task_runner.py:52} INFO - Started process 1262 to run task
[2021-02-23 15:08:20,814] {standard_task_runner.py:76} INFO - Running: ['airflow', 'tasks', 'run', 'example_branch_dop_operator_v3', 'condition', '2021-02-21T01:18:00+00:00', '--job-id', '600', '--pool', 'default_pool', '--raw', '--subdir', '/home/airflow/.local/lib/python3.6/site-packages/airflow/example_dags/example_branch_python_dop_operator_3.py', '--cfg-path', '/tmp/tmp__ywbo59', '--error-file', '/tmp/tmps3pv3dbt']
[2021-02-23 15:08:20,817] {standard_task_runner.py:77} INFO - Job 600: Subtask condition
[2021-02-23 15:08:21,025] {logging_mixin.py:104} INFO - Running <TaskInstance: example_branch_dop_operator_v3.condition 2021-02-21T01:18:00+00:00 [running]> on host 0513e3a4eab6
[2021-02-23 15:08:21,217] {taskinstance.py:1257} INFO - Exporting the following env vars:
AIRFLOW_CTX_DAG_OWNER=airflow
AIRFLOW_CTX_DAG_ID=example_branch_dop_operator_v3
AIRFLOW_CTX_TASK_ID=condition
AIRFLOW_CTX_EXECUTION_DATE=2021-02-21T01:18:00+00:00
AIRFLOW_CTX_DAG_RUN_ID=scheduled__2021-02-21T01:18:00+00:00
[2021-02-23 15:08:21,222] {logging_mixin.py:104} INFO - ------------- exec dttm = 2021-02-21T01:18:00+00:00 and minute = 18
[2021-02-23 15:08:21,226] {python.py:118} INFO - Done. Returned value was: dummy_task_1
[2021-02-23 15:08:21,228] {skipmixin.py:124} INFO - Following branch dummy_task_1
[2021-02-23 15:08:21,269] {skipmixin.py:155} INFO - Skipping tasks ['dummy_task_2']
[2021-02-23 15:08:21,351] {taskinstance.py:1166} INFO - Marking task as SUCCESS. dag_id=example_branch_dop_operator_v3, task_id=condition, execution_date=20210221T011800, start_date=20210223T150820, end_date=20210223T150821
[2021-02-23 15:08:21,527] {taskinstance.py:1220} INFO - 0 downstream tasks scheduled from follow-on schedule check
[2021-02-23 15:08:21,577] {local_task_job.py:146} INFO - Task exited with return code 0
