[2021-02-23 15:04:48,843] {taskinstance.py:851} INFO - Dependencies all met for <TaskInstance: example_branch_dop_operator_v3.condition 2021-02-21T00:45:00+00:00 [queued]>
[2021-02-23 15:04:48,911] {taskinstance.py:851} INFO - Dependencies all met for <TaskInstance: example_branch_dop_operator_v3.condition 2021-02-21T00:45:00+00:00 [queued]>
[2021-02-23 15:04:48,915] {taskinstance.py:1042} INFO - 
--------------------------------------------------------------------------------
[2021-02-23 15:04:48,916] {taskinstance.py:1043} INFO - Starting attempt 1 of 1
[2021-02-23 15:04:48,919] {taskinstance.py:1044} INFO - 
--------------------------------------------------------------------------------
[2021-02-23 15:04:48,973] {taskinstance.py:1063} INFO - Executing <Task(BranchPythonOperator): condition> on 2021-02-21T00:45:00+00:00
[2021-02-23 15:04:48,984] {standard_task_runner.py:52} INFO - Started process 842 to run task
[2021-02-23 15:04:49,020] {standard_task_runner.py:76} INFO - Running: ['airflow', 'tasks', 'run', 'example_branch_dop_operator_v3', 'condition', '2021-02-21T00:45:00+00:00', '--job-id', '390', '--pool', 'default_pool', '--raw', '--subdir', '/home/airflow/.local/lib/python3.6/site-packages/airflow/example_dags/example_branch_python_dop_operator_3.py', '--cfg-path', '/tmp/tmpie8mc9wr', '--error-file', '/tmp/tmpt930d7dl']
[2021-02-23 15:04:49,034] {standard_task_runner.py:77} INFO - Job 390: Subtask condition
[2021-02-23 15:04:49,421] {logging_mixin.py:104} INFO - Running <TaskInstance: example_branch_dop_operator_v3.condition 2021-02-21T00:45:00+00:00 [running]> on host 0513e3a4eab6
[2021-02-23 15:04:49,627] {taskinstance.py:1257} INFO - Exporting the following env vars:
AIRFLOW_CTX_DAG_OWNER=airflow
AIRFLOW_CTX_DAG_ID=example_branch_dop_operator_v3
AIRFLOW_CTX_TASK_ID=condition
AIRFLOW_CTX_EXECUTION_DATE=2021-02-21T00:45:00+00:00
AIRFLOW_CTX_DAG_RUN_ID=scheduled__2021-02-21T00:45:00+00:00
[2021-02-23 15:04:49,631] {logging_mixin.py:104} INFO - ------------- exec dttm = 2021-02-21T00:45:00+00:00 and minute = 45
[2021-02-23 15:04:49,638] {python.py:118} INFO - Done. Returned value was: dummy_task_2
[2021-02-23 15:04:49,647] {skipmixin.py:124} INFO - Following branch dummy_task_2
[2021-02-23 15:04:49,674] {skipmixin.py:155} INFO - Skipping tasks ['dummy_task_1']
[2021-02-23 15:04:49,818] {taskinstance.py:1166} INFO - Marking task as SUCCESS. dag_id=example_branch_dop_operator_v3, task_id=condition, execution_date=20210221T004500, start_date=20210223T150448, end_date=20210223T150449
[2021-02-23 15:04:50,360] {taskinstance.py:1220} INFO - 1 downstream tasks scheduled from follow-on schedule check
[2021-02-23 15:04:50,471] {local_task_job.py:146} INFO - Task exited with return code 0
