[2021-02-23 14:56:32,477] {taskinstance.py:851} INFO - Dependencies all met for <TaskInstance: example_xcom.push_by_returning 2021-02-21T00:00:00+00:00 [queued]>
[2021-02-23 14:56:33,400] {taskinstance.py:851} INFO - Dependencies all met for <TaskInstance: example_xcom.push_by_returning 2021-02-21T00:00:00+00:00 [queued]>
[2021-02-23 14:56:33,413] {taskinstance.py:1042} INFO - 
--------------------------------------------------------------------------------
[2021-02-23 14:56:33,425] {taskinstance.py:1043} INFO - Starting attempt 1 of 1
[2021-02-23 14:56:33,476] {taskinstance.py:1044} INFO - 
--------------------------------------------------------------------------------
[2021-02-23 14:56:34,391] {taskinstance.py:1063} INFO - Executing <Task(PythonOperator): push_by_returning> on 2021-02-21T00:00:00+00:00
[2021-02-23 14:56:34,659] {standard_task_runner.py:52} INFO - Started process 64 to run task
[2021-02-23 14:56:34,861] {standard_task_runner.py:76} INFO - Running: ['airflow', 'tasks', 'run', 'example_xcom', 'push_by_returning', '2021-02-21T00:00:00+00:00', '--job-id', '11', '--pool', 'default_pool', '--raw', '--subdir', '/home/airflow/.local/lib/python3.6/site-packages/airflow/example_dags/example_xcom.py', '--cfg-path', '/tmp/tmp25646b7r', '--error-file', '/tmp/tmp6ligtf5q']
[2021-02-23 14:56:34,882] {standard_task_runner.py:77} INFO - Job 11: Subtask push_by_returning
[2021-02-23 14:56:39,127] {logging_mixin.py:104} INFO - Running <TaskInstance: example_xcom.push_by_returning 2021-02-21T00:00:00+00:00 [running]> on host 0513e3a4eab6
[2021-02-23 14:56:45,066] {taskinstance.py:1257} INFO - Exporting the following env vars:
AIRFLOW_CTX_DAG_OWNER=airflow
AIRFLOW_CTX_DAG_ID=example_xcom
AIRFLOW_CTX_TASK_ID=push_by_returning
AIRFLOW_CTX_EXECUTION_DATE=2021-02-21T00:00:00+00:00
AIRFLOW_CTX_DAG_RUN_ID=scheduled__2021-02-21T00:00:00+00:00
[2021-02-23 14:56:45,521] {python.py:118} INFO - Done. Returned value was: {'a': 'b'}
[2021-02-23 14:56:46,043] {taskinstance.py:1166} INFO - Marking task as SUCCESS. dag_id=example_xcom, task_id=push_by_returning, execution_date=20210221T000000, start_date=20210223T145632, end_date=20210223T145646
[2021-02-23 14:56:47,074] {taskinstance.py:1220} INFO - 1 downstream tasks scheduled from follow-on schedule check
[2021-02-23 14:56:47,196] {local_task_job.py:146} INFO - Task exited with return code 0
