[2021-02-23 14:58:58,662] {taskinstance.py:851} INFO - Dependencies all met for <TaskInstance: latest_only_with_trigger.latest_only 2021-02-23T04:00:00+00:00 [queued]>
[2021-02-23 14:58:58,948] {taskinstance.py:851} INFO - Dependencies all met for <TaskInstance: latest_only_with_trigger.latest_only 2021-02-23T04:00:00+00:00 [queued]>
[2021-02-23 14:58:58,951] {taskinstance.py:1042} INFO - 
--------------------------------------------------------------------------------
[2021-02-23 14:58:58,956] {taskinstance.py:1043} INFO - Starting attempt 1 of 1
[2021-02-23 14:58:58,959] {taskinstance.py:1044} INFO - 
--------------------------------------------------------------------------------
[2021-02-23 14:58:59,476] {taskinstance.py:1063} INFO - Executing <Task(LatestOnlyOperator): latest_only> on 2021-02-23T04:00:00+00:00
[2021-02-23 14:58:59,641] {standard_task_runner.py:52} INFO - Started process 265 to run task
[2021-02-23 14:58:59,937] {standard_task_runner.py:76} INFO - Running: ['airflow', 'tasks', 'run', 'latest_only_with_trigger', 'latest_only', '2021-02-23T04:00:00+00:00', '--job-id', '96', '--pool', 'default_pool', '--raw', '--subdir', '/home/airflow/.local/lib/python3.6/site-packages/airflow/example_dags/example_latest_only_with_trigger.py', '--cfg-path', '/tmp/tmpxak0nlwj', '--error-file', '/tmp/tmpn7em_7gl']
[2021-02-23 14:59:00,044] {standard_task_runner.py:77} INFO - Job 96: Subtask latest_only
[2021-02-23 14:59:00,790] {logging_mixin.py:104} INFO - Running <TaskInstance: latest_only_with_trigger.latest_only 2021-02-23T04:00:00+00:00 [running]> on host 0513e3a4eab6
[2021-02-23 14:59:01,376] {taskinstance.py:1257} INFO - Exporting the following env vars:
AIRFLOW_CTX_DAG_OWNER=airflow
AIRFLOW_CTX_DAG_ID=latest_only_with_trigger
AIRFLOW_CTX_TASK_ID=latest_only
AIRFLOW_CTX_EXECUTION_DATE=2021-02-23T04:00:00+00:00
AIRFLOW_CTX_DAG_RUN_ID=scheduled__2021-02-23T04:00:00+00:00
[2021-02-23 14:59:01,380] {latest_only.py:57} INFO - Checking latest only with left_window: 2021-02-23T08:00:00+00:00 right_window: 2021-02-23T12:00:00+00:00 now: 2021-02-23T14:59:01.379795+00:00
[2021-02-23 14:59:01,384] {latest_only.py:61} INFO - Not latest execution, skipping downstream.
[2021-02-23 14:59:01,388] {skipmixin.py:124} INFO - Following branch []
[2021-02-23 14:59:01,487] {skipmixin.py:155} INFO - Skipping tasks ['task1']
[2021-02-23 14:59:02,061] {taskinstance.py:1166} INFO - Marking task as SUCCESS. dag_id=latest_only_with_trigger, task_id=latest_only, execution_date=20210223T040000, start_date=20210223T145858, end_date=20210223T145902
[2021-02-23 14:59:03,234] {taskinstance.py:1220} INFO - 0 downstream tasks scheduled from follow-on schedule check
[2021-02-23 14:59:03,661] {local_task_job.py:146} INFO - Task exited with return code 0
