[2021-02-23 15:06:16,662] {taskinstance.py:851} INFO - Dependencies all met for <TaskInstance: example_branch_dop_operator_v3.condition 2021-02-21T00:57:00+00:00 [queued]>
[2021-02-23 15:06:16,934] {taskinstance.py:851} INFO - Dependencies all met for <TaskInstance: example_branch_dop_operator_v3.condition 2021-02-21T00:57:00+00:00 [queued]>
[2021-02-23 15:06:16,940] {taskinstance.py:1042} INFO - 
--------------------------------------------------------------------------------
[2021-02-23 15:06:16,950] {taskinstance.py:1043} INFO - Starting attempt 1 of 1
[2021-02-23 15:06:16,953] {taskinstance.py:1044} INFO - 
--------------------------------------------------------------------------------
[2021-02-23 15:06:17,021] {taskinstance.py:1063} INFO - Executing <Task(BranchPythonOperator): condition> on 2021-02-21T00:57:00+00:00
[2021-02-23 15:06:17,098] {standard_task_runner.py:52} INFO - Started process 1012 to run task
[2021-02-23 15:06:17,253] {standard_task_runner.py:76} INFO - Running: ['airflow', 'tasks', 'run', 'example_branch_dop_operator_v3', 'condition', '2021-02-21T00:57:00+00:00', '--job-id', '472', '--pool', 'default_pool', '--raw', '--subdir', '/home/airflow/.local/lib/python3.6/site-packages/airflow/example_dags/example_branch_python_dop_operator_3.py', '--cfg-path', '/tmp/tmp3oe89hm2', '--error-file', '/tmp/tmpb_zvd079']
[2021-02-23 15:06:17,258] {standard_task_runner.py:77} INFO - Job 472: Subtask condition
[2021-02-23 15:06:17,713] {logging_mixin.py:104} INFO - Running <TaskInstance: example_branch_dop_operator_v3.condition 2021-02-21T00:57:00+00:00 [running]> on host 0513e3a4eab6
[2021-02-23 15:06:17,869] {taskinstance.py:1257} INFO - Exporting the following env vars:
AIRFLOW_CTX_DAG_OWNER=airflow
AIRFLOW_CTX_DAG_ID=example_branch_dop_operator_v3
AIRFLOW_CTX_TASK_ID=condition
AIRFLOW_CTX_EXECUTION_DATE=2021-02-21T00:57:00+00:00
AIRFLOW_CTX_DAG_RUN_ID=scheduled__2021-02-21T00:57:00+00:00
[2021-02-23 15:06:17,889] {logging_mixin.py:104} INFO - ------------- exec dttm = 2021-02-21T00:57:00+00:00 and minute = 57
[2021-02-23 15:06:17,895] {python.py:118} INFO - Done. Returned value was: dummy_task_2
[2021-02-23 15:06:17,898] {skipmixin.py:124} INFO - Following branch dummy_task_2
[2021-02-23 15:06:17,923] {skipmixin.py:155} INFO - Skipping tasks ['dummy_task_1']
[2021-02-23 15:06:18,031] {taskinstance.py:1166} INFO - Marking task as SUCCESS. dag_id=example_branch_dop_operator_v3, task_id=condition, execution_date=20210221T005700, start_date=20210223T150616, end_date=20210223T150618
[2021-02-23 15:06:18,122] {taskinstance.py:1220} INFO - 0 downstream tasks scheduled from follow-on schedule check
[2021-02-23 15:06:18,154] {local_task_job.py:146} INFO - Task exited with return code 0
