[2021-02-23 14:56:32,360] {taskinstance.py:851} INFO - Dependencies all met for <TaskInstance: example_branch_operator.branching 2021-02-22T00:00:00+00:00 [queued]>
[2021-02-23 14:56:33,066] {taskinstance.py:851} INFO - Dependencies all met for <TaskInstance: example_branch_operator.branching 2021-02-22T00:00:00+00:00 [queued]>
[2021-02-23 14:56:33,070] {taskinstance.py:1042} INFO - 
--------------------------------------------------------------------------------
[2021-02-23 14:56:33,076] {taskinstance.py:1043} INFO - Starting attempt 1 of 1
[2021-02-23 14:56:33,079] {taskinstance.py:1044} INFO - 
--------------------------------------------------------------------------------
[2021-02-23 14:56:33,786] {taskinstance.py:1063} INFO - Executing <Task(BranchPythonOperator): branching> on 2021-02-22T00:00:00+00:00
[2021-02-23 14:56:34,319] {standard_task_runner.py:52} INFO - Started process 63 to run task
[2021-02-23 14:56:34,719] {standard_task_runner.py:76} INFO - Running: ['airflow', 'tasks', 'run', 'example_branch_operator', 'branching', '2021-02-22T00:00:00+00:00', '--job-id', '7', '--pool', 'default_pool', '--raw', '--subdir', '/home/airflow/.local/lib/python3.6/site-packages/airflow/example_dags/example_branch_operator.py', '--cfg-path', '/tmp/tmpkybi17g5', '--error-file', '/tmp/tmpt4siebv9']
[2021-02-23 14:56:34,727] {standard_task_runner.py:77} INFO - Job 7: Subtask branching
[2021-02-23 14:56:36,697] {logging_mixin.py:104} INFO - Running <TaskInstance: example_branch_operator.branching 2021-02-22T00:00:00+00:00 [running]> on host 0513e3a4eab6
[2021-02-23 14:56:44,230] {taskinstance.py:1257} INFO - Exporting the following env vars:
AIRFLOW_CTX_DAG_OWNER=airflow
AIRFLOW_CTX_DAG_ID=example_branch_operator
AIRFLOW_CTX_TASK_ID=branching
AIRFLOW_CTX_EXECUTION_DATE=2021-02-22T00:00:00+00:00
AIRFLOW_CTX_DAG_RUN_ID=scheduled__2021-02-22T00:00:00+00:00
[2021-02-23 14:56:44,252] {python.py:118} INFO - Done. Returned value was: branch_c
[2021-02-23 14:56:44,259] {skipmixin.py:124} INFO - Following branch branch_c
[2021-02-23 14:56:44,492] {skipmixin.py:155} INFO - Skipping tasks ['branch_a', 'branch_b', 'branch_d']
[2021-02-23 14:56:46,066] {taskinstance.py:1166} INFO - Marking task as SUCCESS. dag_id=example_branch_operator, task_id=branching, execution_date=20210222T000000, start_date=20210223T145632, end_date=20210223T145646
[2021-02-23 14:56:46,901] {taskinstance.py:1220} INFO - 1 downstream tasks scheduled from follow-on schedule check
[2021-02-23 14:56:47,168] {local_task_job.py:146} INFO - Task exited with return code 0
