[2021-02-23 14:59:02,861] {taskinstance.py:851} INFO - Dependencies all met for <TaskInstance: latest_only_with_trigger.latest_only 2021-02-23T08:00:00+00:00 [queued]>
[2021-02-23 14:59:03,280] {taskinstance.py:851} INFO - Dependencies all met for <TaskInstance: latest_only_with_trigger.latest_only 2021-02-23T08:00:00+00:00 [queued]>
[2021-02-23 14:59:03,290] {taskinstance.py:1042} INFO - 
--------------------------------------------------------------------------------
[2021-02-23 14:59:03,304] {taskinstance.py:1043} INFO - Starting attempt 1 of 1
[2021-02-23 14:59:03,320] {taskinstance.py:1044} INFO - 
--------------------------------------------------------------------------------
[2021-02-23 14:59:03,478] {taskinstance.py:1063} INFO - Executing <Task(LatestOnlyOperator): latest_only> on 2021-02-23T08:00:00+00:00
[2021-02-23 14:59:03,700] {standard_task_runner.py:76} INFO - Running: ['airflow', 'tasks', 'run', 'latest_only_with_trigger', 'latest_only', '2021-02-23T08:00:00+00:00', '--job-id', '103', '--pool', 'default_pool', '--raw', '--subdir', '/home/airflow/.local/lib/python3.6/site-packages/airflow/example_dags/example_latest_only_with_trigger.py', '--cfg-path', '/tmp/tmpbouyeaxz', '--error-file', '/tmp/tmpg6wy2rlw']
[2021-02-23 14:59:03,707] {standard_task_runner.py:77} INFO - Job 103: Subtask latest_only
[2021-02-23 14:59:03,649] {standard_task_runner.py:52} INFO - Started process 273 to run task
[2021-02-23 14:59:04,362] {logging_mixin.py:104} INFO - Running <TaskInstance: latest_only_with_trigger.latest_only 2021-02-23T08:00:00+00:00 [running]> on host 0513e3a4eab6
[2021-02-23 14:59:05,143] {taskinstance.py:1257} INFO - Exporting the following env vars:
AIRFLOW_CTX_DAG_OWNER=airflow
AIRFLOW_CTX_DAG_ID=latest_only_with_trigger
AIRFLOW_CTX_TASK_ID=latest_only
AIRFLOW_CTX_EXECUTION_DATE=2021-02-23T08:00:00+00:00
AIRFLOW_CTX_DAG_RUN_ID=scheduled__2021-02-23T08:00:00+00:00
[2021-02-23 14:59:05,153] {latest_only.py:57} INFO - Checking latest only with left_window: 2021-02-23T12:00:00+00:00 right_window: 2021-02-23T16:00:00+00:00 now: 2021-02-23T14:59:05.152732+00:00
[2021-02-23 14:59:05,156] {latest_only.py:66} INFO - Latest, allowing execution to proceed.
[2021-02-23 14:59:05,168] {skipmixin.py:124} INFO - Following branch ['task1']
[2021-02-23 14:59:05,246] {skipmixin.py:155} INFO - Skipping tasks []
[2021-02-23 14:59:06,553] {taskinstance.py:1166} INFO - Marking task as SUCCESS. dag_id=latest_only_with_trigger, task_id=latest_only, execution_date=20210223T080000, start_date=20210223T145902, end_date=20210223T145906
[2021-02-23 14:59:06,937] {taskinstance.py:1220} INFO - 1 downstream tasks scheduled from follow-on schedule check
[2021-02-23 14:59:07,099] {local_task_job.py:146} INFO - Task exited with return code 0
