[2021-02-23 15:15:07,084] {taskinstance.py:851} INFO - Dependencies all met for <TaskInstance: example_branch_dop_operator_v3.condition 2021-02-21T02:30:00+00:00 [queued]>
[2021-02-23 15:15:07,307] {taskinstance.py:851} INFO - Dependencies all met for <TaskInstance: example_branch_dop_operator_v3.condition 2021-02-21T02:30:00+00:00 [queued]>
[2021-02-23 15:15:07,325] {taskinstance.py:1042} INFO - 
--------------------------------------------------------------------------------
[2021-02-23 15:15:07,331] {taskinstance.py:1043} INFO - Starting attempt 1 of 1
[2021-02-23 15:15:07,335] {taskinstance.py:1044} INFO - 
--------------------------------------------------------------------------------
[2021-02-23 15:15:07,367] {taskinstance.py:1063} INFO - Executing <Task(BranchPythonOperator): condition> on 2021-02-21T02:30:00+00:00
[2021-02-23 15:15:07,397] {standard_task_runner.py:52} INFO - Started process 2083 to run task
[2021-02-23 15:15:07,445] {standard_task_runner.py:76} INFO - Running: ['airflow', 'tasks', 'run', 'example_branch_dop_operator_v3', 'condition', '2021-02-21T02:30:00+00:00', '--job-id', '1009', '--pool', 'default_pool', '--raw', '--subdir', '/home/airflow/.local/lib/python3.6/site-packages/airflow/example_dags/example_branch_python_dop_operator_3.py', '--cfg-path', '/tmp/tmp183k6dg1', '--error-file', '/tmp/tmp0en4kxe7']
[2021-02-23 15:15:07,461] {standard_task_runner.py:77} INFO - Job 1009: Subtask condition
[2021-02-23 15:15:08,200] {logging_mixin.py:104} INFO - Running <TaskInstance: example_branch_dop_operator_v3.condition 2021-02-21T02:30:00+00:00 [running]> on host 0513e3a4eab6
[2021-02-23 15:15:08,913] {taskinstance.py:1257} INFO - Exporting the following env vars:
AIRFLOW_CTX_DAG_OWNER=airflow
AIRFLOW_CTX_DAG_ID=example_branch_dop_operator_v3
AIRFLOW_CTX_TASK_ID=condition
AIRFLOW_CTX_EXECUTION_DATE=2021-02-21T02:30:00+00:00
AIRFLOW_CTX_DAG_RUN_ID=scheduled__2021-02-21T02:30:00+00:00
[2021-02-23 15:15:08,929] {logging_mixin.py:104} INFO - ------------- exec dttm = 2021-02-21T02:30:00+00:00 and minute = 30
[2021-02-23 15:15:08,936] {python.py:118} INFO - Done. Returned value was: dummy_task_1
[2021-02-23 15:15:08,942] {skipmixin.py:124} INFO - Following branch dummy_task_1
[2021-02-23 15:15:09,150] {skipmixin.py:155} INFO - Skipping tasks ['dummy_task_2']
[2021-02-23 15:15:09,370] {taskinstance.py:1166} INFO - Marking task as SUCCESS. dag_id=example_branch_dop_operator_v3, task_id=condition, execution_date=20210221T023000, start_date=20210223T151507, end_date=20210223T151509
[2021-02-23 15:15:09,980] {taskinstance.py:1220} INFO - 0 downstream tasks scheduled from follow-on schedule check
[2021-02-23 15:15:10,064] {local_task_job.py:146} INFO - Task exited with return code 0
