[2021-02-23 14:57:45,127] {taskinstance.py:851} INFO - Dependencies all met for <TaskInstance: tutorial.sleep 2021-02-21T00:00:00+00:00 [queued]>
[2021-02-23 14:57:45,527] {taskinstance.py:851} INFO - Dependencies all met for <TaskInstance: tutorial.sleep 2021-02-21T00:00:00+00:00 [queued]>
[2021-02-23 14:57:45,528] {taskinstance.py:1042} INFO - 
--------------------------------------------------------------------------------
[2021-02-23 14:57:45,529] {taskinstance.py:1043} INFO - Starting attempt 1 of 4
[2021-02-23 14:57:45,530] {taskinstance.py:1044} INFO - 
--------------------------------------------------------------------------------
[2021-02-23 14:57:45,569] {taskinstance.py:1063} INFO - Executing <Task(BashOperator): sleep> on 2021-02-21T00:00:00+00:00
[2021-02-23 14:57:45,582] {standard_task_runner.py:52} INFO - Started process 138 to run task
[2021-02-23 14:57:45,785] {standard_task_runner.py:76} INFO - Running: ['airflow', 'tasks', 'run', 'tutorial', 'sleep', '2021-02-21T00:00:00+00:00', '--job-id', '45', '--pool', 'default_pool', '--raw', '--subdir', '/home/airflow/.local/lib/python3.6/site-packages/airflow/example_dags/tutorial.py', '--cfg-path', '/tmp/tmpylj5nnz0', '--error-file', '/tmp/tmp9h__uad5']
[2021-02-23 14:57:45,830] {standard_task_runner.py:77} INFO - Job 45: Subtask sleep
[2021-02-23 14:57:47,775] {logging_mixin.py:104} INFO - Running <TaskInstance: tutorial.sleep 2021-02-21T00:00:00+00:00 [running]> on host 0513e3a4eab6
[2021-02-23 14:57:48,715] {taskinstance.py:1257} INFO - Exporting the following env vars:
AIRFLOW_CTX_DAG_EMAIL=airflow@example.com
AIRFLOW_CTX_DAG_OWNER=airflow
AIRFLOW_CTX_DAG_ID=tutorial
AIRFLOW_CTX_TASK_ID=sleep
AIRFLOW_CTX_EXECUTION_DATE=2021-02-21T00:00:00+00:00
AIRFLOW_CTX_DAG_RUN_ID=scheduled__2021-02-21T00:00:00+00:00
[2021-02-23 14:57:48,744] {bash.py:135} INFO - Tmp dir root location: 
 /tmp
[2021-02-23 14:57:48,773] {bash.py:158} INFO - Running command: sleep 5
[2021-02-23 14:57:49,658] {bash.py:169} INFO - Output:
[2021-02-23 14:57:54,724] {bash.py:177} INFO - Command exited with return code 0
[2021-02-23 14:57:54,898] {taskinstance.py:1166} INFO - Marking task as SUCCESS. dag_id=tutorial, task_id=sleep, execution_date=20210221T000000, start_date=20210223T145745, end_date=20210223T145754
[2021-02-23 14:57:55,208] {taskinstance.py:1220} INFO - 0 downstream tasks scheduled from follow-on schedule check
[2021-02-23 14:57:55,448] {local_task_job.py:146} INFO - Task exited with return code 0
