[2021-02-23 14:57:04,608] {taskinstance.py:851} INFO - Dependencies all met for <TaskInstance: latest_only.latest_only 2021-02-21T08:00:00+00:00 [queued]>
[2021-02-23 14:57:05,529] {taskinstance.py:851} INFO - Dependencies all met for <TaskInstance: latest_only.latest_only 2021-02-21T08:00:00+00:00 [queued]>
[2021-02-23 14:57:05,533] {taskinstance.py:1042} INFO - 
--------------------------------------------------------------------------------
[2021-02-23 14:57:05,542] {taskinstance.py:1043} INFO - Starting attempt 1 of 1
[2021-02-23 14:57:05,546] {taskinstance.py:1044} INFO - 
--------------------------------------------------------------------------------
[2021-02-23 14:57:06,107] {taskinstance.py:1063} INFO - Executing <Task(LatestOnlyOperator): latest_only> on 2021-02-21T08:00:00+00:00
[2021-02-23 14:57:06,722] {standard_task_runner.py:76} INFO - Running: ['airflow', 'tasks', 'run', 'latest_only', 'latest_only', '2021-02-21T08:00:00+00:00', '--job-id', '19', '--pool', 'default_pool', '--raw', '--subdir', '/home/airflow/.local/lib/python3.6/site-packages/airflow/example_dags/example_latest_only.py', '--cfg-path', '/tmp/tmpxgwx52rq', '--error-file', '/tmp/tmpe8e2n34l']
[2021-02-23 14:57:06,759] {standard_task_runner.py:77} INFO - Job 19: Subtask latest_only
[2021-02-23 14:57:06,489] {standard_task_runner.py:52} INFO - Started process 95 to run task
[2021-02-23 14:57:09,328] {logging_mixin.py:104} INFO - Running <TaskInstance: latest_only.latest_only 2021-02-21T08:00:00+00:00 [running]> on host 0513e3a4eab6
[2021-02-23 14:57:11,333] {taskinstance.py:1257} INFO - Exporting the following env vars:
AIRFLOW_CTX_DAG_OWNER=airflow
AIRFLOW_CTX_DAG_ID=latest_only
AIRFLOW_CTX_TASK_ID=latest_only
AIRFLOW_CTX_EXECUTION_DATE=2021-02-21T08:00:00+00:00
AIRFLOW_CTX_DAG_RUN_ID=scheduled__2021-02-21T08:00:00+00:00
[2021-02-23 14:57:11,793] {latest_only.py:57} INFO - Checking latest only with left_window: 2021-02-21T12:00:00+00:00 right_window: 2021-02-21T16:00:00+00:00 now: 2021-02-23T14:57:11.793344+00:00
[2021-02-23 14:57:11,834] {latest_only.py:61} INFO - Not latest execution, skipping downstream.
[2021-02-23 14:57:11,938] {skipmixin.py:124} INFO - Following branch []
[2021-02-23 14:57:12,978] {skipmixin.py:155} INFO - Skipping tasks ['task1']
[2021-02-23 14:57:15,769] {taskinstance.py:1166} INFO - Marking task as SUCCESS. dag_id=latest_only, task_id=latest_only, execution_date=20210221T080000, start_date=20210223T145704, end_date=20210223T145715
[2021-02-23 14:57:17,018] {taskinstance.py:1220} INFO - 0 downstream tasks scheduled from follow-on schedule check
[2021-02-23 14:57:17,412] {local_task_job.py:146} INFO - Task exited with return code 0
