[2021-02-23 14:56:36,808] {taskinstance.py:851} INFO - Dependencies all met for <TaskInstance: example_nested_branch_dag.branch_1 2021-02-22T00:00:00+00:00 [queued]>
[2021-02-23 14:56:40,209] {taskinstance.py:851} INFO - Dependencies all met for <TaskInstance: example_nested_branch_dag.branch_1 2021-02-22T00:00:00+00:00 [queued]>
[2021-02-23 14:56:40,311] {taskinstance.py:1042} INFO - 
--------------------------------------------------------------------------------
[2021-02-23 14:56:40,356] {taskinstance.py:1043} INFO - Starting attempt 1 of 1
[2021-02-23 14:56:40,382] {taskinstance.py:1044} INFO - 
--------------------------------------------------------------------------------
[2021-02-23 14:56:41,167] {taskinstance.py:1063} INFO - Executing <Task(BranchPythonOperator): branch_1> on 2021-02-22T00:00:00+00:00
[2021-02-23 14:56:41,483] {standard_task_runner.py:52} INFO - Started process 71 to run task
[2021-02-23 14:56:44,123] {standard_task_runner.py:76} INFO - Running: ['airflow', 'tasks', 'run', 'example_nested_branch_dag', 'branch_1', '2021-02-22T00:00:00+00:00', '--job-id', '17', '--pool', 'default_pool', '--raw', '--subdir', '/home/airflow/.local/lib/python3.6/site-packages/airflow/example_dags/example_nested_branch_dag.py', '--cfg-path', '/tmp/tmpuqy8oj9h', '--error-file', '/tmp/tmpj0g3aimo']
[2021-02-23 14:56:44,190] {standard_task_runner.py:77} INFO - Job 17: Subtask branch_1
[2021-02-23 14:56:46,751] {logging_mixin.py:104} INFO - Running <TaskInstance: example_nested_branch_dag.branch_1 2021-02-22T00:00:00+00:00 [running]> on host 0513e3a4eab6
[2021-02-23 14:56:47,747] {taskinstance.py:1257} INFO - Exporting the following env vars:
AIRFLOW_CTX_DAG_OWNER=airflow
AIRFLOW_CTX_DAG_ID=example_nested_branch_dag
AIRFLOW_CTX_TASK_ID=branch_1
AIRFLOW_CTX_EXECUTION_DATE=2021-02-22T00:00:00+00:00
AIRFLOW_CTX_DAG_RUN_ID=scheduled__2021-02-22T00:00:00+00:00
[2021-02-23 14:56:47,848] {python.py:118} INFO - Done. Returned value was: true_1
[2021-02-23 14:56:47,901] {skipmixin.py:124} INFO - Following branch true_1
[2021-02-23 14:56:48,019] {skipmixin.py:155} INFO - Skipping tasks ['false_1']
[2021-02-23 14:56:48,497] {taskinstance.py:1166} INFO - Marking task as SUCCESS. dag_id=example_nested_branch_dag, task_id=branch_1, execution_date=20210222T000000, start_date=20210223T145637, end_date=20210223T145648
[2021-02-23 14:56:49,674] {local_task_job.py:188} WARNING - State of this instance has been externally set to success. Terminating instance.
[2021-02-23 14:56:49,832] {process_utils.py:100} INFO - Sending Signals.SIGTERM to GPID 71
[2021-02-23 14:56:49,892] {taskinstance.py:1239} ERROR - Received SIGTERM. Terminating subprocesses.
[2021-02-23 14:56:50,514] {process_utils.py:66} INFO - Process psutil.Process(pid=71, status='terminated', exitcode=1, started='14:56:40') (71) terminated with exit code 1
