[2021-02-23 14:56:34,551] {taskinstance.py:851} INFO - Dependencies all met for <TaskInstance: example_nested_branch_dag.branch_1 2021-02-21T00:00:00+00:00 [queued]>
[2021-02-23 14:56:35,297] {taskinstance.py:851} INFO - Dependencies all met for <TaskInstance: example_nested_branch_dag.branch_1 2021-02-21T00:00:00+00:00 [queued]>
[2021-02-23 14:56:35,318] {taskinstance.py:1042} INFO - 
--------------------------------------------------------------------------------
[2021-02-23 14:56:35,353] {taskinstance.py:1043} INFO - Starting attempt 1 of 1
[2021-02-23 14:56:35,373] {taskinstance.py:1044} INFO - 
--------------------------------------------------------------------------------
[2021-02-23 14:56:35,862] {taskinstance.py:1063} INFO - Executing <Task(BranchPythonOperator): branch_1> on 2021-02-21T00:00:00+00:00
[2021-02-23 14:56:35,912] {standard_task_runner.py:52} INFO - Started process 67 to run task
[2021-02-23 14:56:35,950] {standard_task_runner.py:76} INFO - Running: ['airflow', 'tasks', 'run', 'example_nested_branch_dag', 'branch_1', '2021-02-21T00:00:00+00:00', '--job-id', '13', '--pool', 'default_pool', '--raw', '--subdir', '/home/airflow/.local/lib/python3.6/site-packages/airflow/example_dags/example_nested_branch_dag.py', '--cfg-path', '/tmp/tmp11of6t1c', '--error-file', '/tmp/tmpk5v75gat']
[2021-02-23 14:56:35,955] {standard_task_runner.py:77} INFO - Job 13: Subtask branch_1
[2021-02-23 14:56:44,385] {logging_mixin.py:104} INFO - Running <TaskInstance: example_nested_branch_dag.branch_1 2021-02-21T00:00:00+00:00 [running]> on host 0513e3a4eab6
[2021-02-23 14:56:46,423] {taskinstance.py:1257} INFO - Exporting the following env vars:
AIRFLOW_CTX_DAG_OWNER=airflow
AIRFLOW_CTX_DAG_ID=example_nested_branch_dag
AIRFLOW_CTX_TASK_ID=branch_1
AIRFLOW_CTX_EXECUTION_DATE=2021-02-21T00:00:00+00:00
AIRFLOW_CTX_DAG_RUN_ID=scheduled__2021-02-21T00:00:00+00:00
[2021-02-23 14:56:46,509] {python.py:118} INFO - Done. Returned value was: true_1
[2021-02-23 14:56:46,529] {skipmixin.py:124} INFO - Following branch true_1
[2021-02-23 14:56:46,672] {skipmixin.py:155} INFO - Skipping tasks ['false_1']
[2021-02-23 14:56:47,728] {taskinstance.py:1166} INFO - Marking task as SUCCESS. dag_id=example_nested_branch_dag, task_id=branch_1, execution_date=20210221T000000, start_date=20210223T145634, end_date=20210223T145647
[2021-02-23 14:56:48,863] {taskinstance.py:1220} INFO - 1 downstream tasks scheduled from follow-on schedule check
[2021-02-23 14:56:49,916] {local_task_job.py:146} INFO - Task exited with return code 0
