[2021-02-23 14:59:02,302] {taskinstance.py:851} INFO - Dependencies all met for <TaskInstance: latest_only.latest_only 2021-02-23T08:00:00+00:00 [queued]>
[2021-02-23 14:59:02,404] {taskinstance.py:851} INFO - Dependencies all met for <TaskInstance: latest_only.latest_only 2021-02-23T08:00:00+00:00 [queued]>
[2021-02-23 14:59:02,410] {taskinstance.py:1042} INFO - 
--------------------------------------------------------------------------------
[2021-02-23 14:59:02,411] {taskinstance.py:1043} INFO - Starting attempt 1 of 1
[2021-02-23 14:59:02,413] {taskinstance.py:1044} INFO - 
--------------------------------------------------------------------------------
[2021-02-23 14:59:02,471] {taskinstance.py:1063} INFO - Executing <Task(LatestOnlyOperator): latest_only> on 2021-02-23T08:00:00+00:00
[2021-02-23 14:59:02,661] {standard_task_runner.py:76} INFO - Running: ['airflow', 'tasks', 'run', 'latest_only', 'latest_only', '2021-02-23T08:00:00+00:00', '--job-id', '101', '--pool', 'default_pool', '--raw', '--subdir', '/home/airflow/.local/lib/python3.6/site-packages/airflow/example_dags/example_latest_only.py', '--cfg-path', '/tmp/tmpfvfx74lk', '--error-file', '/tmp/tmpx9n7v6sm']
[2021-02-23 14:59:02,685] {standard_task_runner.py:77} INFO - Job 101: Subtask latest_only
[2021-02-23 14:59:02,613] {standard_task_runner.py:52} INFO - Started process 271 to run task
[2021-02-23 14:59:04,071] {logging_mixin.py:104} INFO - Running <TaskInstance: latest_only.latest_only 2021-02-23T08:00:00+00:00 [running]> on host 0513e3a4eab6
[2021-02-23 14:59:05,105] {taskinstance.py:1257} INFO - Exporting the following env vars:
AIRFLOW_CTX_DAG_OWNER=airflow
AIRFLOW_CTX_DAG_ID=latest_only
AIRFLOW_CTX_TASK_ID=latest_only
AIRFLOW_CTX_EXECUTION_DATE=2021-02-23T08:00:00+00:00
AIRFLOW_CTX_DAG_RUN_ID=scheduled__2021-02-23T08:00:00+00:00
[2021-02-23 14:59:05,128] {latest_only.py:57} INFO - Checking latest only with left_window: 2021-02-23T12:00:00+00:00 right_window: 2021-02-23T16:00:00+00:00 now: 2021-02-23T14:59:05.114814+00:00
[2021-02-23 14:59:05,139] {latest_only.py:66} INFO - Latest, allowing execution to proceed.
[2021-02-23 14:59:05,143] {skipmixin.py:124} INFO - Following branch ['task1']
[2021-02-23 14:59:05,243] {skipmixin.py:155} INFO - Skipping tasks []
[2021-02-23 14:59:06,499] {taskinstance.py:1166} INFO - Marking task as SUCCESS. dag_id=latest_only, task_id=latest_only, execution_date=20210223T080000, start_date=20210223T145902, end_date=20210223T145906
[2021-02-23 14:59:06,974] {taskinstance.py:1220} INFO - 1 downstream tasks scheduled from follow-on schedule check
[2021-02-23 14:59:07,401] {local_task_job.py:146} INFO - Task exited with return code 0
