[2021-02-23 15:38:50,790] {taskinstance.py:851} INFO - Dependencies all met for <TaskInstance: example_branch_dop_operator_v3.condition 2021-02-21T06:38:00+00:00 [queued]>
[2021-02-23 15:38:50,926] {taskinstance.py:851} INFO - Dependencies all met for <TaskInstance: example_branch_dop_operator_v3.condition 2021-02-21T06:38:00+00:00 [queued]>
[2021-02-23 15:38:50,934] {taskinstance.py:1042} INFO - 
--------------------------------------------------------------------------------
[2021-02-23 15:38:50,935] {taskinstance.py:1043} INFO - Starting attempt 1 of 1
[2021-02-23 15:38:50,937] {taskinstance.py:1044} INFO - 
--------------------------------------------------------------------------------
[2021-02-23 15:38:50,999] {taskinstance.py:1063} INFO - Executing <Task(BranchPythonOperator): condition> on 2021-02-21T06:38:00+00:00
[2021-02-23 15:38:51,054] {standard_task_runner.py:76} INFO - Running: ['airflow', 'tasks', 'run', 'example_branch_dop_operator_v3', 'condition', '2021-02-21T06:38:00+00:00', '--job-id', '2457', '--pool', 'default_pool', '--raw', '--subdir', '/home/airflow/.local/lib/python3.6/site-packages/airflow/example_dags/example_branch_python_dop_operator_3.py', '--cfg-path', '/tmp/tmpso9tib0f', '--error-file', '/tmp/tmppnw22bo6']
[2021-02-23 15:38:51,031] {standard_task_runner.py:52} INFO - Started process 4979 to run task
[2021-02-23 15:38:51,099] {standard_task_runner.py:77} INFO - Job 2457: Subtask condition
[2021-02-23 15:38:51,309] {logging_mixin.py:104} INFO - Running <TaskInstance: example_branch_dop_operator_v3.condition 2021-02-21T06:38:00+00:00 [running]> on host 0513e3a4eab6
[2021-02-23 15:38:51,651] {taskinstance.py:1257} INFO - Exporting the following env vars:
AIRFLOW_CTX_DAG_OWNER=airflow
AIRFLOW_CTX_DAG_ID=example_branch_dop_operator_v3
AIRFLOW_CTX_TASK_ID=condition
AIRFLOW_CTX_EXECUTION_DATE=2021-02-21T06:38:00+00:00
AIRFLOW_CTX_DAG_RUN_ID=scheduled__2021-02-21T06:38:00+00:00
[2021-02-23 15:38:51,655] {logging_mixin.py:104} INFO - ------------- exec dttm = 2021-02-21T06:38:00+00:00 and minute = 38
[2021-02-23 15:38:51,660] {python.py:118} INFO - Done. Returned value was: dummy_task_1
[2021-02-23 15:38:51,666] {skipmixin.py:124} INFO - Following branch dummy_task_1
[2021-02-23 15:38:51,705] {skipmixin.py:155} INFO - Skipping tasks ['dummy_task_2']
[2021-02-23 15:38:52,013] {taskinstance.py:1166} INFO - Marking task as SUCCESS. dag_id=example_branch_dop_operator_v3, task_id=condition, execution_date=20210221T063800, start_date=20210223T153850, end_date=20210223T153852
[2021-02-23 15:38:52,816] {taskinstance.py:1220} INFO - 0 downstream tasks scheduled from follow-on schedule check
[2021-02-23 15:38:52,869] {local_task_job.py:146} INFO - Task exited with return code 0
