[2021-02-23 14:58:04,026] {taskinstance.py:851} INFO - Dependencies all met for <TaskInstance: latest_only.latest_only 2021-02-21T20:00:00+00:00 [queued]>
[2021-02-23 14:58:04,452] {taskinstance.py:851} INFO - Dependencies all met for <TaskInstance: latest_only.latest_only 2021-02-21T20:00:00+00:00 [queued]>
[2021-02-23 14:58:04,462] {taskinstance.py:1042} INFO - 
--------------------------------------------------------------------------------
[2021-02-23 14:58:04,468] {taskinstance.py:1043} INFO - Starting attempt 1 of 1
[2021-02-23 14:58:04,475] {taskinstance.py:1044} INFO - 
--------------------------------------------------------------------------------
[2021-02-23 14:58:04,637] {taskinstance.py:1063} INFO - Executing <Task(LatestOnlyOperator): latest_only> on 2021-02-21T20:00:00+00:00
[2021-02-23 14:58:04,967] {standard_task_runner.py:76} INFO - Running: ['airflow', 'tasks', 'run', 'latest_only', 'latest_only', '2021-02-21T20:00:00+00:00', '--job-id', '57', '--pool', 'default_pool', '--raw', '--subdir', '/home/airflow/.local/lib/python3.6/site-packages/airflow/example_dags/example_latest_only.py', '--cfg-path', '/tmp/tmp1cfz11ge', '--error-file', '/tmp/tmp8fm9tl4q']
[2021-02-23 14:58:05,111] {standard_task_runner.py:77} INFO - Job 57: Subtask latest_only
[2021-02-23 14:58:04,760] {standard_task_runner.py:52} INFO - Started process 175 to run task
[2021-02-23 14:58:05,882] {logging_mixin.py:104} INFO - Running <TaskInstance: latest_only.latest_only 2021-02-21T20:00:00+00:00 [running]> on host 0513e3a4eab6
[2021-02-23 14:58:10,518] {taskinstance.py:1257} INFO - Exporting the following env vars:
AIRFLOW_CTX_DAG_OWNER=airflow
AIRFLOW_CTX_DAG_ID=latest_only
AIRFLOW_CTX_TASK_ID=latest_only
AIRFLOW_CTX_EXECUTION_DATE=2021-02-21T20:00:00+00:00
AIRFLOW_CTX_DAG_RUN_ID=scheduled__2021-02-21T20:00:00+00:00
[2021-02-23 14:58:10,540] {latest_only.py:57} INFO - Checking latest only with left_window: 2021-02-22T00:00:00+00:00 right_window: 2021-02-22T04:00:00+00:00 now: 2021-02-23T14:58:10.540043+00:00
[2021-02-23 14:58:10,612] {latest_only.py:61} INFO - Not latest execution, skipping downstream.
[2021-02-23 14:58:10,619] {skipmixin.py:124} INFO - Following branch []
[2021-02-23 14:58:10,806] {skipmixin.py:155} INFO - Skipping tasks ['task1']
[2021-02-23 14:58:13,520] {taskinstance.py:1166} INFO - Marking task as SUCCESS. dag_id=latest_only, task_id=latest_only, execution_date=20210221T200000, start_date=20210223T145804, end_date=20210223T145813
[2021-02-23 14:58:17,327] {local_task_job.py:188} WARNING - State of this instance has been externally set to success. Terminating instance.
[2021-02-23 14:58:17,543] {process_utils.py:100} INFO - Sending Signals.SIGTERM to GPID 175
[2021-02-23 14:58:17,557] {taskinstance.py:1239} ERROR - Received SIGTERM. Terminating subprocesses.
[2021-02-23 14:58:17,789] {process_utils.py:66} INFO - Process psutil.Process(pid=175, status='terminated', exitcode=1, started='14:58:03') (175) terminated with exit code 1
