[2021-02-23 14:56:33,529] {taskinstance.py:851} INFO - Dependencies all met for <TaskInstance: example_bash_operator.runme_1 2021-02-21T00:00:00+00:00 [queued]>
[2021-02-23 14:56:35,038] {taskinstance.py:851} INFO - Dependencies all met for <TaskInstance: example_bash_operator.runme_1 2021-02-21T00:00:00+00:00 [queued]>
[2021-02-23 14:56:35,057] {taskinstance.py:1042} INFO - 
--------------------------------------------------------------------------------
[2021-02-23 14:56:35,061] {taskinstance.py:1043} INFO - Starting attempt 1 of 1
[2021-02-23 14:56:35,064] {taskinstance.py:1044} INFO - 
--------------------------------------------------------------------------------
[2021-02-23 14:56:36,179] {taskinstance.py:1063} INFO - Executing <Task(BashOperator): runme_1> on 2021-02-21T00:00:00+00:00
[2021-02-23 14:56:36,393] {standard_task_runner.py:52} INFO - Started process 68 to run task
[2021-02-23 14:56:36,935] {standard_task_runner.py:76} INFO - Running: ['airflow', 'tasks', 'run', 'example_bash_operator', 'runme_1', '2021-02-21T00:00:00+00:00', '--job-id', '12', '--pool', 'default_pool', '--raw', '--subdir', '/home/airflow/.local/lib/python3.6/site-packages/airflow/example_dags/example_bash_operator.py', '--cfg-path', '/tmp/tmp9wifli4k', '--error-file', '/tmp/tmp57bk1pm8']
[2021-02-23 14:56:37,042] {standard_task_runner.py:77} INFO - Job 12: Subtask runme_1
[2021-02-23 14:56:44,642] {logging_mixin.py:104} INFO - Running <TaskInstance: example_bash_operator.runme_1 2021-02-21T00:00:00+00:00 [running]> on host 0513e3a4eab6
[2021-02-23 14:56:45,615] {taskinstance.py:1257} INFO - Exporting the following env vars:
AIRFLOW_CTX_DAG_OWNER=airflow
AIRFLOW_CTX_DAG_ID=example_bash_operator
AIRFLOW_CTX_TASK_ID=runme_1
AIRFLOW_CTX_EXECUTION_DATE=2021-02-21T00:00:00+00:00
AIRFLOW_CTX_DAG_RUN_ID=scheduled__2021-02-21T00:00:00+00:00
[2021-02-23 14:56:45,661] {bash.py:135} INFO - Tmp dir root location: 
 /tmp
[2021-02-23 14:56:45,782] {bash.py:158} INFO - Running command: echo "example_bash_operator__runme_1__20210221" && sleep 1
[2021-02-23 14:56:46,088] {bash.py:169} INFO - Output:
[2021-02-23 14:56:46,147] {bash.py:173} INFO - example_bash_operator__runme_1__20210221
[2021-02-23 14:56:47,216] {bash.py:177} INFO - Command exited with return code 0
[2021-02-23 14:56:47,868] {taskinstance.py:1166} INFO - Marking task as SUCCESS. dag_id=example_bash_operator, task_id=runme_1, execution_date=20210221T000000, start_date=20210223T145633, end_date=20210223T145647
[2021-02-23 14:56:48,422] {taskinstance.py:1220} INFO - 0 downstream tasks scheduled from follow-on schedule check
[2021-02-23 14:56:48,908] {local_task_job.py:146} INFO - Task exited with return code 0
