[2021-02-23 15:07:29,555] {taskinstance.py:851} INFO - Dependencies all met for <TaskInstance: example_branch_dop_operator_v3.condition 2021-02-21T01:09:00+00:00 [queued]>
[2021-02-23 15:07:29,700] {taskinstance.py:851} INFO - Dependencies all met for <TaskInstance: example_branch_dop_operator_v3.condition 2021-02-21T01:09:00+00:00 [queued]>
[2021-02-23 15:07:29,703] {taskinstance.py:1042} INFO - 
--------------------------------------------------------------------------------
[2021-02-23 15:07:29,705] {taskinstance.py:1043} INFO - Starting attempt 1 of 1
[2021-02-23 15:07:29,709] {taskinstance.py:1044} INFO - 
--------------------------------------------------------------------------------
[2021-02-23 15:07:29,806] {taskinstance.py:1063} INFO - Executing <Task(BranchPythonOperator): condition> on 2021-02-21T01:09:00+00:00
[2021-02-23 15:07:29,887] {standard_task_runner.py:76} INFO - Running: ['airflow', 'tasks', 'run', 'example_branch_dop_operator_v3', 'condition', '2021-02-21T01:09:00+00:00', '--job-id', '546', '--pool', 'default_pool', '--raw', '--subdir', '/home/airflow/.local/lib/python3.6/site-packages/airflow/example_dags/example_branch_python_dop_operator_3.py', '--cfg-path', '/tmp/tmp5ysuazjp', '--error-file', '/tmp/tmpgsj8j5fv']
[2021-02-23 15:07:29,911] {standard_task_runner.py:77} INFO - Job 546: Subtask condition
[2021-02-23 15:07:29,829] {standard_task_runner.py:52} INFO - Started process 1157 to run task
[2021-02-23 15:07:30,663] {logging_mixin.py:104} INFO - Running <TaskInstance: example_branch_dop_operator_v3.condition 2021-02-21T01:09:00+00:00 [running]> on host 0513e3a4eab6
[2021-02-23 15:07:31,065] {taskinstance.py:1257} INFO - Exporting the following env vars:
AIRFLOW_CTX_DAG_OWNER=airflow
AIRFLOW_CTX_DAG_ID=example_branch_dop_operator_v3
AIRFLOW_CTX_TASK_ID=condition
AIRFLOW_CTX_EXECUTION_DATE=2021-02-21T01:09:00+00:00
AIRFLOW_CTX_DAG_RUN_ID=scheduled__2021-02-21T01:09:00+00:00
[2021-02-23 15:07:31,092] {logging_mixin.py:104} INFO - ------------- exec dttm = 2021-02-21T01:09:00+00:00 and minute = 9
[2021-02-23 15:07:31,113] {python.py:118} INFO - Done. Returned value was: dummy_task_2
[2021-02-23 15:07:31,115] {skipmixin.py:124} INFO - Following branch dummy_task_2
[2021-02-23 15:07:31,205] {skipmixin.py:155} INFO - Skipping tasks ['dummy_task_1']
[2021-02-23 15:07:31,589] {taskinstance.py:1166} INFO - Marking task as SUCCESS. dag_id=example_branch_dop_operator_v3, task_id=condition, execution_date=20210221T010900, start_date=20210223T150729, end_date=20210223T150731
[2021-02-23 15:07:31,986] {taskinstance.py:1220} INFO - 0 downstream tasks scheduled from follow-on schedule check
[2021-02-23 15:07:32,092] {local_task_job.py:146} INFO - Task exited with return code 0
