[2021-02-23 15:09:52,429] {taskinstance.py:851} INFO - Dependencies all met for <TaskInstance: example_branch_dop_operator_v3.condition 2021-02-21T01:33:00+00:00 [queued]>
[2021-02-23 15:09:52,505] {taskinstance.py:851} INFO - Dependencies all met for <TaskInstance: example_branch_dop_operator_v3.condition 2021-02-21T01:33:00+00:00 [queued]>
[2021-02-23 15:09:52,507] {taskinstance.py:1042} INFO - 
--------------------------------------------------------------------------------
[2021-02-23 15:09:52,517] {taskinstance.py:1043} INFO - Starting attempt 1 of 1
[2021-02-23 15:09:52,521] {taskinstance.py:1044} INFO - 
--------------------------------------------------------------------------------
[2021-02-23 15:09:52,565] {taskinstance.py:1063} INFO - Executing <Task(BranchPythonOperator): condition> on 2021-02-21T01:33:00+00:00
[2021-02-23 15:09:52,578] {standard_task_runner.py:52} INFO - Started process 1441 to run task
[2021-02-23 15:09:52,618] {standard_task_runner.py:76} INFO - Running: ['airflow', 'tasks', 'run', 'example_branch_dop_operator_v3', 'condition', '2021-02-21T01:33:00+00:00', '--job-id', '687', '--pool', 'default_pool', '--raw', '--subdir', '/home/airflow/.local/lib/python3.6/site-packages/airflow/example_dags/example_branch_python_dop_operator_3.py', '--cfg-path', '/tmp/tmp502fbqqv', '--error-file', '/tmp/tmpxbzba0c9']
[2021-02-23 15:09:52,622] {standard_task_runner.py:77} INFO - Job 687: Subtask condition
[2021-02-23 15:09:52,869] {logging_mixin.py:104} INFO - Running <TaskInstance: example_branch_dop_operator_v3.condition 2021-02-21T01:33:00+00:00 [running]> on host 0513e3a4eab6
[2021-02-23 15:09:53,214] {taskinstance.py:1257} INFO - Exporting the following env vars:
AIRFLOW_CTX_DAG_OWNER=airflow
AIRFLOW_CTX_DAG_ID=example_branch_dop_operator_v3
AIRFLOW_CTX_TASK_ID=condition
AIRFLOW_CTX_EXECUTION_DATE=2021-02-21T01:33:00+00:00
AIRFLOW_CTX_DAG_RUN_ID=scheduled__2021-02-21T01:33:00+00:00
[2021-02-23 15:09:53,227] {logging_mixin.py:104} INFO - ------------- exec dttm = 2021-02-21T01:33:00+00:00 and minute = 33
[2021-02-23 15:09:53,239] {python.py:118} INFO - Done. Returned value was: dummy_task_2
[2021-02-23 15:09:53,250] {skipmixin.py:124} INFO - Following branch dummy_task_2
[2021-02-23 15:09:53,313] {skipmixin.py:155} INFO - Skipping tasks ['dummy_task_1']
[2021-02-23 15:09:53,711] {taskinstance.py:1166} INFO - Marking task as SUCCESS. dag_id=example_branch_dop_operator_v3, task_id=condition, execution_date=20210221T013300, start_date=20210223T150952, end_date=20210223T150953
[2021-02-23 15:09:54,139] {taskinstance.py:1220} INFO - 1 downstream tasks scheduled from follow-on schedule check
[2021-02-23 15:09:54,235] {local_task_job.py:146} INFO - Task exited with return code 0
