[2021-02-23 15:10:21,395] {taskinstance.py:851} INFO - Dependencies all met for <TaskInstance: example_branch_dop_operator_v3.condition 2021-02-21T01:37:00+00:00 [queued]>
[2021-02-23 15:10:21,493] {taskinstance.py:851} INFO - Dependencies all met for <TaskInstance: example_branch_dop_operator_v3.condition 2021-02-21T01:37:00+00:00 [queued]>
[2021-02-23 15:10:21,497] {taskinstance.py:1042} INFO - 
--------------------------------------------------------------------------------
[2021-02-23 15:10:21,514] {taskinstance.py:1043} INFO - Starting attempt 1 of 1
[2021-02-23 15:10:21,562] {taskinstance.py:1044} INFO - 
--------------------------------------------------------------------------------
[2021-02-23 15:10:21,671] {taskinstance.py:1063} INFO - Executing <Task(BranchPythonOperator): condition> on 2021-02-21T01:37:00+00:00
[2021-02-23 15:10:21,699] {standard_task_runner.py:52} INFO - Started process 1492 to run task
[2021-02-23 15:10:21,765] {standard_task_runner.py:76} INFO - Running: ['airflow', 'tasks', 'run', 'example_branch_dop_operator_v3', 'condition', '2021-02-21T01:37:00+00:00', '--job-id', '714', '--pool', 'default_pool', '--raw', '--subdir', '/home/airflow/.local/lib/python3.6/site-packages/airflow/example_dags/example_branch_python_dop_operator_3.py', '--cfg-path', '/tmp/tmpx2rmjpkq', '--error-file', '/tmp/tmpqvqqgbni']
[2021-02-23 15:10:21,773] {standard_task_runner.py:77} INFO - Job 714: Subtask condition
[2021-02-23 15:10:22,315] {logging_mixin.py:104} INFO - Running <TaskInstance: example_branch_dop_operator_v3.condition 2021-02-21T01:37:00+00:00 [running]> on host 0513e3a4eab6
[2021-02-23 15:10:22,678] {taskinstance.py:1257} INFO - Exporting the following env vars:
AIRFLOW_CTX_DAG_OWNER=airflow
AIRFLOW_CTX_DAG_ID=example_branch_dop_operator_v3
AIRFLOW_CTX_TASK_ID=condition
AIRFLOW_CTX_EXECUTION_DATE=2021-02-21T01:37:00+00:00
AIRFLOW_CTX_DAG_RUN_ID=scheduled__2021-02-21T01:37:00+00:00
[2021-02-23 15:10:22,698] {logging_mixin.py:104} INFO - ------------- exec dttm = 2021-02-21T01:37:00+00:00 and minute = 37
[2021-02-23 15:10:22,745] {python.py:118} INFO - Done. Returned value was: dummy_task_2
[2021-02-23 15:10:22,764] {skipmixin.py:124} INFO - Following branch dummy_task_2
[2021-02-23 15:10:22,843] {skipmixin.py:155} INFO - Skipping tasks ['dummy_task_1']
[2021-02-23 15:10:23,117] {taskinstance.py:1166} INFO - Marking task as SUCCESS. dag_id=example_branch_dop_operator_v3, task_id=condition, execution_date=20210221T013700, start_date=20210223T151021, end_date=20210223T151023
[2021-02-23 15:10:23,783] {taskinstance.py:1220} INFO - 0 downstream tasks scheduled from follow-on schedule check
[2021-02-23 15:10:23,868] {local_task_job.py:146} INFO - Task exited with return code 0
