[2021-02-23 15:03:05,176] {taskinstance.py:851} INFO - Dependencies all met for <TaskInstance: example_branch_dop_operator_v3.condition 2021-02-21T00:28:00+00:00 [queued]>
[2021-02-23 15:03:05,552] {taskinstance.py:851} INFO - Dependencies all met for <TaskInstance: example_branch_dop_operator_v3.condition 2021-02-21T00:28:00+00:00 [queued]>
[2021-02-23 15:03:05,560] {taskinstance.py:1042} INFO - 
--------------------------------------------------------------------------------
[2021-02-23 15:03:05,563] {taskinstance.py:1043} INFO - Starting attempt 1 of 1
[2021-02-23 15:03:05,571] {taskinstance.py:1044} INFO - 
--------------------------------------------------------------------------------
[2021-02-23 15:03:05,663] {taskinstance.py:1063} INFO - Executing <Task(BranchPythonOperator): condition> on 2021-02-21T00:28:00+00:00
[2021-02-23 15:03:05,702] {standard_task_runner.py:52} INFO - Started process 656 to run task
[2021-02-23 15:03:05,753] {standard_task_runner.py:76} INFO - Running: ['airflow', 'tasks', 'run', 'example_branch_dop_operator_v3', 'condition', '2021-02-21T00:28:00+00:00', '--job-id', '296', '--pool', 'default_pool', '--raw', '--subdir', '/home/airflow/.local/lib/python3.6/site-packages/airflow/example_dags/example_branch_python_dop_operator_3.py', '--cfg-path', '/tmp/tmplsnc5pz0', '--error-file', '/tmp/tmpfr3wipy_']
[2021-02-23 15:03:05,761] {standard_task_runner.py:77} INFO - Job 296: Subtask condition
[2021-02-23 15:03:06,123] {logging_mixin.py:104} INFO - Running <TaskInstance: example_branch_dop_operator_v3.condition 2021-02-21T00:28:00+00:00 [running]> on host 0513e3a4eab6
[2021-02-23 15:03:06,453] {taskinstance.py:1257} INFO - Exporting the following env vars:
AIRFLOW_CTX_DAG_OWNER=airflow
AIRFLOW_CTX_DAG_ID=example_branch_dop_operator_v3
AIRFLOW_CTX_TASK_ID=condition
AIRFLOW_CTX_EXECUTION_DATE=2021-02-21T00:28:00+00:00
AIRFLOW_CTX_DAG_RUN_ID=scheduled__2021-02-21T00:28:00+00:00
[2021-02-23 15:03:06,458] {logging_mixin.py:104} INFO - ------------- exec dttm = 2021-02-21T00:28:00+00:00 and minute = 28
[2021-02-23 15:03:06,459] {python.py:118} INFO - Done. Returned value was: dummy_task_1
[2021-02-23 15:03:06,462] {skipmixin.py:124} INFO - Following branch dummy_task_1
[2021-02-23 15:03:06,495] {skipmixin.py:155} INFO - Skipping tasks ['dummy_task_2']
[2021-02-23 15:03:06,928] {taskinstance.py:1166} INFO - Marking task as SUCCESS. dag_id=example_branch_dop_operator_v3, task_id=condition, execution_date=20210221T002800, start_date=20210223T150305, end_date=20210223T150306
[2021-02-23 15:03:07,255] {taskinstance.py:1220} INFO - 1 downstream tasks scheduled from follow-on schedule check
[2021-02-23 15:03:07,383] {local_task_job.py:146} INFO - Task exited with return code 0
