[2021-02-23 14:58:05,258] {taskinstance.py:851} INFO - Dependencies all met for <TaskInstance: tutorial.sleep 2015-06-01T00:00:00+00:00 [queued]>
[2021-02-23 14:58:05,627] {taskinstance.py:851} INFO - Dependencies all met for <TaskInstance: tutorial.sleep 2015-06-01T00:00:00+00:00 [queued]>
[2021-02-23 14:58:05,679] {taskinstance.py:1042} INFO - 
--------------------------------------------------------------------------------
[2021-02-23 14:58:05,683] {taskinstance.py:1043} INFO - Starting attempt 1 of 4
[2021-02-23 14:58:05,686] {taskinstance.py:1044} INFO - 
--------------------------------------------------------------------------------
[2021-02-23 14:58:06,394] {taskinstance.py:1063} INFO - Executing <Task(BashOperator): sleep> on 2015-06-01T00:00:00+00:00
[2021-02-23 14:58:07,126] {standard_task_runner.py:52} INFO - Started process 181 to run task
[2021-02-23 14:58:07,771] {standard_task_runner.py:76} INFO - Running: ['airflow', 'tasks', 'run', 'tutorial', 'sleep', '2015-06-01T00:00:00+00:00', '--job-id', '61', '--pool', 'default_pool', '--raw', '--subdir', '/home/airflow/.local/lib/python3.6/site-packages/airflow/example_dags/tutorial.py', '--cfg-path', '/tmp/tmp_kyjmpk4', '--error-file', '/tmp/tmp_8wd3_7z']
[2021-02-23 14:58:07,840] {standard_task_runner.py:77} INFO - Job 61: Subtask sleep
[2021-02-23 14:58:11,676] {logging_mixin.py:104} INFO - Running <TaskInstance: tutorial.sleep 2015-06-01T00:00:00+00:00 [running]> on host 0513e3a4eab6
[2021-02-23 14:58:14,539] {taskinstance.py:1257} INFO - Exporting the following env vars:
AIRFLOW_CTX_DAG_EMAIL=airflow@example.com
AIRFLOW_CTX_DAG_OWNER=airflow
AIRFLOW_CTX_DAG_ID=tutorial
AIRFLOW_CTX_TASK_ID=sleep
AIRFLOW_CTX_EXECUTION_DATE=2015-06-01T00:00:00+00:00
AIRFLOW_CTX_DAG_RUN_ID=scheduled__2015-06-01T00:00:00+00:00
[2021-02-23 14:58:14,554] {bash.py:135} INFO - Tmp dir root location: 
 /tmp
[2021-02-23 14:58:14,560] {bash.py:158} INFO - Running command: sleep 5
[2021-02-23 14:58:14,890] {bash.py:169} INFO - Output:
[2021-02-23 14:58:19,972] {bash.py:177} INFO - Command exited with return code 0
[2021-02-23 14:58:20,945] {taskinstance.py:1166} INFO - Marking task as SUCCESS. dag_id=tutorial, task_id=sleep, execution_date=20150601T000000, start_date=20210223T145805, end_date=20210223T145820
[2021-02-23 14:58:21,352] {taskinstance.py:1220} INFO - 0 downstream tasks scheduled from follow-on schedule check
[2021-02-23 14:58:21,521] {local_task_job.py:146} INFO - Task exited with return code 0
