[2021-02-23 14:58:03,474] {taskinstance.py:851} INFO - Dependencies all met for <TaskInstance: tutorial.templated 2021-02-22T00:00:00+00:00 [queued]>
[2021-02-23 14:58:03,916] {taskinstance.py:851} INFO - Dependencies all met for <TaskInstance: tutorial.templated 2021-02-22T00:00:00+00:00 [queued]>
[2021-02-23 14:58:03,924] {taskinstance.py:1042} INFO - 
--------------------------------------------------------------------------------
[2021-02-23 14:58:03,925] {taskinstance.py:1043} INFO - Starting attempt 1 of 2
[2021-02-23 14:58:03,943] {taskinstance.py:1044} INFO - 
--------------------------------------------------------------------------------
[2021-02-23 14:58:04,074] {taskinstance.py:1063} INFO - Executing <Task(BashOperator): templated> on 2021-02-22T00:00:00+00:00
[2021-02-23 14:58:04,105] {standard_task_runner.py:52} INFO - Started process 172 to run task
[2021-02-23 14:58:04,191] {standard_task_runner.py:76} INFO - Running: ['airflow', 'tasks', 'run', 'tutorial', 'templated', '2021-02-22T00:00:00+00:00', '--job-id', '54', '--pool', 'default_pool', '--raw', '--subdir', '/home/airflow/.local/lib/python3.6/site-packages/airflow/example_dags/tutorial.py', '--cfg-path', '/tmp/tmpexsjb4w4', '--error-file', '/tmp/tmp12n_q1e_']
[2021-02-23 14:58:04,212] {standard_task_runner.py:77} INFO - Job 54: Subtask templated
[2021-02-23 14:58:04,772] {logging_mixin.py:104} INFO - Running <TaskInstance: tutorial.templated 2021-02-22T00:00:00+00:00 [running]> on host 0513e3a4eab6
[2021-02-23 14:58:10,340] {taskinstance.py:1257} INFO - Exporting the following env vars:
AIRFLOW_CTX_DAG_EMAIL=airflow@example.com
AIRFLOW_CTX_DAG_OWNER=airflow
AIRFLOW_CTX_DAG_ID=tutorial
AIRFLOW_CTX_TASK_ID=templated
AIRFLOW_CTX_EXECUTION_DATE=2021-02-22T00:00:00+00:00
AIRFLOW_CTX_DAG_RUN_ID=scheduled__2021-02-22T00:00:00+00:00
[2021-02-23 14:58:10,447] {bash.py:135} INFO - Tmp dir root location: 
 /tmp
[2021-02-23 14:58:10,473] {bash.py:158} INFO - Running command: 

    echo "2021-02-22"
    echo "2021-03-01"
    echo "Parameter I passed in"

    echo "2021-02-22"
    echo "2021-03-01"
    echo "Parameter I passed in"

    echo "2021-02-22"
    echo "2021-03-01"
    echo "Parameter I passed in"

    echo "2021-02-22"
    echo "2021-03-01"
    echo "Parameter I passed in"

    echo "2021-02-22"
    echo "2021-03-01"
    echo "Parameter I passed in"

[2021-02-23 14:58:10,673] {bash.py:169} INFO - Output:
[2021-02-23 14:58:10,710] {bash.py:173} INFO - 2021-02-22
[2021-02-23 14:58:10,718] {bash.py:173} INFO - 2021-03-01
[2021-02-23 14:58:10,730] {bash.py:173} INFO - Parameter I passed in
[2021-02-23 14:58:10,735] {bash.py:173} INFO - 2021-02-22
[2021-02-23 14:58:10,737] {bash.py:173} INFO - 2021-03-01
[2021-02-23 14:58:10,744] {bash.py:173} INFO - Parameter I passed in
[2021-02-23 14:58:10,746] {bash.py:173} INFO - 2021-02-22
[2021-02-23 14:58:10,766] {bash.py:173} INFO - 2021-03-01
[2021-02-23 14:58:10,768] {bash.py:173} INFO - Parameter I passed in
[2021-02-23 14:58:10,811] {bash.py:173} INFO - 2021-02-22
[2021-02-23 14:58:10,814] {bash.py:173} INFO - 2021-03-01
[2021-02-23 14:58:10,818] {bash.py:173} INFO - Parameter I passed in
[2021-02-23 14:58:10,906] {bash.py:173} INFO - 2021-02-22
[2021-02-23 14:58:10,928] {bash.py:173} INFO - 2021-03-01
[2021-02-23 14:58:10,930] {bash.py:173} INFO - Parameter I passed in
[2021-02-23 14:58:10,932] {bash.py:177} INFO - Command exited with return code 0
[2021-02-23 14:58:13,208] {taskinstance.py:1166} INFO - Marking task as SUCCESS. dag_id=tutorial, task_id=templated, execution_date=20210222T000000, start_date=20210223T145803, end_date=20210223T145813
[2021-02-23 14:58:13,976] {taskinstance.py:1220} INFO - 0 downstream tasks scheduled from follow-on schedule check
[2021-02-23 14:58:14,274] {local_task_job.py:146} INFO - Task exited with return code 0
