[2021-02-23 15:55:34,597] {taskinstance.py:851} INFO - Dependencies all met for <TaskInstance: example_branch_dop_operator_v3.condition 2021-02-21T09:37:00+00:00 [queued]>
[2021-02-23 15:55:34,750] {taskinstance.py:851} INFO - Dependencies all met for <TaskInstance: example_branch_dop_operator_v3.condition 2021-02-21T09:37:00+00:00 [queued]>
[2021-02-23 15:55:34,751] {taskinstance.py:1042} INFO - 
--------------------------------------------------------------------------------
[2021-02-23 15:55:34,754] {taskinstance.py:1043} INFO - Starting attempt 1 of 1
[2021-02-23 15:55:34,755] {taskinstance.py:1044} INFO - 
--------------------------------------------------------------------------------
[2021-02-23 15:55:34,810] {taskinstance.py:1063} INFO - Executing <Task(BranchPythonOperator): condition> on 2021-02-21T09:37:00+00:00
[2021-02-23 15:55:34,894] {standard_task_runner.py:76} INFO - Running: ['airflow', 'tasks', 'run', 'example_branch_dop_operator_v3', 'condition', '2021-02-21T09:37:00+00:00', '--job-id', '3482', '--pool', 'default_pool', '--raw', '--subdir', '/home/airflow/.local/lib/python3.6/site-packages/airflow/example_dags/example_branch_python_dop_operator_3.py', '--cfg-path', '/tmp/tmpbuytbjom', '--error-file', '/tmp/tmpv7k7q37a']
[2021-02-23 15:55:34,907] {standard_task_runner.py:77} INFO - Job 3482: Subtask condition
[2021-02-23 15:55:34,854] {standard_task_runner.py:52} INFO - Started process 7029 to run task
[2021-02-23 15:55:35,317] {logging_mixin.py:104} INFO - Running <TaskInstance: example_branch_dop_operator_v3.condition 2021-02-21T09:37:00+00:00 [running]> on host 0513e3a4eab6
[2021-02-23 15:55:35,541] {taskinstance.py:1257} INFO - Exporting the following env vars:
AIRFLOW_CTX_DAG_OWNER=airflow
AIRFLOW_CTX_DAG_ID=example_branch_dop_operator_v3
AIRFLOW_CTX_TASK_ID=condition
AIRFLOW_CTX_EXECUTION_DATE=2021-02-21T09:37:00+00:00
AIRFLOW_CTX_DAG_RUN_ID=scheduled__2021-02-21T09:37:00+00:00
[2021-02-23 15:55:35,545] {logging_mixin.py:104} INFO - ------------- exec dttm = 2021-02-21T09:37:00+00:00 and minute = 37
[2021-02-23 15:55:35,547] {python.py:118} INFO - Done. Returned value was: dummy_task_2
[2021-02-23 15:55:35,548] {skipmixin.py:124} INFO - Following branch dummy_task_2
[2021-02-23 15:55:35,587] {skipmixin.py:155} INFO - Skipping tasks ['dummy_task_1']
[2021-02-23 15:55:35,834] {taskinstance.py:1166} INFO - Marking task as SUCCESS. dag_id=example_branch_dop_operator_v3, task_id=condition, execution_date=20210221T093700, start_date=20210223T155534, end_date=20210223T155535
[2021-02-23 15:55:36,366] {taskinstance.py:1220} INFO - 1 downstream tasks scheduled from follow-on schedule check
[2021-02-23 15:55:36,450] {local_task_job.py:146} INFO - Task exited with return code 0
